{"D:\\One_Drive_AIEP\\OneDrive - Aiep\\Repo_AIEP\\cv-generator-pro\\cv-generator-backend\\src\\app.js": {"path":"D:\\One_Drive_AIEP\\OneDrive - Aiep\\Repo_AIEP\\cv-generator-pro\\cv-generator-backend\\src\\app.js","statementMap":{"0":{"start":{"line":1,"column":16},"end":{"line":1,"column":34}},"1":{"start":{"line":2,"column":13},"end":{"line":2,"column":28}},"2":{"start":{"line":3,"column":15},"end":{"line":3,"column":32}},"3":{"start":{"line":4,"column":15},"end":{"line":4,"column":32}},"4":{"start":{"line":5,"column":21},"end":{"line":5,"column":45}},"5":{"start":{"line":6,"column":17},"end":{"line":6,"column":36}},"6":{"start":{"line":8,"column":0},"end":{"line":8,"column":29}},"7":{"start":{"line":10,"column":18},"end":{"line":10,"column":47}},"8":{"start":{"line":11,"column":22},"end":{"line":11,"column":49}},"9":{"start":{"line":13,"column":19},"end":{"line":13,"column":43}},"10":{"start":{"line":14,"column":17},"end":{"line":14,"column":39}},"11":{"start":{"line":15,"column":20},"end":{"line":15,"column":45}},"12":{"start":{"line":16,"column":24},"end":{"line":16,"column":53}},"13":{"start":{"line":17,"column":27},"end":{"line":17,"column":62}},"14":{"start":{"line":19,"column":12},"end":{"line":19,"column":21}},"15":{"start":{"line":21,"column":0},"end":{"line":21,"column":75}},"16":{"start":{"line":23,"column":0},"end":{"line":28,"column":4}},"17":{"start":{"line":30,"column":0},"end":{"line":30,"column":41}},"18":{"start":{"line":31,"column":0},"end":{"line":31,"column":63}},"19":{"start":{"line":32,"column":0},"end":{"line":32,"column":24}},"20":{"start":{"line":34,"column":0},"end":{"line":38,"column":1}},"21":{"start":{"line":35,"column":2},"end":{"line":35,"column":25}},"22":{"start":{"line":37,"column":2},"end":{"line":37,"column":30}},"23":{"start":{"line":40,"column":0},"end":{"line":40,"column":31}},"24":{"start":{"line":41,"column":0},"end":{"line":41,"column":32}},"25":{"start":{"line":43,"column":0},"end":{"line":49,"column":3}},"26":{"start":{"line":44,"column":2},"end":{"line":48,"column":5}},"27":{"start":{"line":51,"column":0},"end":{"line":51,"column":33}},"28":{"start":{"line":52,"column":0},"end":{"line":52,"column":30}},"29":{"start":{"line":53,"column":0},"end":{"line":53,"column":35}},"30":{"start":{"line":54,"column":0},"end":{"line":54,"column":43}},"31":{"start":{"line":55,"column":0},"end":{"line":55,"column":70}},"32":{"start":{"line":57,"column":0},"end":{"line":62,"column":3}},"33":{"start":{"line":58,"column":2},"end":{"line":61,"column":5}},"34":{"start":{"line":64,"column":0},"end":{"line":87,"column":3}},"35":{"start":{"line":65,"column":2},"end":{"line":65,"column":31}},"36":{"start":{"line":67,"column":2},"end":{"line":70,"column":3}},"37":{"start":{"line":68,"column":21},"end":{"line":68,"column":66}},"38":{"start":{"line":68,"column":56},"end":{"line":68,"column":65}},"39":{"start":{"line":69,"column":4},"end":{"line":69,"column":102}},"40":{"start":{"line":71,"column":2},"end":{"line":74,"column":3}},"41":{"start":{"line":72,"column":18},"end":{"line":72,"column":46}},"42":{"start":{"line":73,"column":4},"end":{"line":73,"column":86}},"43":{"start":{"line":75,"column":2},"end":{"line":77,"column":3}},"44":{"start":{"line":76,"column":4},"end":{"line":76,"column":76}},"45":{"start":{"line":78,"column":2},"end":{"line":80,"column":3}},"46":{"start":{"line":79,"column":4},"end":{"line":79,"column":79}},"47":{"start":{"line":82,"column":2},"end":{"line":86,"column":5}},"48":{"start":{"line":89,"column":0},"end":{"line":89,"column":21}}},"fnMap":{"0":{"name":"(anonymous_0)","decl":{"start":{"line":43,"column":19},"end":{"line":43,"column":20}},"loc":{"start":{"line":43,"column":33},"end":{"line":49,"column":1}},"line":43},"1":{"name":"(anonymous_1)","decl":{"start":{"line":57,"column":13},"end":{"line":57,"column":14}},"loc":{"start":{"line":57,"column":27},"end":{"line":62,"column":1}},"line":57},"2":{"name":"(anonymous_2)","decl":{"start":{"line":64,"column":8},"end":{"line":64,"column":9}},"loc":{"start":{"line":64,"column":33},"end":{"line":87,"column":1}},"line":64},"3":{"name":"(anonymous_3)","decl":{"start":{"line":68,"column":51},"end":{"line":68,"column":52}},"loc":{"start":{"line":68,"column":56},"end":{"line":68,"column":65}},"line":68}},"branchMap":{"0":{"loc":{"start":{"line":24,"column":10},"end":{"line":24,"column":61}},"type":"binary-expr","locations":[{"start":{"line":24,"column":10},"end":{"line":24,"column":34}},{"start":{"line":24,"column":38},"end":{"line":24,"column":61}}],"line":24},"1":{"loc":{"start":{"line":34,"column":0},"end":{"line":38,"column":1}},"type":"if","locations":[{"start":{"line":34,"column":0},"end":{"line":38,"column":1}},{"start":{"line":36,"column":7},"end":{"line":38,"column":1}}],"line":34},"2":{"loc":{"start":{"line":67,"column":2},"end":{"line":70,"column":3}},"type":"if","locations":[{"start":{"line":67,"column":2},"end":{"line":70,"column":3}},{"start":{},"end":{}}],"line":67},"3":{"loc":{"start":{"line":71,"column":2},"end":{"line":74,"column":3}},"type":"if","locations":[{"start":{"line":71,"column":2},"end":{"line":74,"column":3}},{"start":{},"end":{}}],"line":71},"4":{"loc":{"start":{"line":75,"column":2},"end":{"line":77,"column":3}},"type":"if","locations":[{"start":{"line":75,"column":2},"end":{"line":77,"column":3}},{"start":{},"end":{}}],"line":75},"5":{"loc":{"start":{"line":78,"column":2},"end":{"line":80,"column":3}},"type":"if","locations":[{"start":{"line":78,"column":2},"end":{"line":80,"column":3}},{"start":{},"end":{}}],"line":78},"6":{"loc":{"start":{"line":82,"column":13},"end":{"line":82,"column":34}},"type":"binary-expr","locations":[{"start":{"line":82,"column":13},"end":{"line":82,"column":27}},{"start":{"line":82,"column":31},"end":{"line":82,"column":34}}],"line":82},"7":{"loc":{"start":{"line":84,"column":13},"end":{"line":84,"column":56}},"type":"binary-expr","locations":[{"start":{"line":84,"column":13},"end":{"line":84,"column":24}},{"start":{"line":84,"column":28},"end":{"line":84,"column":56}}],"line":84},"8":{"loc":{"start":{"line":85,"column":8},"end":{"line":85,"column":70}},"type":"binary-expr","locations":[{"start":{"line":85,"column":8},"end":{"line":85,"column":46}},{"start":{"line":85,"column":50},"end":{"line":85,"column":70}}],"line":85}},"s":{"0":0,"1":0,"2":0,"3":0,"4":0,"5":0,"6":0,"7":0,"8":0,"9":0,"10":0,"11":0,"12":0,"13":0,"14":0,"15":0,"16":0,"17":0,"18":0,"19":0,"20":0,"21":0,"22":0,"23":0,"24":0,"25":0,"26":0,"27":0,"28":0,"29":0,"30":0,"31":0,"32":0,"33":0,"34":0,"35":0,"36":0,"37":0,"38":0,"39":0,"40":0,"41":0,"42":0,"43":0,"44":0,"45":0,"46":0,"47":0,"48":0},"f":{"0":0,"1":0,"2":0,"3":0},"b":{"0":[0,0],"1":[0,0],"2":[0,0],"3":[0,0],"4":[0,0],"5":[0,0],"6":[0,0],"7":[0,0],"8":[0,0]}}
,"D:\\One_Drive_AIEP\\OneDrive - Aiep\\Repo_AIEP\\cv-generator-pro\\cv-generator-backend\\src\\controllers\\analyticsController.js": {"path":"D:\\One_Drive_AIEP\\OneDrive - Aiep\\Repo_AIEP\\cv-generator-pro\\cv-generator-backend\\src\\controllers\\analyticsController.js","statementMap":{"0":{"start":{"line":1,"column":18},"end":{"line":1,"column":48}},"1":{"start":{"line":2,"column":11},"end":{"line":2,"column":34}},"2":{"start":{"line":3,"column":17},"end":{"line":3,"column":36}},"3":{"start":{"line":5,"column":0},"end":{"line":49,"column":2}},"4":{"start":{"line":6,"column":2},"end":{"line":48,"column":3}},"5":{"start":{"line":7,"column":19},"end":{"line":7,"column":31}},"6":{"start":{"line":8,"column":16},"end":{"line":8,"column":77}},"7":{"start":{"line":9,"column":18},"end":{"line":9,"column":39}},"8":{"start":{"line":9,"column":32},"end":{"line":9,"column":38}},"9":{"start":{"line":10,"column":23},"end":{"line":13,"column":6}},"10":{"start":{"line":14,"column":18},"end":{"line":14,"column":92}},"11":{"start":{"line":15,"column":4},"end":{"line":19,"column":7}},"12":{"start":{"line":16,"column":6},"end":{"line":16,"column":61}},"13":{"start":{"line":16,"column":31},"end":{"line":16,"column":61}},"14":{"start":{"line":17,"column":6},"end":{"line":17,"column":69}},"15":{"start":{"line":17,"column":35},"end":{"line":17,"column":69}},"16":{"start":{"line":18,"column":6},"end":{"line":18,"column":63}},"17":{"start":{"line":18,"column":32},"end":{"line":18,"column":63}},"18":{"start":{"line":20,"column":26},"end":{"line":20,"column":36}},"19":{"start":{"line":21,"column":4},"end":{"line":21,"column":56}},"20":{"start":{"line":22,"column":27},"end":{"line":32,"column":6}},"21":{"start":{"line":33,"column":19},"end":{"line":36,"column":18}},"22":{"start":{"line":34,"column":18},"end":{"line":34,"column":123}},"23":{"start":{"line":35,"column":22},"end":{"line":35,"column":39}},"24":{"start":{"line":37,"column":4},"end":{"line":44,"column":7}},"25":{"start":{"line":41,"column":52},"end":{"line":41,"column":121}},"26":{"start":{"line":46,"column":4},"end":{"line":46,"column":49}},"27":{"start":{"line":47,"column":4},"end":{"line":47,"column":84}},"28":{"start":{"line":51,"column":0},"end":{"line":83,"column":2}},"29":{"start":{"line":52,"column":2},"end":{"line":82,"column":3}},"30":{"start":{"line":53,"column":15},"end":{"line":53,"column":75}},"31":{"start":{"line":54,"column":4},"end":{"line":56,"column":5}},"32":{"start":{"line":55,"column":6},"end":{"line":55,"column":83}},"33":{"start":{"line":57,"column":18},"end":{"line":57,"column":56}},"34":{"start":{"line":58,"column":23},"end":{"line":58,"column":64}},"35":{"start":{"line":59,"column":4},"end":{"line":78,"column":7}},"36":{"start":{"line":70,"column":43},"end":{"line":76,"column":9}},"37":{"start":{"line":73,"column":12},"end":{"line":73,"column":41}},"38":{"start":{"line":74,"column":12},"end":{"line":74,"column":23}},"39":{"start":{"line":80,"column":4},"end":{"line":80,"column":52}},"40":{"start":{"line":81,"column":4},"end":{"line":81,"column":84}},"41":{"start":{"line":85,"column":0},"end":{"line":122,"column":2}},"42":{"start":{"line":86,"column":2},"end":{"line":121,"column":3}},"43":{"start":{"line":87,"column":15},"end":{"line":87,"column":75}},"44":{"start":{"line":88,"column":4},"end":{"line":90,"column":5}},"45":{"start":{"line":89,"column":6},"end":{"line":89,"column":83}},"46":{"start":{"line":91,"column":20},"end":{"line":91,"column":58}},"47":{"start":{"line":92,"column":20},"end":{"line":97,"column":6}},"48":{"start":{"line":98,"column":27},"end":{"line":102,"column":6}},"49":{"start":{"line":103,"column":22},"end":{"line":108,"column":6}},"50":{"start":{"line":109,"column":4},"end":{"line":117,"column":7}},"51":{"start":{"line":112,"column":35},"end":{"line":112,"column":81}},"52":{"start":{"line":113,"column":35},"end":{"line":113,"column":80}},"53":{"start":{"line":114,"column":49},"end":{"line":114,"column":80}},"54":{"start":{"line":115,"column":39},"end":{"line":115,"column":73}},"55":{"start":{"line":119,"column":4},"end":{"line":119,"column":58}},"56":{"start":{"line":120,"column":4},"end":{"line":120,"column":95}},"57":{"start":{"line":124,"column":0},"end":{"line":166,"column":2}},"58":{"start":{"line":125,"column":2},"end":{"line":165,"column":3}},"59":{"start":{"line":126,"column":52},"end":{"line":126,"column":61}},"60":{"start":{"line":127,"column":16},"end":{"line":127,"column":67}},"61":{"start":{"line":128,"column":18},"end":{"line":128,"column":39}},"62":{"start":{"line":128,"column":32},"end":{"line":128,"column":38}},"63":{"start":{"line":129,"column":18},"end":{"line":129,"column":40}},"64":{"start":{"line":130,"column":4},"end":{"line":130,"column":77}},"65":{"start":{"line":130,"column":19},"end":{"line":130,"column":77}},"66":{"start":{"line":131,"column":4},"end":{"line":131,"column":73}},"67":{"start":{"line":131,"column":17},"end":{"line":131,"column":73}},"68":{"start":{"line":132,"column":22},"end":{"line":135,"column":18}},"69":{"start":{"line":136,"column":4},"end":{"line":149,"column":5}},"70":{"start":{"line":137,"column":22},"end":{"line":137,"column":70}},"71":{"start":{"line":138,"column":19},"end":{"line":144,"column":8}},"72":{"start":{"line":138,"column":38},"end":{"line":144,"column":7}},"73":{"start":{"line":145,"column":18},"end":{"line":145,"column":73}},"74":{"start":{"line":145,"column":48},"end":{"line":145,"column":61}},"75":{"start":{"line":146,"column":6},"end":{"line":146,"column":48}},"76":{"start":{"line":147,"column":6},"end":{"line":147,"column":81}},"77":{"start":{"line":148,"column":6},"end":{"line":148,"column":27}},"78":{"start":{"line":150,"column":4},"end":{"line":161,"column":7}},"79":{"start":{"line":153,"column":39},"end":{"line":159,"column":9}},"80":{"start":{"line":163,"column":4},"end":{"line":163,"column":52}},"81":{"start":{"line":164,"column":4},"end":{"line":164,"column":85}}},"fnMap":{"0":{"name":"(anonymous_0)","decl":{"start":{"line":5,"column":23},"end":{"line":5,"column":24}},"loc":{"start":{"line":5,"column":43},"end":{"line":49,"column":1}},"line":5},"1":{"name":"(anonymous_1)","decl":{"start":{"line":9,"column":26},"end":{"line":9,"column":27}},"loc":{"start":{"line":9,"column":32},"end":{"line":9,"column":38}},"line":9},"2":{"name":"(anonymous_2)","decl":{"start":{"line":15,"column":23},"end":{"line":15,"column":24}},"loc":{"start":{"line":15,"column":31},"end":{"line":19,"column":5}},"line":15},"3":{"name":"(anonymous_3)","decl":{"start":{"line":34,"column":11},"end":{"line":34,"column":12}},"loc":{"start":{"line":34,"column":18},"end":{"line":34,"column":123}},"line":34},"4":{"name":"(anonymous_4)","decl":{"start":{"line":35,"column":12},"end":{"line":35,"column":13}},"loc":{"start":{"line":35,"column":22},"end":{"line":35,"column":39}},"line":35},"5":{"name":"(anonymous_5)","decl":{"start":{"line":41,"column":43},"end":{"line":41,"column":44}},"loc":{"start":{"line":41,"column":52},"end":{"line":41,"column":121}},"line":41},"6":{"name":"(anonymous_6)","decl":{"start":{"line":51,"column":25},"end":{"line":51,"column":26}},"loc":{"start":{"line":51,"column":45},"end":{"line":83,"column":1}},"line":51},"7":{"name":"(anonymous_7)","decl":{"start":{"line":70,"column":35},"end":{"line":70,"column":36}},"loc":{"start":{"line":70,"column":43},"end":{"line":76,"column":9}},"line":70},"8":{"name":"(anonymous_8)","decl":{"start":{"line":72,"column":31},"end":{"line":72,"column":32}},"loc":{"start":{"line":72,"column":43},"end":{"line":75,"column":11}},"line":72},"9":{"name":"(anonymous_9)","decl":{"start":{"line":85,"column":31},"end":{"line":85,"column":32}},"loc":{"start":{"line":85,"column":51},"end":{"line":122,"column":1}},"line":85},"10":{"name":"(anonymous_10)","decl":{"start":{"line":112,"column":29},"end":{"line":112,"column":30}},"loc":{"start":{"line":112,"column":35},"end":{"line":112,"column":81}},"line":112},"11":{"name":"(anonymous_11)","decl":{"start":{"line":113,"column":29},"end":{"line":113,"column":30}},"loc":{"start":{"line":113,"column":35},"end":{"line":113,"column":80}},"line":113},"12":{"name":"(anonymous_12)","decl":{"start":{"line":114,"column":43},"end":{"line":114,"column":44}},"loc":{"start":{"line":114,"column":49},"end":{"line":114,"column":80}},"line":114},"13":{"name":"(anonymous_13)","decl":{"start":{"line":115,"column":33},"end":{"line":115,"column":34}},"loc":{"start":{"line":115,"column":39},"end":{"line":115,"column":73}},"line":115},"14":{"name":"(anonymous_14)","decl":{"start":{"line":124,"column":26},"end":{"line":124,"column":27}},"loc":{"start":{"line":124,"column":46},"end":{"line":166,"column":1}},"line":124},"15":{"name":"(anonymous_15)","decl":{"start":{"line":128,"column":26},"end":{"line":128,"column":27}},"loc":{"start":{"line":128,"column":32},"end":{"line":128,"column":38}},"line":128},"16":{"name":"(anonymous_16)","decl":{"start":{"line":138,"column":33},"end":{"line":138,"column":34}},"loc":{"start":{"line":138,"column":38},"end":{"line":144,"column":7}},"line":138},"17":{"name":"(anonymous_17)","decl":{"start":{"line":145,"column":41},"end":{"line":145,"column":42}},"loc":{"start":{"line":145,"column":48},"end":{"line":145,"column":61}},"line":145},"18":{"name":"(anonymous_18)","decl":{"start":{"line":153,"column":33},"end":{"line":153,"column":34}},"loc":{"start":{"line":153,"column":39},"end":{"line":159,"column":9}},"line":153}},"branchMap":{"0":{"loc":{"start":{"line":16,"column":6},"end":{"line":16,"column":61}},"type":"if","locations":[{"start":{"line":16,"column":6},"end":{"line":16,"column":61}},{"start":{},"end":{}}],"line":16},"1":{"loc":{"start":{"line":17,"column":6},"end":{"line":17,"column":69}},"type":"if","locations":[{"start":{"line":17,"column":6},"end":{"line":17,"column":69}},{"start":{},"end":{}}],"line":17},"2":{"loc":{"start":{"line":18,"column":6},"end":{"line":18,"column":63}},"type":"if","locations":[{"start":{"line":18,"column":6},"end":{"line":18,"column":63}},{"start":{},"end":{}}],"line":18},"3":{"loc":{"start":{"line":34,"column":56},"end":{"line":34,"column":80}},"type":"binary-expr","locations":[{"start":{"line":34,"column":56},"end":{"line":34,"column":75}},{"start":{"line":34,"column":79},"end":{"line":34,"column":80}}],"line":34},"4":{"loc":{"start":{"line":34,"column":93},"end":{"line":34,"column":121}},"type":"binary-expr","locations":[{"start":{"line":34,"column":93},"end":{"line":34,"column":116}},{"start":{"line":34,"column":120},"end":{"line":34,"column":121}}],"line":34},"5":{"loc":{"start":{"line":54,"column":4},"end":{"line":56,"column":5}},"type":"if","locations":[{"start":{"line":54,"column":4},"end":{"line":56,"column":5}},{"start":{},"end":{}}],"line":54},"6":{"loc":{"start":{"line":88,"column":4},"end":{"line":90,"column":5}},"type":"if","locations":[{"start":{"line":88,"column":4},"end":{"line":90,"column":5}},{"start":{},"end":{}}],"line":88},"7":{"loc":{"start":{"line":112,"column":45},"end":{"line":112,"column":63}},"type":"binary-expr","locations":[{"start":{"line":112,"column":45},"end":{"line":112,"column":50}},{"start":{"line":112,"column":54},"end":{"line":112,"column":63}}],"line":112},"8":{"loc":{"start":{"line":113,"column":45},"end":{"line":113,"column":62}},"type":"binary-expr","locations":[{"start":{"line":113,"column":45},"end":{"line":113,"column":50}},{"start":{"line":113,"column":54},"end":{"line":113,"column":62}}],"line":113},"9":{"loc":{"start":{"line":126,"column":32},"end":{"line":126,"column":47}},"type":"default-arg","locations":[{"start":{"line":126,"column":41},"end":{"line":126,"column":47}}],"line":126},"10":{"loc":{"start":{"line":130,"column":4},"end":{"line":130,"column":77}},"type":"if","locations":[{"start":{"line":130,"column":4},"end":{"line":130,"column":77}},{"start":{},"end":{}}],"line":130},"11":{"loc":{"start":{"line":131,"column":4},"end":{"line":131,"column":73}},"type":"if","locations":[{"start":{"line":131,"column":4},"end":{"line":131,"column":73}},{"start":{},"end":{}}],"line":131},"12":{"loc":{"start":{"line":136,"column":4},"end":{"line":149,"column":5}},"type":"if","locations":[{"start":{"line":136,"column":4},"end":{"line":149,"column":5}},{"start":{},"end":{}}],"line":136},"13":{"loc":{"start":{"line":140,"column":8},"end":{"line":140,"column":28}},"type":"binary-expr","locations":[{"start":{"line":140,"column":8},"end":{"line":140,"column":19}},{"start":{"line":140,"column":23},"end":{"line":140,"column":28}}],"line":140},"14":{"loc":{"start":{"line":142,"column":8},"end":{"line":142,"column":38}},"type":"binary-expr","locations":[{"start":{"line":142,"column":8},"end":{"line":142,"column":25}},{"start":{"line":142,"column":29},"end":{"line":142,"column":38}}],"line":142},"15":{"loc":{"start":{"line":143,"column":8},"end":{"line":143,"column":35}},"type":"binary-expr","locations":[{"start":{"line":143,"column":8},"end":{"line":143,"column":26}},{"start":{"line":143,"column":30},"end":{"line":143,"column":35}}],"line":143}},"s":{"0":1,"1":1,"2":1,"3":1,"4":0,"5":0,"6":0,"7":0,"8":0,"9":0,"10":0,"11":0,"12":0,"13":0,"14":0,"15":0,"16":0,"17":0,"18":0,"19":0,"20":0,"21":0,"22":0,"23":0,"24":0,"25":0,"26":0,"27":0,"28":1,"29":0,"30":0,"31":0,"32":0,"33":0,"34":0,"35":0,"36":0,"37":0,"38":0,"39":0,"40":0,"41":1,"42":0,"43":0,"44":0,"45":0,"46":0,"47":0,"48":0,"49":0,"50":0,"51":0,"52":0,"53":0,"54":0,"55":0,"56":0,"57":1,"58":0,"59":0,"60":0,"61":0,"62":0,"63":0,"64":0,"65":0,"66":0,"67":0,"68":0,"69":0,"70":0,"71":0,"72":0,"73":0,"74":0,"75":0,"76":0,"77":0,"78":0,"79":0,"80":0,"81":0},"f":{"0":0,"1":0,"2":0,"3":0,"4":0,"5":0,"6":0,"7":0,"8":0,"9":0,"10":0,"11":0,"12":0,"13":0,"14":0,"15":0,"16":0,"17":0,"18":0},"b":{"0":[0,0],"1":[0,0],"2":[0,0],"3":[0,0],"4":[0,0],"5":[0,0],"6":[0,0],"7":[0,0],"8":[0,0],"9":[0],"10":[0,0],"11":[0,0],"12":[0,0],"13":[0,0],"14":[0,0],"15":[0,0]},"_coverageSchema":"1a1c01bbd47fc00a2c39e90264f33305004495a9","hash":"c5274d2758f16fccac57d2508e30187b33767c05"}
,"D:\\One_Drive_AIEP\\OneDrive - Aiep\\Repo_AIEP\\cv-generator-pro\\cv-generator-backend\\src\\controllers\\authController.js": {"path":"D:\\One_Drive_AIEP\\OneDrive - Aiep\\Repo_AIEP\\cv-generator-pro\\cv-generator-backend\\src\\controllers\\authController.js","statementMap":{"0":{"start":{"line":1,"column":13},"end":{"line":1,"column":38}},"1":{"start":{"line":2,"column":15},"end":{"line":2,"column":32}},"2":{"start":{"line":4,"column":0},"end":{"line":25,"column":2}},"3":{"start":{"line":5,"column":2},"end":{"line":24,"column":3}},"4":{"start":{"line":6,"column":38},"end":{"line":6,"column":46}},"5":{"start":{"line":7,"column":25},"end":{"line":7,"column":54}},"6":{"start":{"line":8,"column":4},"end":{"line":10,"column":5}},"7":{"start":{"line":9,"column":6},"end":{"line":9,"column":96}},"8":{"start":{"line":11,"column":17},"end":{"line":11,"column":80}},"9":{"start":{"line":12,"column":18},"end":{"line":12,"column":42}},"10":{"start":{"line":13,"column":4},"end":{"line":20,"column":7}},"11":{"start":{"line":22,"column":4},"end":{"line":22,"column":44}},"12":{"start":{"line":23,"column":4},"end":{"line":23,"column":84}},"13":{"start":{"line":27,"column":0},"end":{"line":53,"column":2}},"14":{"start":{"line":28,"column":2},"end":{"line":52,"column":3}},"15":{"start":{"line":29,"column":32},"end":{"line":29,"column":40}},"16":{"start":{"line":30,"column":17},"end":{"line":30,"column":62}},"17":{"start":{"line":31,"column":4},"end":{"line":31,"column":32}},"18":{"start":{"line":32,"column":4},"end":{"line":32,"column":22}},"19":{"start":{"line":33,"column":18},"end":{"line":33,"column":42}},"20":{"start":{"line":34,"column":4},"end":{"line":48,"column":7}},"21":{"start":{"line":50,"column":4},"end":{"line":50,"column":41}},"22":{"start":{"line":51,"column":4},"end":{"line":51,"column":98}},"23":{"start":{"line":55,"column":0},"end":{"line":83,"column":2}},"24":{"start":{"line":56,"column":2},"end":{"line":82,"column":3}},"25":{"start":{"line":57,"column":17},"end":{"line":61,"column":6}},"26":{"start":{"line":62,"column":4},"end":{"line":78,"column":7}},"27":{"start":{"line":80,"column":4},"end":{"line":80,"column":41}},"28":{"start":{"line":81,"column":4},"end":{"line":81,"column":92}},"29":{"start":{"line":85,"column":0},"end":{"line":102,"column":2}},"30":{"start":{"line":86,"column":2},"end":{"line":101,"column":3}},"31":{"start":{"line":87,"column":27},"end":{"line":87,"column":47}},"32":{"start":{"line":88,"column":20},"end":{"line":88,"column":22}},"33":{"start":{"line":89,"column":4},"end":{"line":91,"column":7}},"34":{"start":{"line":90,"column":6},"end":{"line":90,"column":69}},"35":{"start":{"line":90,"column":40},"end":{"line":90,"column":69}},"36":{"start":{"line":92,"column":17},"end":{"line":92,"column":104}},"37":{"start":{"line":93,"column":4},"end":{"line":97,"column":7}},"38":{"start":{"line":99,"column":4},"end":{"line":99,"column":50}},"39":{"start":{"line":100,"column":4},"end":{"line":100,"column":84}},"40":{"start":{"line":104,"column":0},"end":{"line":120,"column":2}},"41":{"start":{"line":105,"column":2},"end":{"line":119,"column":3}},"42":{"start":{"line":106,"column":45},"end":{"line":106,"column":53}},"43":{"start":{"line":107,"column":17},"end":{"line":107,"column":70}},"44":{"start":{"line":108,"column":20},"end":{"line":108,"column":63}},"45":{"start":{"line":109,"column":4},"end":{"line":111,"column":5}},"46":{"start":{"line":110,"column":6},"end":{"line":110,"column":95}},"47":{"start":{"line":112,"column":4},"end":{"line":112,"column":32}},"48":{"start":{"line":113,"column":4},"end":{"line":113,"column":22}},"49":{"start":{"line":114,"column":18},"end":{"line":114,"column":42}},"50":{"start":{"line":115,"column":4},"end":{"line":115,"column":84}},"51":{"start":{"line":117,"column":4},"end":{"line":117,"column":51}},"52":{"start":{"line":118,"column":4},"end":{"line":118,"column":85}},"53":{"start":{"line":122,"column":0},"end":{"line":140,"column":2}},"54":{"start":{"line":123,"column":2},"end":{"line":139,"column":3}},"55":{"start":{"line":124,"column":22},"end":{"line":124,"column":30}},"56":{"start":{"line":125,"column":17},"end":{"line":125,"column":46}},"57":{"start":{"line":126,"column":4},"end":{"line":131,"column":5}},"58":{"start":{"line":127,"column":25},"end":{"line":127,"column":63}},"59":{"start":{"line":128,"column":6},"end":{"line":128,"column":93}},"60":{"start":{"line":129,"column":6},"end":{"line":129,"column":62}},"61":{"start":{"line":130,"column":6},"end":{"line":130,"column":24}},"62":{"start":{"line":132,"column":4},"end":{"line":135,"column":7}},"63":{"start":{"line":137,"column":4},"end":{"line":137,"column":51}},"64":{"start":{"line":138,"column":4},"end":{"line":138,"column":85}},"65":{"start":{"line":142,"column":0},"end":{"line":162,"column":2}},"66":{"start":{"line":143,"column":2},"end":{"line":161,"column":3}},"67":{"start":{"line":144,"column":22},"end":{"line":144,"column":32}},"68":{"start":{"line":145,"column":25},"end":{"line":145,"column":33}},"69":{"start":{"line":146,"column":24},"end":{"line":146,"column":79}},"70":{"start":{"line":147,"column":17},"end":{"line":147,"column":115}},"71":{"start":{"line":148,"column":4},"end":{"line":150,"column":5}},"72":{"start":{"line":149,"column":6},"end":{"line":149,"column":92}},"73":{"start":{"line":151,"column":4},"end":{"line":151,"column":29}},"74":{"start":{"line":152,"column":4},"end":{"line":152,"column":40}},"75":{"start":{"line":153,"column":4},"end":{"line":153,"column":42}},"76":{"start":{"line":154,"column":4},"end":{"line":154,"column":27}},"77":{"start":{"line":155,"column":4},"end":{"line":155,"column":31}},"78":{"start":{"line":156,"column":4},"end":{"line":156,"column":22}},"79":{"start":{"line":157,"column":4},"end":{"line":157,"column":80}},"80":{"start":{"line":159,"column":4},"end":{"line":159,"column":50}},"81":{"start":{"line":160,"column":4},"end":{"line":160,"column":86}},"82":{"start":{"line":164,"column":0},"end":{"line":167,"column":2}},"83":{"start":{"line":165,"column":2},"end":{"line":165,"column":93}},"84":{"start":{"line":166,"column":2},"end":{"line":166,"column":57}}},"fnMap":{"0":{"name":"(anonymous_0)","decl":{"start":{"line":4,"column":19},"end":{"line":4,"column":20}},"loc":{"start":{"line":4,"column":39},"end":{"line":25,"column":1}},"line":4},"1":{"name":"(anonymous_1)","decl":{"start":{"line":27,"column":16},"end":{"line":27,"column":17}},"loc":{"start":{"line":27,"column":36},"end":{"line":53,"column":1}},"line":27},"2":{"name":"(anonymous_2)","decl":{"start":{"line":55,"column":16},"end":{"line":55,"column":17}},"loc":{"start":{"line":55,"column":36},"end":{"line":83,"column":1}},"line":55},"3":{"name":"(anonymous_3)","decl":{"start":{"line":85,"column":24},"end":{"line":85,"column":25}},"loc":{"start":{"line":85,"column":44},"end":{"line":102,"column":1}},"line":85},"4":{"name":"(anonymous_4)","decl":{"start":{"line":89,"column":34},"end":{"line":89,"column":35}},"loc":{"start":{"line":89,"column":41},"end":{"line":91,"column":5}},"line":89},"5":{"name":"(anonymous_5)","decl":{"start":{"line":104,"column":25},"end":{"line":104,"column":26}},"loc":{"start":{"line":104,"column":45},"end":{"line":120,"column":1}},"line":104},"6":{"name":"(anonymous_6)","decl":{"start":{"line":122,"column":25},"end":{"line":122,"column":26}},"loc":{"start":{"line":122,"column":45},"end":{"line":140,"column":1}},"line":122},"7":{"name":"(anonymous_7)","decl":{"start":{"line":142,"column":24},"end":{"line":142,"column":25}},"loc":{"start":{"line":142,"column":44},"end":{"line":162,"column":1}},"line":142},"8":{"name":"(anonymous_8)","decl":{"start":{"line":164,"column":17},"end":{"line":164,"column":18}},"loc":{"start":{"line":164,"column":37},"end":{"line":167,"column":1}},"line":164}},"branchMap":{"0":{"loc":{"start":{"line":8,"column":4},"end":{"line":10,"column":5}},"type":"if","locations":[{"start":{"line":8,"column":4},"end":{"line":10,"column":5}},{"start":{},"end":{}}],"line":8},"1":{"loc":{"start":{"line":51,"column":52},"end":{"line":51,"column":94}},"type":"binary-expr","locations":[{"start":{"line":51,"column":52},"end":{"line":51,"column":65}},{"start":{"line":51,"column":69},"end":{"line":51,"column":94}}],"line":51},"2":{"loc":{"start":{"line":90,"column":6},"end":{"line":90,"column":69}},"type":"if","locations":[{"start":{"line":90,"column":6},"end":{"line":90,"column":69}},{"start":{},"end":{}}],"line":90},"3":{"loc":{"start":{"line":109,"column":4},"end":{"line":111,"column":5}},"type":"if","locations":[{"start":{"line":109,"column":4},"end":{"line":111,"column":5}},{"start":{},"end":{}}],"line":109},"4":{"loc":{"start":{"line":126,"column":4},"end":{"line":131,"column":5}},"type":"if","locations":[{"start":{"line":126,"column":4},"end":{"line":131,"column":5}},{"start":{},"end":{}}],"line":126},"5":{"loc":{"start":{"line":148,"column":4},"end":{"line":150,"column":5}},"type":"if","locations":[{"start":{"line":148,"column":4},"end":{"line":150,"column":5}},{"start":{},"end":{}}],"line":148}},"s":{"0":1,"1":1,"2":1,"3":0,"4":0,"5":0,"6":0,"7":0,"8":0,"9":0,"10":0,"11":0,"12":0,"13":1,"14":0,"15":0,"16":0,"17":0,"18":0,"19":0,"20":0,"21":0,"22":0,"23":1,"24":0,"25":0,"26":0,"27":0,"28":0,"29":1,"30":0,"31":0,"32":0,"33":0,"34":0,"35":0,"36":0,"37":0,"38":0,"39":0,"40":1,"41":0,"42":0,"43":0,"44":0,"45":0,"46":0,"47":0,"48":0,"49":0,"50":0,"51":0,"52":0,"53":1,"54":0,"55":0,"56":0,"57":0,"58":0,"59":0,"60":0,"61":0,"62":0,"63":0,"64":0,"65":1,"66":0,"67":0,"68":0,"69":0,"70":0,"71":0,"72":0,"73":0,"74":0,"75":0,"76":0,"77":0,"78":0,"79":0,"80":0,"81":0,"82":1,"83":0,"84":0},"f":{"0":0,"1":0,"2":0,"3":0,"4":0,"5":0,"6":0,"7":0,"8":0},"b":{"0":[0,0],"1":[0,0],"2":[0,0],"3":[0,0],"4":[0,0],"5":[0,0]},"_coverageSchema":"1a1c01bbd47fc00a2c39e90264f33305004495a9","hash":"20575db15d7c27466505afcfe0f19ff58a7427c6"}
,"D:\\One_Drive_AIEP\\OneDrive - Aiep\\Repo_AIEP\\cv-generator-pro\\cv-generator-backend\\src\\controllers\\cvController.js": {"path":"D:\\One_Drive_AIEP\\OneDrive - Aiep\\Repo_AIEP\\cv-generator-pro\\cv-generator-backend\\src\\controllers\\cvController.js","statementMap":{"0":{"start":{"line":1,"column":11},"end":{"line":1,"column":34}},"1":{"start":{"line":2,"column":18},"end":{"line":2,"column":48}},"2":{"start":{"line":3,"column":13},"end":{"line":3,"column":38}},"3":{"start":{"line":5,"column":0},"end":{"line":27,"column":2}},"4":{"start":{"line":6,"column":2},"end":{"line":26,"column":3}},"5":{"start":{"line":7,"column":66},"end":{"line":7,"column":75}},"6":{"start":{"line":8,"column":18},"end":{"line":8,"column":40}},"7":{"start":{"line":9,"column":4},"end":{"line":9,"column":38}},"8":{"start":{"line":9,"column":16},"end":{"line":9,"column":38}},"9":{"start":{"line":10,"column":16},"end":{"line":14,"column":29}},"10":{"start":{"line":15,"column":18},"end":{"line":15,"column":48}},"11":{"start":{"line":16,"column":4},"end":{"line":22,"column":7}},"12":{"start":{"line":24,"column":4},"end":{"line":24,"column":43}},"13":{"start":{"line":25,"column":4},"end":{"line":25,"column":78}},"14":{"start":{"line":29,"column":0},"end":{"line":40,"column":2}},"15":{"start":{"line":30,"column":2},"end":{"line":39,"column":3}},"16":{"start":{"line":31,"column":15},"end":{"line":31,"column":75}},"17":{"start":{"line":32,"column":4},"end":{"line":34,"column":5}},"18":{"start":{"line":33,"column":6},"end":{"line":33,"column":83}},"19":{"start":{"line":35,"column":4},"end":{"line":35,"column":46}},"20":{"start":{"line":37,"column":4},"end":{"line":37,"column":42}},"21":{"start":{"line":38,"column":4},"end":{"line":38,"column":77}},"22":{"start":{"line":42,"column":0},"end":{"line":59,"column":2}},"23":{"start":{"line":43,"column":2},"end":{"line":58,"column":3}},"24":{"start":{"line":44,"column":4},"end":{"line":50,"column":5}},"25":{"start":{"line":45,"column":6},"end":{"line":49,"column":9}},"26":{"start":{"line":51,"column":15},"end":{"line":51,"column":67}},"27":{"start":{"line":52,"column":4},"end":{"line":52,"column":84}},"28":{"start":{"line":53,"column":4},"end":{"line":53,"column":80}},"29":{"start":{"line":54,"column":4},"end":{"line":54,"column":93}},"30":{"start":{"line":56,"column":4},"end":{"line":56,"column":45}},"31":{"start":{"line":57,"column":4},"end":{"line":57,"column":75}},"32":{"start":{"line":61,"column":0},"end":{"line":77,"column":2}},"33":{"start":{"line":62,"column":2},"end":{"line":76,"column":3}},"34":{"start":{"line":63,"column":15},"end":{"line":67,"column":5}},"35":{"start":{"line":68,"column":4},"end":{"line":70,"column":5}},"36":{"start":{"line":69,"column":6},"end":{"line":69,"column":83}},"37":{"start":{"line":71,"column":4},"end":{"line":71,"column":78}},"38":{"start":{"line":72,"column":4},"end":{"line":72,"column":73}},"39":{"start":{"line":74,"column":4},"end":{"line":74,"column":45}},"40":{"start":{"line":75,"column":4},"end":{"line":75,"column":80}},"41":{"start":{"line":79,"column":0},"end":{"line":92,"column":2}},"42":{"start":{"line":80,"column":2},"end":{"line":91,"column":3}},"43":{"start":{"line":81,"column":15},"end":{"line":81,"column":84}},"44":{"start":{"line":82,"column":4},"end":{"line":84,"column":5}},"45":{"start":{"line":83,"column":6},"end":{"line":83,"column":83}},"46":{"start":{"line":85,"column":4},"end":{"line":85,"column":85}},"47":{"start":{"line":86,"column":4},"end":{"line":86,"column":47}},"48":{"start":{"line":87,"column":4},"end":{"line":87,"column":57}},"49":{"start":{"line":89,"column":4},"end":{"line":89,"column":45}},"50":{"start":{"line":90,"column":4},"end":{"line":90,"column":78}},"51":{"start":{"line":94,"column":0},"end":{"line":115,"column":2}},"52":{"start":{"line":95,"column":2},"end":{"line":114,"column":3}},"53":{"start":{"line":96,"column":4},"end":{"line":102,"column":5}},"54":{"start":{"line":97,"column":6},"end":{"line":101,"column":9}},"55":{"start":{"line":103,"column":23},"end":{"line":103,"column":83}},"56":{"start":{"line":104,"column":4},"end":{"line":106,"column":5}},"57":{"start":{"line":105,"column":6},"end":{"line":105,"column":83}},"58":{"start":{"line":107,"column":21},"end":{"line":107,"column":45}},"59":{"start":{"line":108,"column":4},"end":{"line":108,"column":84}},"60":{"start":{"line":109,"column":4},"end":{"line":109,"column":129}},"61":{"start":{"line":110,"column":4},"end":{"line":110,"column":104}},"62":{"start":{"line":112,"column":4},"end":{"line":112,"column":44}},"63":{"start":{"line":113,"column":4},"end":{"line":113,"column":76}},"64":{"start":{"line":117,"column":0},"end":{"line":130,"column":2}},"65":{"start":{"line":118,"column":2},"end":{"line":129,"column":3}},"66":{"start":{"line":119,"column":15},"end":{"line":119,"column":75}},"67":{"start":{"line":120,"column":4},"end":{"line":122,"column":5}},"68":{"start":{"line":121,"column":6},"end":{"line":121,"column":83}},"69":{"start":{"line":123,"column":23},"end":{"line":123,"column":40}},"70":{"start":{"line":124,"column":4},"end":{"line":124,"column":112}},"71":{"start":{"line":125,"column":4},"end":{"line":125,"column":50}},"72":{"start":{"line":127,"column":4},"end":{"line":127,"column":45}},"73":{"start":{"line":128,"column":4},"end":{"line":128,"column":78}},"74":{"start":{"line":132,"column":0},"end":{"line":157,"column":2}},"75":{"start":{"line":133,"column":2},"end":{"line":156,"column":3}},"76":{"start":{"line":134,"column":4},"end":{"line":140,"column":5}},"77":{"start":{"line":135,"column":6},"end":{"line":139,"column":9}},"78":{"start":{"line":141,"column":23},"end":{"line":141,"column":31}},"79":{"start":{"line":142,"column":4},"end":{"line":144,"column":5}},"80":{"start":{"line":143,"column":6},"end":{"line":143,"column":89}},"81":{"start":{"line":145,"column":19},"end":{"line":145,"column":51}},"82":{"start":{"line":146,"column":15},"end":{"line":150,"column":6}},"83":{"start":{"line":151,"column":4},"end":{"line":151,"column":84}},"84":{"start":{"line":152,"column":4},"end":{"line":152,"column":96}},"85":{"start":{"line":154,"column":4},"end":{"line":154,"column":45}},"86":{"start":{"line":155,"column":4},"end":{"line":155,"column":78}},"87":{"start":{"line":160,"column":2},"end":{"line":160,"column":37}},"88":{"start":{"line":160,"column":25},"end":{"line":160,"column":37}},"89":{"start":{"line":161,"column":19},"end":{"line":161,"column":38}},"90":{"start":{"line":162,"column":17},"end":{"line":162,"column":34}},"91":{"start":{"line":163,"column":23},"end":{"line":163,"column":46}},"92":{"start":{"line":164,"column":20},"end":{"line":164,"column":40}},"93":{"start":{"line":165,"column":22},"end":{"line":165,"column":44}},"94":{"start":{"line":166,"column":20},"end":{"line":166,"column":40}},"95":{"start":{"line":167,"column":26},"end":{"line":167,"column":52}},"96":{"start":{"line":169,"column":17},"end":{"line":169,"column":19}},"97":{"start":{"line":170,"column":2},"end":{"line":180,"column":5}},"98":{"start":{"line":171,"column":4},"end":{"line":179,"column":5}},"99":{"start":{"line":172,"column":6},"end":{"line":178,"column":9}},"100":{"start":{"line":173,"column":8},"end":{"line":177,"column":11}},"101":{"start":{"line":182,"column":2},"end":{"line":232,"column":4}},"102":{"start":{"line":199,"column":38},"end":{"line":208,"column":5}},"103":{"start":{"line":209,"column":35},"end":{"line":217,"column":5}},"104":{"start":{"line":219,"column":34},"end":{"line":225,"column":5}},"105":{"start":{"line":226,"column":46},"end":{"line":230,"column":5}}},"fnMap":{"0":{"name":"(anonymous_0)","decl":{"start":{"line":5,"column":17},"end":{"line":5,"column":18}},"loc":{"start":{"line":5,"column":37},"end":{"line":27,"column":1}},"line":5},"1":{"name":"(anonymous_1)","decl":{"start":{"line":29,"column":16},"end":{"line":29,"column":17}},"loc":{"start":{"line":29,"column":36},"end":{"line":40,"column":1}},"line":29},"2":{"name":"(anonymous_2)","decl":{"start":{"line":42,"column":19},"end":{"line":42,"column":20}},"loc":{"start":{"line":42,"column":39},"end":{"line":59,"column":1}},"line":42},"3":{"name":"(anonymous_3)","decl":{"start":{"line":61,"column":19},"end":{"line":61,"column":20}},"loc":{"start":{"line":61,"column":39},"end":{"line":77,"column":1}},"line":61},"4":{"name":"(anonymous_4)","decl":{"start":{"line":79,"column":19},"end":{"line":79,"column":20}},"loc":{"start":{"line":79,"column":39},"end":{"line":92,"column":1}},"line":79},"5":{"name":"(anonymous_5)","decl":{"start":{"line":94,"column":18},"end":{"line":94,"column":19}},"loc":{"start":{"line":94,"column":38},"end":{"line":115,"column":1}},"line":94},"6":{"name":"(anonymous_6)","decl":{"start":{"line":117,"column":19},"end":{"line":117,"column":20}},"loc":{"start":{"line":117,"column":39},"end":{"line":130,"column":1}},"line":117},"7":{"name":"(anonymous_7)","decl":{"start":{"line":132,"column":19},"end":{"line":132,"column":20}},"loc":{"start":{"line":132,"column":39},"end":{"line":157,"column":1}},"line":132},"8":{"name":"mapFrontendToBackend","decl":{"start":{"line":159,"column":9},"end":{"line":159,"column":29}},"loc":{"start":{"line":159,"column":36},"end":{"line":233,"column":1}},"line":159},"9":{"name":"(anonymous_9)","decl":{"start":{"line":170,"column":38},"end":{"line":170,"column":39}},"loc":{"start":{"line":170,"column":45},"end":{"line":180,"column":3}},"line":170},"10":{"name":"(anonymous_10)","decl":{"start":{"line":172,"column":25},"end":{"line":172,"column":26}},"loc":{"start":{"line":172,"column":30},"end":{"line":178,"column":7}},"line":172},"11":{"name":"(anonymous_11)","decl":{"start":{"line":199,"column":32},"end":{"line":199,"column":33}},"loc":{"start":{"line":199,"column":38},"end":{"line":208,"column":5}},"line":199},"12":{"name":"(anonymous_12)","decl":{"start":{"line":209,"column":29},"end":{"line":209,"column":30}},"loc":{"start":{"line":209,"column":35},"end":{"line":217,"column":5}},"line":209},"13":{"name":"(anonymous_13)","decl":{"start":{"line":219,"column":28},"end":{"line":219,"column":29}},"loc":{"start":{"line":219,"column":34},"end":{"line":225,"column":5}},"line":219},"14":{"name":"(anonymous_14)","decl":{"start":{"line":226,"column":40},"end":{"line":226,"column":41}},"loc":{"start":{"line":226,"column":46},"end":{"line":230,"column":5}},"line":226}},"branchMap":{"0":{"loc":{"start":{"line":7,"column":20},"end":{"line":7,"column":39}},"type":"default-arg","locations":[{"start":{"line":7,"column":27},"end":{"line":7,"column":39}}],"line":7},"1":{"loc":{"start":{"line":7,"column":41},"end":{"line":7,"column":49}},"type":"default-arg","locations":[{"start":{"line":7,"column":48},"end":{"line":7,"column":49}}],"line":7},"2":{"loc":{"start":{"line":7,"column":51},"end":{"line":7,"column":61}},"type":"default-arg","locations":[{"start":{"line":7,"column":59},"end":{"line":7,"column":61}}],"line":7},"3":{"loc":{"start":{"line":9,"column":4},"end":{"line":9,"column":38}},"type":"if","locations":[{"start":{"line":9,"column":4},"end":{"line":9,"column":38}},{"start":{},"end":{}}],"line":9},"4":{"loc":{"start":{"line":32,"column":4},"end":{"line":34,"column":5}},"type":"if","locations":[{"start":{"line":32,"column":4},"end":{"line":34,"column":5}},{"start":{},"end":{}}],"line":32},"5":{"loc":{"start":{"line":44,"column":4},"end":{"line":50,"column":5}},"type":"if","locations":[{"start":{"line":44,"column":4},"end":{"line":50,"column":5}},{"start":{},"end":{}}],"line":44},"6":{"loc":{"start":{"line":68,"column":4},"end":{"line":70,"column":5}},"type":"if","locations":[{"start":{"line":68,"column":4},"end":{"line":70,"column":5}},{"start":{},"end":{}}],"line":68},"7":{"loc":{"start":{"line":82,"column":4},"end":{"line":84,"column":5}},"type":"if","locations":[{"start":{"line":82,"column":4},"end":{"line":84,"column":5}},{"start":{},"end":{}}],"line":82},"8":{"loc":{"start":{"line":96,"column":4},"end":{"line":102,"column":5}},"type":"if","locations":[{"start":{"line":96,"column":4},"end":{"line":102,"column":5}},{"start":{},"end":{}}],"line":96},"9":{"loc":{"start":{"line":104,"column":4},"end":{"line":106,"column":5}},"type":"if","locations":[{"start":{"line":104,"column":4},"end":{"line":106,"column":5}},{"start":{},"end":{}}],"line":104},"10":{"loc":{"start":{"line":120,"column":4},"end":{"line":122,"column":5}},"type":"if","locations":[{"start":{"line":120,"column":4},"end":{"line":122,"column":5}},{"start":{},"end":{}}],"line":120},"11":{"loc":{"start":{"line":134,"column":4},"end":{"line":140,"column":5}},"type":"if","locations":[{"start":{"line":134,"column":4},"end":{"line":140,"column":5}},{"start":{},"end":{}}],"line":134},"12":{"loc":{"start":{"line":142,"column":4},"end":{"line":144,"column":5}},"type":"if","locations":[{"start":{"line":142,"column":4},"end":{"line":144,"column":5}},{"start":{},"end":{}}],"line":142},"13":{"loc":{"start":{"line":142,"column":8},"end":{"line":142,"column":77}},"type":"binary-expr","locations":[{"start":{"line":142,"column":8},"end":{"line":142,"column":32}},{"start":{"line":142,"column":36},"end":{"line":142,"column":53}},{"start":{"line":142,"column":57},"end":{"line":142,"column":77}}],"line":142},"14":{"loc":{"start":{"line":160,"column":2},"end":{"line":160,"column":37}},"type":"if","locations":[{"start":{"line":160,"column":2},"end":{"line":160,"column":37}},{"start":{},"end":{}}],"line":160},"15":{"loc":{"start":{"line":161,"column":19},"end":{"line":161,"column":38}},"type":"binary-expr","locations":[{"start":{"line":161,"column":19},"end":{"line":161,"column":32}},{"start":{"line":161,"column":36},"end":{"line":161,"column":38}}],"line":161},"16":{"loc":{"start":{"line":162,"column":17},"end":{"line":162,"column":34}},"type":"binary-expr","locations":[{"start":{"line":162,"column":17},"end":{"line":162,"column":28}},{"start":{"line":162,"column":32},"end":{"line":162,"column":34}}],"line":162},"17":{"loc":{"start":{"line":163,"column":23},"end":{"line":163,"column":46}},"type":"binary-expr","locations":[{"start":{"line":163,"column":23},"end":{"line":163,"column":40}},{"start":{"line":163,"column":44},"end":{"line":163,"column":46}}],"line":163},"18":{"loc":{"start":{"line":164,"column":20},"end":{"line":164,"column":40}},"type":"binary-expr","locations":[{"start":{"line":164,"column":20},"end":{"line":164,"column":34}},{"start":{"line":164,"column":38},"end":{"line":164,"column":40}}],"line":164},"19":{"loc":{"start":{"line":165,"column":22},"end":{"line":165,"column":44}},"type":"binary-expr","locations":[{"start":{"line":165,"column":22},"end":{"line":165,"column":38}},{"start":{"line":165,"column":42},"end":{"line":165,"column":44}}],"line":165},"20":{"loc":{"start":{"line":166,"column":20},"end":{"line":166,"column":40}},"type":"binary-expr","locations":[{"start":{"line":166,"column":20},"end":{"line":166,"column":34}},{"start":{"line":166,"column":38},"end":{"line":166,"column":40}}],"line":166},"21":{"loc":{"start":{"line":167,"column":26},"end":{"line":167,"column":52}},"type":"binary-expr","locations":[{"start":{"line":167,"column":26},"end":{"line":167,"column":46}},{"start":{"line":167,"column":50},"end":{"line":167,"column":52}}],"line":167},"22":{"loc":{"start":{"line":171,"column":4},"end":{"line":179,"column":5}},"type":"if","locations":[{"start":{"line":171,"column":4},"end":{"line":179,"column":5}},{"start":{},"end":{}}],"line":171},"23":{"loc":{"start":{"line":174,"column":16},"end":{"line":174,"column":34}},"type":"binary-expr","locations":[{"start":{"line":174,"column":16},"end":{"line":174,"column":24}},{"start":{"line":174,"column":28},"end":{"line":174,"column":34}}],"line":174},"24":{"loc":{"start":{"line":175,"column":17},"end":{"line":175,"column":66}},"type":"cond-expr","locations":[{"start":{"line":175,"column":27},"end":{"line":175,"column":62}},{"start":{"line":175,"column":65},"end":{"line":175,"column":66}}],"line":175},"25":{"loc":{"start":{"line":175,"column":39},"end":{"line":175,"column":51}},"type":"binary-expr","locations":[{"start":{"line":175,"column":39},"end":{"line":175,"column":46}},{"start":{"line":175,"column":50},"end":{"line":175,"column":51}}],"line":175},"26":{"loc":{"start":{"line":183,"column":11},"end":{"line":183,"column":64}},"type":"binary-expr","locations":[{"start":{"line":183,"column":11},"end":{"line":183,"column":21}},{"start":{"line":183,"column":25},"end":{"line":183,"column":64}}],"line":183},"27":{"loc":{"start":{"line":183,"column":28},"end":{"line":183,"column":51}},"type":"binary-expr","locations":[{"start":{"line":183,"column":28},"end":{"line":183,"column":43}},{"start":{"line":183,"column":47},"end":{"line":183,"column":51}}],"line":183},"28":{"loc":{"start":{"line":185,"column":17},"end":{"line":185,"column":60}},"type":"binary-expr","locations":[{"start":{"line":185,"column":17},"end":{"line":185,"column":54}},{"start":{"line":185,"column":58},"end":{"line":185,"column":60}}],"line":185},"29":{"loc":{"start":{"line":185,"column":18},"end":{"line":185,"column":39}},"type":"binary-expr","locations":[{"start":{"line":185,"column":18},"end":{"line":185,"column":33}},{"start":{"line":185,"column":37},"end":{"line":185,"column":39}}],"line":185},"30":{"loc":{"start":{"line":186,"column":16},"end":{"line":186,"column":75}},"type":"binary-expr","locations":[{"start":{"line":186,"column":16},"end":{"line":186,"column":69}},{"start":{"line":186,"column":73},"end":{"line":186,"column":75}}],"line":186},"31":{"loc":{"start":{"line":186,"column":17},"end":{"line":186,"column":38}},"type":"binary-expr","locations":[{"start":{"line":186,"column":17},"end":{"line":186,"column":32}},{"start":{"line":186,"column":36},"end":{"line":186,"column":38}}],"line":186},"32":{"loc":{"start":{"line":188,"column":15},"end":{"line":188,"column":54}},"type":"binary-expr","locations":[{"start":{"line":188,"column":15},"end":{"line":188,"column":29}},{"start":{"line":188,"column":33},"end":{"line":188,"column":54}}],"line":188},"33":{"loc":{"start":{"line":193,"column":18},"end":{"line":193,"column":59}},"type":"binary-expr","locations":[{"start":{"line":193,"column":18},"end":{"line":193,"column":38}},{"start":{"line":193,"column":42},"end":{"line":193,"column":59}}],"line":193},"34":{"loc":{"start":{"line":194,"column":16},"end":{"line":194,"column":53}},"type":"binary-expr","locations":[{"start":{"line":194,"column":16},"end":{"line":194,"column":34}},{"start":{"line":194,"column":38},"end":{"line":194,"column":53}}],"line":194},"35":{"loc":{"start":{"line":195,"column":19},"end":{"line":195,"column":62}},"type":"binary-expr","locations":[{"start":{"line":195,"column":19},"end":{"line":195,"column":40}},{"start":{"line":195,"column":44},"end":{"line":195,"column":62}}],"line":195},"36":{"loc":{"start":{"line":196,"column":17},"end":{"line":196,"column":56}},"type":"binary-expr","locations":[{"start":{"line":196,"column":17},"end":{"line":196,"column":36}},{"start":{"line":196,"column":40},"end":{"line":196,"column":56}}],"line":196},"37":{"loc":{"start":{"line":207,"column":20},"end":{"line":207,"column":34}},"type":"binary-expr","locations":[{"start":{"line":207,"column":20},"end":{"line":207,"column":28}},{"start":{"line":207,"column":32},"end":{"line":207,"column":34}}],"line":207},"38":{"loc":{"start":{"line":222,"column":20},"end":{"line":222,"column":39}},"type":"binary-expr","locations":[{"start":{"line":222,"column":20},"end":{"line":222,"column":33}},{"start":{"line":222,"column":37},"end":{"line":222,"column":39}}],"line":222},"39":{"loc":{"start":{"line":228,"column":14},"end":{"line":228,"column":31}},"type":"binary-expr","locations":[{"start":{"line":228,"column":14},"end":{"line":228,"column":22}},{"start":{"line":228,"column":26},"end":{"line":228,"column":31}}],"line":228},"40":{"loc":{"start":{"line":231,"column":24},"end":{"line":231,"column":57}},"type":"binary-expr","locations":[{"start":{"line":231,"column":24},"end":{"line":231,"column":45}},{"start":{"line":231,"column":49},"end":{"line":231,"column":57}}],"line":231}},"s":{"0":1,"1":1,"2":1,"3":1,"4":0,"5":0,"6":0,"7":0,"8":0,"9":0,"10":0,"11":0,"12":0,"13":0,"14":1,"15":0,"16":0,"17":0,"18":0,"19":0,"20":0,"21":0,"22":1,"23":0,"24":0,"25":0,"26":0,"27":0,"28":0,"29":0,"30":0,"31":0,"32":1,"33":0,"34":0,"35":0,"36":0,"37":0,"38":0,"39":0,"40":0,"41":1,"42":0,"43":0,"44":0,"45":0,"46":0,"47":0,"48":0,"49":0,"50":0,"51":1,"52":0,"53":0,"54":0,"55":0,"56":0,"57":0,"58":0,"59":0,"60":0,"61":0,"62":0,"63":0,"64":1,"65":0,"66":0,"67":0,"68":0,"69":0,"70":0,"71":0,"72":0,"73":0,"74":1,"75":0,"76":0,"77":0,"78":0,"79":0,"80":0,"81":0,"82":0,"83":0,"84":0,"85":0,"86":0,"87":0,"88":0,"89":0,"90":0,"91":0,"92":0,"93":0,"94":0,"95":0,"96":0,"97":0,"98":0,"99":0,"100":0,"101":0,"102":0,"103":0,"104":0,"105":0},"f":{"0":0,"1":0,"2":0,"3":0,"4":0,"5":0,"6":0,"7":0,"8":0,"9":0,"10":0,"11":0,"12":0,"13":0,"14":0},"b":{"0":[0],"1":[0],"2":[0],"3":[0,0],"4":[0,0],"5":[0,0],"6":[0,0],"7":[0,0],"8":[0,0],"9":[0,0],"10":[0,0],"11":[0,0],"12":[0,0],"13":[0,0,0],"14":[0,0],"15":[0,0],"16":[0,0],"17":[0,0],"18":[0,0],"19":[0,0],"20":[0,0],"21":[0,0],"22":[0,0],"23":[0,0],"24":[0,0],"25":[0,0],"26":[0,0],"27":[0,0],"28":[0,0],"29":[0,0],"30":[0,0],"31":[0,0],"32":[0,0],"33":[0,0],"34":[0,0],"35":[0,0],"36":[0,0],"37":[0,0],"38":[0,0],"39":[0,0],"40":[0,0]},"_coverageSchema":"1a1c01bbd47fc00a2c39e90264f33305004495a9","hash":"40ead7793de25de78da7a159d866ad0b94ea31fc"}
,"D:\\One_Drive_AIEP\\OneDrive - Aiep\\Repo_AIEP\\cv-generator-pro\\cv-generator-backend\\src\\controllers\\shareController.js": {"path":"D:\\One_Drive_AIEP\\OneDrive - Aiep\\Repo_AIEP\\cv-generator-pro\\cv-generator-backend\\src\\controllers\\shareController.js","statementMap":{"0":{"start":{"line":1,"column":11},"end":{"line":1,"column":34}},"1":{"start":{"line":2,"column":18},"end":{"line":2,"column":48}},"2":{"start":{"line":3,"column":15},"end":{"line":3,"column":34}},"3":{"start":{"line":4,"column":23},"end":{"line":4,"column":38}},"4":{"start":{"line":6,"column":0},"end":{"line":30,"column":2}},"5":{"start":{"line":7,"column":2},"end":{"line":29,"column":3}},"6":{"start":{"line":8,"column":15},"end":{"line":8,"column":99}},"7":{"start":{"line":9,"column":4},"end":{"line":11,"column":5}},"8":{"start":{"line":10,"column":6},"end":{"line":10,"column":83}},"9":{"start":{"line":12,"column":4},"end":{"line":25,"column":7}},"10":{"start":{"line":27,"column":4},"end":{"line":27,"column":54}},"11":{"start":{"line":28,"column":4},"end":{"line":28,"column":88}},"12":{"start":{"line":32,"column":0},"end":{"line":80,"column":2}},"13":{"start":{"line":33,"column":2},"end":{"line":79,"column":3}},"14":{"start":{"line":34,"column":61},"end":{"line":34,"column":69}},"15":{"start":{"line":35,"column":15},"end":{"line":35,"column":75}},"16":{"start":{"line":36,"column":4},"end":{"line":38,"column":5}},"17":{"start":{"line":37,"column":6},"end":{"line":37,"column":83}},"18":{"start":{"line":39,"column":4},"end":{"line":39,"column":37}},"19":{"start":{"line":39,"column":21},"end":{"line":39,"column":37}},"20":{"start":{"line":40,"column":4},"end":{"line":45,"column":5}},"21":{"start":{"line":41,"column":6},"end":{"line":41,"column":37}},"22":{"start":{"line":42,"column":6},"end":{"line":44,"column":7}},"23":{"start":{"line":43,"column":8},"end":{"line":43,"column":56}},"24":{"start":{"line":46,"column":4},"end":{"line":53,"column":5}},"25":{"start":{"line":47,"column":6},"end":{"line":52,"column":7}},"26":{"start":{"line":48,"column":21},"end":{"line":48,"column":45}},"27":{"start":{"line":49,"column":8},"end":{"line":49,"column":64}},"28":{"start":{"line":51,"column":8},"end":{"line":51,"column":40}},"29":{"start":{"line":54,"column":4},"end":{"line":56,"column":5}},"30":{"start":{"line":55,"column":6},"end":{"line":55,"column":73}},"31":{"start":{"line":57,"column":4},"end":{"line":59,"column":5}},"32":{"start":{"line":58,"column":6},"end":{"line":58,"column":47}},"33":{"start":{"line":60,"column":4},"end":{"line":60,"column":20}},"34":{"start":{"line":61,"column":4},"end":{"line":61,"column":124}},"35":{"start":{"line":62,"column":4},"end":{"line":75,"column":7}},"36":{"start":{"line":77,"column":4},"end":{"line":77,"column":57}},"37":{"start":{"line":78,"column":4},"end":{"line":78,"column":91}},"38":{"start":{"line":82,"column":0},"end":{"line":100,"column":2}},"39":{"start":{"line":83,"column":2},"end":{"line":99,"column":3}},"40":{"start":{"line":84,"column":15},"end":{"line":84,"column":75}},"41":{"start":{"line":85,"column":4},"end":{"line":87,"column":5}},"42":{"start":{"line":86,"column":6},"end":{"line":86,"column":83}},"43":{"start":{"line":88,"column":4},"end":{"line":88,"column":34}},"44":{"start":{"line":89,"column":4},"end":{"line":89,"column":52}},"45":{"start":{"line":90,"column":4},"end":{"line":90,"column":20}},"46":{"start":{"line":91,"column":4},"end":{"line":95,"column":7}},"47":{"start":{"line":97,"column":4},"end":{"line":97,"column":50}},"48":{"start":{"line":98,"column":4},"end":{"line":98,"column":80}},"49":{"start":{"line":102,"column":0},"end":{"line":146,"column":2}},"50":{"start":{"line":103,"column":2},"end":{"line":145,"column":3}},"51":{"start":{"line":104,"column":26},"end":{"line":104,"column":36}},"52":{"start":{"line":105,"column":15},"end":{"line":105,"column":45}},"53":{"start":{"line":106,"column":4},"end":{"line":108,"column":5}},"54":{"start":{"line":107,"column":6},"end":{"line":107,"column":99}},"55":{"start":{"line":109,"column":4},"end":{"line":118,"column":5}},"56":{"start":{"line":110,"column":24},"end":{"line":110,"column":48}},"57":{"start":{"line":111,"column":6},"end":{"line":113,"column":7}},"58":{"start":{"line":112,"column":8},"end":{"line":112,"column":123}},"59":{"start":{"line":114,"column":28},"end":{"line":114,"column":97}},"60":{"start":{"line":115,"column":6},"end":{"line":117,"column":7}},"61":{"start":{"line":116,"column":8},"end":{"line":116,"column":116}},"62":{"start":{"line":119,"column":4},"end":{"line":119,"column":30}},"63":{"start":{"line":120,"column":4},"end":{"line":125,"column":7}},"64":{"start":{"line":126,"column":23},"end":{"line":140,"column":5}},"65":{"start":{"line":141,"column":4},"end":{"line":141,"column":58}},"66":{"start":{"line":143,"column":4},"end":{"line":143,"column":49}},"67":{"start":{"line":144,"column":4},"end":{"line":144,"column":77}},"68":{"start":{"line":148,"column":0},"end":{"line":169,"column":2}},"69":{"start":{"line":149,"column":2},"end":{"line":168,"column":3}},"70":{"start":{"line":150,"column":26},"end":{"line":150,"column":36}},"71":{"start":{"line":151,"column":25},"end":{"line":151,"column":33}},"72":{"start":{"line":152,"column":15},"end":{"line":152,"column":121}},"73":{"start":{"line":153,"column":4},"end":{"line":155,"column":5}},"74":{"start":{"line":154,"column":6},"end":{"line":154,"column":83}},"75":{"start":{"line":156,"column":4},"end":{"line":158,"column":5}},"76":{"start":{"line":157,"column":6},"end":{"line":157,"column":107}},"77":{"start":{"line":159,"column":20},"end":{"line":159,"column":71}},"78":{"start":{"line":160,"column":4},"end":{"line":162,"column":5}},"79":{"start":{"line":161,"column":6},"end":{"line":161,"column":88}},"80":{"start":{"line":163,"column":18},"end":{"line":163,"column":87}},"81":{"start":{"line":164,"column":4},"end":{"line":164,"column":81}},"82":{"start":{"line":166,"column":4},"end":{"line":166,"column":51}},"83":{"start":{"line":167,"column":4},"end":{"line":167,"column":87}},"84":{"start":{"line":171,"column":0},"end":{"line":202,"column":2}},"85":{"start":{"line":172,"column":2},"end":{"line":201,"column":3}},"86":{"start":{"line":173,"column":26},"end":{"line":173,"column":36}},"87":{"start":{"line":174,"column":15},"end":{"line":174,"column":45}},"88":{"start":{"line":175,"column":4},"end":{"line":177,"column":5}},"89":{"start":{"line":176,"column":6},"end":{"line":176,"column":83}},"90":{"start":{"line":178,"column":4},"end":{"line":180,"column":5}},"91":{"start":{"line":179,"column":6},"end":{"line":179,"column":95}},"92":{"start":{"line":181,"column":4},"end":{"line":187,"column":5}},"93":{"start":{"line":182,"column":24},"end":{"line":182,"column":48}},"94":{"start":{"line":183,"column":28},"end":{"line":183,"column":97}},"95":{"start":{"line":184,"column":6},"end":{"line":186,"column":7}},"96":{"start":{"line":185,"column":8},"end":{"line":185,"column":92}},"97":{"start":{"line":188,"column":4},"end":{"line":188,"column":34}},"98":{"start":{"line":189,"column":4},"end":{"line":195,"column":7}},"99":{"start":{"line":196,"column":23},"end":{"line":196,"column":40}},"100":{"start":{"line":197,"column":4},"end":{"line":197,"column":50}},"101":{"start":{"line":199,"column":4},"end":{"line":199,"column":54}},"102":{"start":{"line":200,"column":4},"end":{"line":200,"column":79}}},"fnMap":{"0":{"name":"(anonymous_0)","decl":{"start":{"line":6,"column":27},"end":{"line":6,"column":28}},"loc":{"start":{"line":6,"column":47},"end":{"line":30,"column":1}},"line":6},"1":{"name":"(anonymous_1)","decl":{"start":{"line":32,"column":30},"end":{"line":32,"column":31}},"loc":{"start":{"line":32,"column":50},"end":{"line":80,"column":1}},"line":32},"2":{"name":"(anonymous_2)","decl":{"start":{"line":82,"column":30},"end":{"line":82,"column":31}},"loc":{"start":{"line":82,"column":50},"end":{"line":100,"column":1}},"line":82},"3":{"name":"(anonymous_3)","decl":{"start":{"line":102,"column":22},"end":{"line":102,"column":23}},"loc":{"start":{"line":102,"column":42},"end":{"line":146,"column":1}},"line":102},"4":{"name":"(anonymous_4)","decl":{"start":{"line":148,"column":25},"end":{"line":148,"column":26}},"loc":{"start":{"line":148,"column":45},"end":{"line":169,"column":1}},"line":148},"5":{"name":"(anonymous_5)","decl":{"start":{"line":171,"column":27},"end":{"line":171,"column":28}},"loc":{"start":{"line":171,"column":47},"end":{"line":202,"column":1}},"line":171}},"branchMap":{"0":{"loc":{"start":{"line":9,"column":4},"end":{"line":11,"column":5}},"type":"if","locations":[{"start":{"line":9,"column":4},"end":{"line":11,"column":5}},{"start":{},"end":{}}],"line":9},"1":{"loc":{"start":{"line":17,"column":20},"end":{"line":17,"column":49}},"type":"binary-expr","locations":[{"start":{"line":17,"column":20},"end":{"line":17,"column":40}},{"start":{"line":17,"column":44},"end":{"line":17,"column":49}}],"line":17},"2":{"loc":{"start":{"line":22,"column":25},"end":{"line":22,"column":58}},"type":"binary-expr","locations":[{"start":{"line":22,"column":25},"end":{"line":22,"column":50}},{"start":{"line":22,"column":54},"end":{"line":22,"column":58}}],"line":22},"3":{"loc":{"start":{"line":36,"column":4},"end":{"line":38,"column":5}},"type":"if","locations":[{"start":{"line":36,"column":4},"end":{"line":38,"column":5}},{"start":{},"end":{}}],"line":36},"4":{"loc":{"start":{"line":39,"column":4},"end":{"line":39,"column":37}},"type":"if","locations":[{"start":{"line":39,"column":4},"end":{"line":39,"column":37}},{"start":{},"end":{}}],"line":39},"5":{"loc":{"start":{"line":40,"column":4},"end":{"line":45,"column":5}},"type":"if","locations":[{"start":{"line":40,"column":4},"end":{"line":45,"column":5}},{"start":{},"end":{}}],"line":40},"6":{"loc":{"start":{"line":42,"column":6},"end":{"line":44,"column":7}},"type":"if","locations":[{"start":{"line":42,"column":6},"end":{"line":44,"column":7}},{"start":{},"end":{}}],"line":42},"7":{"loc":{"start":{"line":42,"column":10},"end":{"line":42,"column":43}},"type":"binary-expr","locations":[{"start":{"line":42,"column":10},"end":{"line":42,"column":18}},{"start":{"line":42,"column":22},"end":{"line":42,"column":43}}],"line":42},"8":{"loc":{"start":{"line":46,"column":4},"end":{"line":53,"column":5}},"type":"if","locations":[{"start":{"line":46,"column":4},"end":{"line":53,"column":5}},{"start":{},"end":{}}],"line":46},"9":{"loc":{"start":{"line":47,"column":6},"end":{"line":52,"column":7}},"type":"if","locations":[{"start":{"line":47,"column":6},"end":{"line":52,"column":7}},{"start":{"line":50,"column":13},"end":{"line":52,"column":7}}],"line":47},"10":{"loc":{"start":{"line":54,"column":4},"end":{"line":56,"column":5}},"type":"if","locations":[{"start":{"line":54,"column":4},"end":{"line":56,"column":5}},{"start":{},"end":{}}],"line":54},"11":{"loc":{"start":{"line":55,"column":29},"end":{"line":55,"column":72}},"type":"cond-expr","locations":[{"start":{"line":55,"column":41},"end":{"line":55,"column":60}},{"start":{"line":55,"column":63},"end":{"line":55,"column":72}}],"line":55},"12":{"loc":{"start":{"line":57,"column":4},"end":{"line":59,"column":5}},"type":"if","locations":[{"start":{"line":57,"column":4},"end":{"line":59,"column":5}},{"start":{},"end":{}}],"line":57},"13":{"loc":{"start":{"line":85,"column":4},"end":{"line":87,"column":5}},"type":"if","locations":[{"start":{"line":85,"column":4},"end":{"line":87,"column":5}},{"start":{},"end":{}}],"line":85},"14":{"loc":{"start":{"line":88,"column":17},"end":{"line":88,"column":33}},"type":"binary-expr","locations":[{"start":{"line":88,"column":17},"end":{"line":88,"column":27}},{"start":{"line":88,"column":31},"end":{"line":88,"column":33}}],"line":88},"15":{"loc":{"start":{"line":106,"column":4},"end":{"line":108,"column":5}},"type":"if","locations":[{"start":{"line":106,"column":4},"end":{"line":108,"column":5}},{"start":{},"end":{}}],"line":106},"16":{"loc":{"start":{"line":109,"column":4},"end":{"line":118,"column":5}},"type":"if","locations":[{"start":{"line":109,"column":4},"end":{"line":118,"column":5}},{"start":{},"end":{}}],"line":109},"17":{"loc":{"start":{"line":111,"column":6},"end":{"line":113,"column":7}},"type":"if","locations":[{"start":{"line":111,"column":6},"end":{"line":113,"column":7}},{"start":{},"end":{}}],"line":111},"18":{"loc":{"start":{"line":115,"column":6},"end":{"line":117,"column":7}},"type":"if","locations":[{"start":{"line":115,"column":6},"end":{"line":117,"column":7}},{"start":{},"end":{}}],"line":115},"19":{"loc":{"start":{"line":153,"column":4},"end":{"line":155,"column":5}},"type":"if","locations":[{"start":{"line":153,"column":4},"end":{"line":155,"column":5}},{"start":{},"end":{}}],"line":153},"20":{"loc":{"start":{"line":156,"column":4},"end":{"line":158,"column":5}},"type":"if","locations":[{"start":{"line":156,"column":4},"end":{"line":158,"column":5}},{"start":{},"end":{}}],"line":156},"21":{"loc":{"start":{"line":160,"column":4},"end":{"line":162,"column":5}},"type":"if","locations":[{"start":{"line":160,"column":4},"end":{"line":162,"column":5}},{"start":{},"end":{}}],"line":160},"22":{"loc":{"start":{"line":175,"column":4},"end":{"line":177,"column":5}},"type":"if","locations":[{"start":{"line":175,"column":4},"end":{"line":177,"column":5}},{"start":{},"end":{}}],"line":175},"23":{"loc":{"start":{"line":178,"column":4},"end":{"line":180,"column":5}},"type":"if","locations":[{"start":{"line":178,"column":4},"end":{"line":180,"column":5}},{"start":{},"end":{}}],"line":178},"24":{"loc":{"start":{"line":181,"column":4},"end":{"line":187,"column":5}},"type":"if","locations":[{"start":{"line":181,"column":4},"end":{"line":187,"column":5}},{"start":{},"end":{}}],"line":181},"25":{"loc":{"start":{"line":184,"column":6},"end":{"line":186,"column":7}},"type":"if","locations":[{"start":{"line":184,"column":6},"end":{"line":186,"column":7}},{"start":{},"end":{}}],"line":184},"26":{"loc":{"start":{"line":194,"column":26},"end":{"line":194,"column":52}},"type":"binary-expr","locations":[{"start":{"line":194,"column":26},"end":{"line":194,"column":42}},{"start":{"line":194,"column":46},"end":{"line":194,"column":52}}],"line":194}},"s":{"0":1,"1":1,"2":1,"3":1,"4":1,"5":0,"6":0,"7":0,"8":0,"9":0,"10":0,"11":0,"12":1,"13":0,"14":0,"15":0,"16":0,"17":0,"18":0,"19":0,"20":0,"21":0,"22":0,"23":0,"24":0,"25":0,"26":0,"27":0,"28":0,"29":0,"30":0,"31":0,"32":0,"33":0,"34":0,"35":0,"36":0,"37":0,"38":1,"39":0,"40":0,"41":0,"42":0,"43":0,"44":0,"45":0,"46":0,"47":0,"48":0,"49":1,"50":0,"51":0,"52":0,"53":0,"54":0,"55":0,"56":0,"57":0,"58":0,"59":0,"60":0,"61":0,"62":0,"63":0,"64":0,"65":0,"66":0,"67":0,"68":1,"69":0,"70":0,"71":0,"72":0,"73":0,"74":0,"75":0,"76":0,"77":0,"78":0,"79":0,"80":0,"81":0,"82":0,"83":0,"84":1,"85":0,"86":0,"87":0,"88":0,"89":0,"90":0,"91":0,"92":0,"93":0,"94":0,"95":0,"96":0,"97":0,"98":0,"99":0,"100":0,"101":0,"102":0},"f":{"0":0,"1":0,"2":0,"3":0,"4":0,"5":0},"b":{"0":[0,0],"1":[0,0],"2":[0,0],"3":[0,0],"4":[0,0],"5":[0,0],"6":[0,0],"7":[0,0],"8":[0,0],"9":[0,0],"10":[0,0],"11":[0,0],"12":[0,0],"13":[0,0],"14":[0,0],"15":[0,0],"16":[0,0],"17":[0,0],"18":[0,0],"19":[0,0],"20":[0,0],"21":[0,0],"22":[0,0],"23":[0,0],"24":[0,0],"25":[0,0],"26":[0,0]},"_coverageSchema":"1a1c01bbd47fc00a2c39e90264f33305004495a9","hash":"181bfa9b796df259f55be1ccdf92954458e0f6f7"}
,"D:\\One_Drive_AIEP\\OneDrive - Aiep\\Repo_AIEP\\cv-generator-pro\\cv-generator-backend\\src\\middleware\\auth.js": {"path":"D:\\One_Drive_AIEP\\OneDrive - Aiep\\Repo_AIEP\\cv-generator-pro\\cv-generator-backend\\src\\middleware\\auth.js","statementMap":{"0":{"start":{"line":1,"column":12},"end":{"line":1,"column":35}},"1":{"start":{"line":2,"column":13},"end":{"line":2,"column":38}},"2":{"start":{"line":4,"column":0},"end":{"line":40,"column":2}},"3":{"start":{"line":5,"column":2},"end":{"line":39,"column":3}},"4":{"start":{"line":7,"column":4},"end":{"line":11,"column":5}},"5":{"start":{"line":8,"column":6},"end":{"line":8,"column":54}},"6":{"start":{"line":9,"column":11},"end":{"line":11,"column":5}},"7":{"start":{"line":10,"column":6},"end":{"line":10,"column":32}},"8":{"start":{"line":12,"column":4},"end":{"line":14,"column":5}},"9":{"start":{"line":13,"column":6},"end":{"line":13,"column":106}},"10":{"start":{"line":15,"column":4},"end":{"line":35,"column":5}},"11":{"start":{"line":16,"column":22},"end":{"line":16,"column":75}},"12":{"start":{"line":17,"column":19},"end":{"line":17,"column":50}},"13":{"start":{"line":18,"column":6},"end":{"line":20,"column":7}},"14":{"start":{"line":19,"column":8},"end":{"line":19,"column":93}},"15":{"start":{"line":21,"column":6},"end":{"line":23,"column":7}},"16":{"start":{"line":22,"column":8},"end":{"line":22,"column":100}},"17":{"start":{"line":24,"column":6},"end":{"line":24,"column":22}},"18":{"start":{"line":25,"column":6},"end":{"line":25,"column":13}},"19":{"start":{"line":27,"column":6},"end":{"line":33,"column":7}},"20":{"start":{"line":28,"column":8},"end":{"line":32,"column":11}},"21":{"start":{"line":34,"column":6},"end":{"line":34,"column":82}},"22":{"start":{"line":37,"column":4},"end":{"line":37,"column":51}},"23":{"start":{"line":38,"column":4},"end":{"line":38,"column":81}},"24":{"start":{"line":42,"column":0},"end":{"line":62,"column":2}},"25":{"start":{"line":43,"column":2},"end":{"line":61,"column":3}},"26":{"start":{"line":45,"column":4},"end":{"line":49,"column":5}},"27":{"start":{"line":46,"column":6},"end":{"line":46,"column":54}},"28":{"start":{"line":47,"column":11},"end":{"line":49,"column":5}},"29":{"start":{"line":48,"column":6},"end":{"line":48,"column":32}},"30":{"start":{"line":50,"column":4},"end":{"line":57,"column":5}},"31":{"start":{"line":51,"column":6},"end":{"line":56,"column":7}},"32":{"start":{"line":52,"column":24},"end":{"line":52,"column":77}},"33":{"start":{"line":53,"column":8},"end":{"line":53,"column":51}},"34":{"start":{"line":55,"column":8},"end":{"line":55,"column":24}},"35":{"start":{"line":58,"column":4},"end":{"line":58,"column":11}},"36":{"start":{"line":60,"column":4},"end":{"line":60,"column":11}},"37":{"start":{"line":64,"column":0},"end":{"line":79,"column":2}},"38":{"start":{"line":65,"column":2},"end":{"line":78,"column":4}},"39":{"start":{"line":66,"column":4},"end":{"line":68,"column":5}},"40":{"start":{"line":67,"column":6},"end":{"line":67,"column":81}},"41":{"start":{"line":69,"column":4},"end":{"line":76,"column":5}},"42":{"start":{"line":70,"column":6},"end":{"line":75,"column":9}},"43":{"start":{"line":77,"column":4},"end":{"line":77,"column":11}},"44":{"start":{"line":81,"column":0},"end":{"line":100,"column":2}},"45":{"start":{"line":82,"column":2},"end":{"line":99,"column":4}},"46":{"start":{"line":83,"column":4},"end":{"line":98,"column":5}},"47":{"start":{"line":84,"column":20},"end":{"line":84,"column":49}},"48":{"start":{"line":85,"column":23},"end":{"line":85,"column":66}},"49":{"start":{"line":86,"column":6},"end":{"line":88,"column":7}},"50":{"start":{"line":87,"column":8},"end":{"line":87,"column":91}},"51":{"start":{"line":89,"column":29},"end":{"line":89,"column":85}},"52":{"start":{"line":90,"column":6},"end":{"line":92,"column":7}},"53":{"start":{"line":91,"column":8},"end":{"line":91,"column":115}},"54":{"start":{"line":93,"column":6},"end":{"line":93,"column":30}},"55":{"start":{"line":94,"column":6},"end":{"line":94,"column":13}},"56":{"start":{"line":96,"column":6},"end":{"line":96,"column":53}},"57":{"start":{"line":97,"column":6},"end":{"line":97,"column":87}},"58":{"start":{"line":102,"column":0},"end":{"line":136,"column":2}},"59":{"start":{"line":103,"column":2},"end":{"line":135,"column":4}},"60":{"start":{"line":104,"column":4},"end":{"line":134,"column":5}},"61":{"start":{"line":105,"column":19},"end":{"line":105,"column":27}},"62":{"start":{"line":106,"column":21},"end":{"line":106,"column":41}},"63":{"start":{"line":107,"column":6},"end":{"line":130,"column":7}},"64":{"start":{"line":109,"column":10},"end":{"line":117,"column":11}},"65":{"start":{"line":110,"column":12},"end":{"line":116,"column":15}},"66":{"start":{"line":118,"column":10},"end":{"line":118,"column":16}},"67":{"start":{"line":120,"column":10},"end":{"line":128,"column":11}},"68":{"start":{"line":121,"column":12},"end":{"line":127,"column":15}},"69":{"start":{"line":129,"column":10},"end":{"line":129,"column":16}},"70":{"start":{"line":131,"column":6},"end":{"line":131,"column":13}},"71":{"start":{"line":133,"column":6},"end":{"line":133,"column":18}}},"fnMap":{"0":{"name":"(anonymous_0)","decl":{"start":{"line":4,"column":18},"end":{"line":4,"column":19}},"loc":{"start":{"line":4,"column":44},"end":{"line":40,"column":1}},"line":4},"1":{"name":"(anonymous_1)","decl":{"start":{"line":42,"column":23},"end":{"line":42,"column":24}},"loc":{"start":{"line":42,"column":49},"end":{"line":62,"column":1}},"line":42},"2":{"name":"(anonymous_2)","decl":{"start":{"line":64,"column":22},"end":{"line":64,"column":23}},"loc":{"start":{"line":64,"column":43},"end":{"line":79,"column":1}},"line":64},"3":{"name":"(anonymous_3)","decl":{"start":{"line":65,"column":9},"end":{"line":65,"column":10}},"loc":{"start":{"line":65,"column":29},"end":{"line":78,"column":3}},"line":65},"4":{"name":"(anonymous_4)","decl":{"start":{"line":81,"column":27},"end":{"line":81,"column":28}},"loc":{"start":{"line":81,"column":56},"end":{"line":100,"column":1}},"line":81},"5":{"name":"(anonymous_5)","decl":{"start":{"line":82,"column":9},"end":{"line":82,"column":10}},"loc":{"start":{"line":82,"column":35},"end":{"line":99,"column":3}},"line":82},"6":{"name":"(anonymous_6)","decl":{"start":{"line":102,"column":26},"end":{"line":102,"column":27}},"loc":{"start":{"line":102,"column":41},"end":{"line":136,"column":1}},"line":102},"7":{"name":"(anonymous_7)","decl":{"start":{"line":103,"column":9},"end":{"line":103,"column":10}},"loc":{"start":{"line":103,"column":35},"end":{"line":135,"column":3}},"line":103}},"branchMap":{"0":{"loc":{"start":{"line":7,"column":4},"end":{"line":11,"column":5}},"type":"if","locations":[{"start":{"line":7,"column":4},"end":{"line":11,"column":5}},{"start":{"line":9,"column":11},"end":{"line":11,"column":5}}],"line":7},"1":{"loc":{"start":{"line":9,"column":11},"end":{"line":11,"column":5}},"type":"if","locations":[{"start":{"line":9,"column":11},"end":{"line":11,"column":5}},{"start":{},"end":{}}],"line":9},"2":{"loc":{"start":{"line":12,"column":4},"end":{"line":14,"column":5}},"type":"if","locations":[{"start":{"line":12,"column":4},"end":{"line":14,"column":5}},{"start":{},"end":{}}],"line":12},"3":{"loc":{"start":{"line":16,"column":40},"end":{"line":16,"column":74}},"type":"binary-expr","locations":[{"start":{"line":16,"column":40},"end":{"line":16,"column":62}},{"start":{"line":16,"column":66},"end":{"line":16,"column":74}}],"line":16},"4":{"loc":{"start":{"line":18,"column":6},"end":{"line":20,"column":7}},"type":"if","locations":[{"start":{"line":18,"column":6},"end":{"line":20,"column":7}},{"start":{},"end":{}}],"line":18},"5":{"loc":{"start":{"line":21,"column":6},"end":{"line":23,"column":7}},"type":"if","locations":[{"start":{"line":21,"column":6},"end":{"line":23,"column":7}},{"start":{},"end":{}}],"line":21},"6":{"loc":{"start":{"line":27,"column":6},"end":{"line":33,"column":7}},"type":"if","locations":[{"start":{"line":27,"column":6},"end":{"line":33,"column":7}},{"start":{},"end":{}}],"line":27},"7":{"loc":{"start":{"line":45,"column":4},"end":{"line":49,"column":5}},"type":"if","locations":[{"start":{"line":45,"column":4},"end":{"line":49,"column":5}},{"start":{"line":47,"column":11},"end":{"line":49,"column":5}}],"line":45},"8":{"loc":{"start":{"line":47,"column":11},"end":{"line":49,"column":5}},"type":"if","locations":[{"start":{"line":47,"column":11},"end":{"line":49,"column":5}},{"start":{},"end":{}}],"line":47},"9":{"loc":{"start":{"line":50,"column":4},"end":{"line":57,"column":5}},"type":"if","locations":[{"start":{"line":50,"column":4},"end":{"line":57,"column":5}},{"start":{},"end":{}}],"line":50},"10":{"loc":{"start":{"line":52,"column":42},"end":{"line":52,"column":76}},"type":"binary-expr","locations":[{"start":{"line":52,"column":42},"end":{"line":52,"column":64}},{"start":{"line":52,"column":68},"end":{"line":52,"column":76}}],"line":52},"11":{"loc":{"start":{"line":66,"column":4},"end":{"line":68,"column":5}},"type":"if","locations":[{"start":{"line":66,"column":4},"end":{"line":68,"column":5}},{"start":{},"end":{}}],"line":66},"12":{"loc":{"start":{"line":69,"column":4},"end":{"line":76,"column":5}},"type":"if","locations":[{"start":{"line":69,"column":4},"end":{"line":76,"column":5}},{"start":{},"end":{}}],"line":69},"13":{"loc":{"start":{"line":81,"column":35},"end":{"line":81,"column":51}},"type":"default-arg","locations":[{"start":{"line":81,"column":47},"end":{"line":81,"column":51}}],"line":81},"14":{"loc":{"start":{"line":86,"column":6},"end":{"line":88,"column":7}},"type":"if","locations":[{"start":{"line":86,"column":6},"end":{"line":88,"column":7}},{"start":{},"end":{}}],"line":86},"15":{"loc":{"start":{"line":89,"column":29},"end":{"line":89,"column":85}},"type":"binary-expr","locations":[{"start":{"line":89,"column":29},"end":{"line":89,"column":54}},{"start":{"line":89,"column":58},"end":{"line":89,"column":85}}],"line":89},"16":{"loc":{"start":{"line":90,"column":6},"end":{"line":92,"column":7}},"type":"if","locations":[{"start":{"line":90,"column":6},"end":{"line":92,"column":7}},{"start":{},"end":{}}],"line":90},"17":{"loc":{"start":{"line":107,"column":6},"end":{"line":130,"column":7}},"type":"switch","locations":[{"start":{"line":108,"column":8},"end":{"line":118,"column":16}},{"start":{"line":119,"column":8},"end":{"line":129,"column":16}}],"line":107},"18":{"loc":{"start":{"line":109,"column":10},"end":{"line":117,"column":11}},"type":"if","locations":[{"start":{"line":109,"column":10},"end":{"line":117,"column":11}},{"start":{},"end":{}}],"line":109},"19":{"loc":{"start":{"line":120,"column":10},"end":{"line":128,"column":11}},"type":"if","locations":[{"start":{"line":120,"column":10},"end":{"line":128,"column":11}},{"start":{},"end":{}}],"line":120}},"s":{"0":1,"1":1,"2":1,"3":3,"4":3,"5":1,"6":2,"7":1,"8":3,"9":1,"10":2,"11":2,"12":0,"13":0,"14":0,"15":0,"16":0,"17":0,"18":0,"19":2,"20":0,"21":2,"22":0,"23":0,"24":1,"25":0,"26":0,"27":0,"28":0,"29":0,"30":0,"31":0,"32":0,"33":0,"34":0,"35":0,"36":0,"37":1,"38":0,"39":0,"40":0,"41":0,"42":0,"43":0,"44":1,"45":0,"46":0,"47":0,"48":0,"49":0,"50":0,"51":0,"52":0,"53":0,"54":0,"55":0,"56":0,"57":0,"58":1,"59":0,"60":0,"61":0,"62":0,"63":0,"64":0,"65":0,"66":0,"67":0,"68":0,"69":0,"70":0,"71":0},"f":{"0":3,"1":0,"2":0,"3":0,"4":0,"5":0,"6":0,"7":0},"b":{"0":[1,2],"1":[1,1],"2":[1,2],"3":[2,2],"4":[0,0],"5":[0,0],"6":[0,2],"7":[0,0],"8":[0,0],"9":[0,0],"10":[0,0],"11":[0,0],"12":[0,0],"13":[0],"14":[0,0],"15":[0,0],"16":[0,0],"17":[0,0],"18":[0,0],"19":[0,0]},"_coverageSchema":"1a1c01bbd47fc00a2c39e90264f33305004495a9","hash":"301cf980f1e4ad1f9bb4e278731710626c62b118"}
,"D:\\One_Drive_AIEP\\OneDrive - Aiep\\Repo_AIEP\\cv-generator-pro\\cv-generator-backend\\src\\middleware\\rateLimiter.js": {"path":"D:\\One_Drive_AIEP\\OneDrive - Aiep\\Repo_AIEP\\cv-generator-pro\\cv-generator-backend\\src\\middleware\\rateLimiter.js","statementMap":{"0":{"start":{"line":1,"column":18},"end":{"line":1,"column":47}},"1":{"start":{"line":3,"column":0},"end":{"line":9,"column":3}},"2":{"start":{"line":11,"column":0},"end":{"line":16,"column":3}},"3":{"start":{"line":18,"column":0},"end":{"line":22,"column":3}},"4":{"start":{"line":24,"column":0},"end":{"line":28,"column":3}},"5":{"start":{"line":30,"column":0},"end":{"line":34,"column":3}}},"fnMap":{},"branchMap":{},"s":{"0":0,"1":0,"2":0,"3":0,"4":0,"5":0},"f":{},"b":{}}
[...]
ne":121,"column":2},"end":{"line":124,"column":3}},"42":{"start":{"line":122,"column":4},"end":{"line":122,"column":34}},"43":{"start":{"line":123,"column":4},"end":{"line":123,"column":46}},"44":{"start":{"line":125,"column":2},"end":{"line":127,"column":3}},"45":{"start":{"line":126,"column":4},"end":{"line":126,"column":106}},"46":{"start":{"line":128,"column":2},"end":{"line":128,"column":14}},"47":{"start":{"line":131,"column":0},"end":{"line":131,"column":52}}},"fnMap":{"0":{"name":"(anonymous_0)","decl":{"start":{"line":67,"column":23},"end":{"line":67,"column":24}},"loc":{"start":{"line":67,"column":44},"end":{"line":72,"column":1}},"line":67},"1":{"name":"(anonymous_1)","decl":{"start":{"line":74,"column":37},"end":{"line":74,"column":38}},"loc":{"start":{"line":74,"column":71},"end":{"line":77,"column":1}},"line":74},"2":{"name":"(anonymous_2)","decl":{"start":{"line":79,"column":39},"end":{"line":79,"column":40}},"loc":{"start":{"line":79,"column":50},"end":{"line":85,"column":1}},"line":79},"3":{"name":"(anonymous_3)","decl":{"start":{"line":87,"column":30},"end":{"line":87,"column":31}},"loc":{"start":{"line":87,"column":41},"end":{"line":89,"column":1}},"line":87},"4":{"name":"(anonymous_4)","decl":{"start":{"line":91,"column":38},"end":{"line":91,"column":39}},"loc":{"start":{"line":91,"column":55},"end":{"line":100,"column":1}},"line":91},"5":{"name":"(anonymous_5)","decl":{"start":{"line":102,"column":35},"end":{"line":102,"column":36}},"loc":{"start":{"line":102,"column":46},"end":{"line":109,"column":1}},"line":102},"6":{"name":"(anonymous_6)","decl":{"start":{"line":111,"column":33},"end":{"line":111,"column":34}},"loc":{"start":{"line":111,"column":44},"end":{"line":114,"column":1}},"line":111},"7":{"name":"(anonymous_7)","decl":{"start":{"line":116,"column":39},"end":{"line":116,"column":40}},"loc":{"start":{"line":116,"column":71},"end":{"line":129,"column":1}},"line":116}},"branchMap":{"0":{"loc":{"start":{"line":68,"column":2},"end":{"line":68,"column":68}},"type":"if","locations":[{"start":{"line":68,"column":2},"end":{"line":68,"column":68}},{"start":{},"end":{}}],"line":68},"1":{"loc":{"start":{"line":68,"column":6},"end":{"line":68,"column":52}},"type":"binary-expr","locations":[{"start":{"line":68,"column":6},"end":{"line":68,"column":34}},{"start":{"line":68,"column":38},"end":{"line":68,"column":52}}],"line":68},"2":{"loc":{"start":{"line":75,"column":2},"end":{"line":75,"column":35}},"type":"if","locations":[{"start":{"line":75,"column":2},"end":{"line":75,"column":35}},{"start":{},"end":{}}],"line":75},"3":{"loc":{"start":{"line":82,"column":4},"end":{"line":82,"column":38}},"type":"binary-expr","locations":[{"start":{"line":82,"column":4},"end":{"line":82,"column":26}},{"start":{"line":82,"column":30},"end":{"line":82,"column":38}}],"line":82},"4":{"loc":{"start":{"line":83,"column":17},"end":{"line":83,"column":47}},"type":"binary-expr","locations":[{"start":{"line":83,"column":17},"end":{"line":83,"column":39}},{"start":{"line":83,"column":43},"end":{"line":83,"column":47}}],"line":83},"5":{"loc":{"start":{"line":88,"column":9},"end":{"line":88,"column":54}},"type":"binary-expr","locations":[{"start":{"line":88,"column":9},"end":{"line":88,"column":23}},{"start":{"line":88,"column":27},"end":{"line":88,"column":54}}],"line":88},"6":{"loc":{"start":{"line":92,"column":2},"end":{"line":94,"column":3}},"type":"if","locations":[{"start":{"line":92,"column":2},"end":{"line":94,"column":3}},{"start":{},"end":{}}],"line":92},"7":{"loc":{"start":{"line":92,"column":6},"end":{"line":92,"column":51}},"type":"binary-expr","locations":[{"start":{"line":92,"column":6},"end":{"line":92,"column":20}},{"start":{"line":92,"column":24},"end":{"line":92,"column":51}}],"line":92},"8":{"loc":{"start":{"line":96,"column":2},"end":{"line":98,"column":3}},"type":"if","locations":[{"start":{"line":96,"column":2},"end":{"line":98,"column":3}},{"start":{},"end":{}}],"line":96},"9":{"loc":{"start":{"line":108,"column":9},"end":{"line":108,"column":41}},"type":"binary-expr","locations":[{"start":{"line":108,"column":9},"end":{"line":108,"column":26}},{"start":{"line":108,"column":30},"end":{"line":108,"column":41}}],"line":108},"10":{"loc":{"start":{"line":118,"column":2},"end":{"line":118,"column":55}},"type":"if","locations":[{"start":{"line":118,"column":2},"end":{"line":118,"column":55}},{"start":{},"end":{}}],"line":118},"11":{"loc":{"start":{"line":119,"column":2},"end":{"line":119,"column":93}},"type":"if","locations":[{"start":{"line":119,"column":2},"end":{"line":119,"column":93}},{"start":{},"end":{}}],"line":119},"12":{"loc":{"start":{"line":121,"column":2},"end":{"line":124,"column":3}},"type":"if","locations":[{"start":{"line":121,"column":2},"end":{"line":124,"column":3}},{"start":{},"end":{}}],"line":121},"13":{"loc":{"start":{"line":125,"column":2},"end":{"line":127,"column":3}},"type":"if","locations":[{"start":{"line":125,"column":2},"end":{"line":127,"column":3}},{"start":{},"end":{}}],"line":125}},"s":{"0":3,"1":3,"2":3,"3":3,"4":3,"5":3,"6":3,"7":3,"8":0,"9":0,"10":0,"11":0,"12":0,"13":3,"14":0,"15":0,"16":0,"17":3,"18":0,"19":3,"20":0,"21":3,"22":0,"23":0,"24":0,"25":0,"26":0,"27":0,"28":3,"29":0,"30":0,"31":3,"32":0,"33":0,"34":3,"35":0,"36":0,"37":0,"38":0,"39":0,"40":0,"41":0,"42":0,"43":0,"44":0,"45":0,"46":0,"47":3},"f":{"0":0,"1":0,"2":0,"3":0,"4":0,"5":0,"6":0,"7":0},"b":{"0":[0,0],"1":[0,0],"2":[0,0],"3":[0,0],"4":[0,0],"5":[0,0],"6":[0,0],"7":[0,0],"8":[0,0],"9":[0,0],"10":[0,0],"11":[0,0],"12":[0,0],"13":[0,0]},"_coverageSchema":"1a1c01bbd47fc00a2c39e90264f33305004495a9","hash":"1ad5be436814dac9556c6fd8a249d9c9f410f5e4"}
,"D:\\One_Drive_AIEP\\OneDrive - Aiep\\Repo_AIEP\\cv-generator-pro\\cv-generator-backend\\src\\routes\\analytics.js": {"path":"D:\\One_Drive_AIEP\\OneDrive - Aiep\\Repo_AIEP\\cv-generator-pro\\cv-generator-backend\\src\\routes\\analytics.js","statementMap":{"0":{"start":{"line":1,"column":16},"end":{"line":1,"column":34}},"1":{"start":{"line":2,"column":15},"end":{"line":2,"column":31}},"2":{"start":{"line":3,"column":28},"end":{"line":3,"column":73}},"3":{"start":{"line":4,"column":33},"end":{"line":4,"column":62}},"4":{"start":{"line":5,"column":53},"end":{"line":5,"column":88}},"5":{"start":{"line":7,"column":0},"end":{"line":7,"column":20}},"6":{"start":{"line":9,"column":0},"end":{"line":9,"column":59}},"7":{"start":{"line":10,"column":0},"end":{"line":10,"column":106}},"8":{"start":{"line":11,"column":0},"end":{"line":11,"column":155}},"9":{"start":{"line":12,"column":0},"end":{"line":12,"column":93}},"10":{"start":{"line":14,"column":0},"end":{"line":14,"column":24}}},"fnMap":{},"branchMap":{},"s":{"0":0,"1":0,"2":0,"3":0,"4":0,"5":0,"6":0,"7":0,"8":0,"9":0,"10":0},"f":{},"b":{}}
,"D:\\One_Drive_AIEP\\OneDrive - Aiep\\Repo_AIEP\\cv-generator-pro\\cv-generator-backend\\src\\routes\\auth.js": {"path":"D:\\One_Drive_AIEP\\OneDrive - Aiep\\Repo_AIEP\\cv-generator-pro\\cv-generator-backend\\src\\routes\\auth.js","statementMap":{"0":{"start":{"line":1,"column":16},"end":{"line":1,"column":34}},"1":{"start":{"line":2,"column":15},"end":{"line":2,"column":31}},"2":{"start":{"line":3,"column":17},"end":{"line":3,"column":36}},"3":{"start":{"line":4,"column":23},"end":{"line":4,"column":63}},"4":{"start":{"line":5,"column":20},"end":{"line":5,"column":49}},"5":{"start":{"line":6,"column":24},"end":{"line":6,"column":60}},"6":{"start":{"line":7,"column":68},"end":{"line":7,"column":103}},"7":{"start":{"line":9,"column":0},"end":{"line":9,"column":105}},"8":{"start":{"line":10,"column":0},"end":{"line":10,"column":96}},"9":{"start":{"line":11,"column":0},"end":{"line":11,"column":76}},"10":{"start":{"line":12,"column":0},"end":{"line":12,"column":81}},"11":{"start":{"line":14,"column":0},"end":{"line":14,"column":49}},"12":{"start":{"line":15,"column":0},"end":{"line":15,"column":62}},"13":{"start":{"line":16,"column":0},"end":{"line":16,"column":64}},"14":{"start":{"line":17,"column":0},"end":{"line":17,"column":55}},"15":{"start":{"line":19,"column":0},"end":{"line":28,"column":1}},"16":{"start":{"line":20,"column":2},"end":{"line":20,"column":90}},"17":{"start":{"line":21,"column":2},"end":{"line":27,"column":4}},"18":{"start":{"line":24,"column":20},"end":{"line":24,"column":48}},"19":{"start":{"line":25,"column":6},"end":{"line":25,"column":106}},"20":{"start":{"line":30,"column":0},"end":{"line":42,"column":1}},"21":{"start":{"line":31,"column":2},"end":{"line":31,"column":61}},"22":{"start":{"line":32,"column":2},"end":{"line":41,"column":4}},"23":{"start":{"line":35,"column":20},"end":{"line":35,"column":48}},"24":{"start":{"line":36,"column":28},"end":{"line":36,"column":57}},"25":{"start":{"line":37,"column":19},"end":{"line":37,"column":70}},"26":{"start":{"line":38,"column":18},"end":{"line":38,"column":134}},"27":{"start":{"line":39,"column":6},"end":{"line":39,"column":24}},"28":{"start":{"line":44,"column":0},"end":{"line":44,"column":24}}},"fnMap":{"0":{"name":"(anonymous_0)","decl":{"start":{"line":23,"column":4},"end":{"line":23,"column":5}},"loc":{"start":{"line":23,"column":18},"end":{"line":26,"column":5}},"line":23},"1":{"name":"(anonymous_1)","decl":{"start":{"line":34,"column":4},"end":{"line":34,"column":5}},"loc":{"start":{"line":34,"column":18},"end":{"line":40,"column":5}},"line":34}},"branchMap":{"0":{"loc":{"start":{"line":19,"column":0},"end":{"line":28,"column":1}},"type":"if","locations":[{"start":{"line":19,"column":0},"end":{"line":28,"column":1}},{"start":{},"end":{}}],"line":19},"1":{"loc":{"start":{"line":22,"column":74},"end":{"line":22,"column":125}},"type":"binary-expr","locations":[{"start":{"line":22,"column":74},"end":{"line":22,"column":98}},{"start":{"line":22,"column":102},"end":{"line":22,"column":125}}],"line":22},"2":{"loc":{"start":{"line":25,"column":22},"end":{"line":25,"column":73}},"type":"binary-expr","locations":[{"start":{"line":25,"column":22},"end":{"line":25,"column":46}},{"start":{"line":25,"column":50},"end":{"line":25,"column":73}}],"line":25},"3":{"loc":{"start":{"line":30,"column":0},"end":{"line":42,"column":1}},"type":"if","locations":[{"start":{"line":30,"column":0},"end":{"line":42,"column":1}},{"start":{},"end":{}}],"line":30},"4":{"loc":{"start":{"line":33,"column":76},"end":{"line":33,"column":127}},"type":"binary-expr","locations":[{"start":{"line":33,"column":76},"end":{"line":33,"column":100}},{"start":{"line":33,"column":104},"end":{"line":33,"column":127}}],"line":33},"5":{"loc":{"start":{"line":37,"column":19},"end":{"line":37,"column":70}},"type":"binary-expr","locations":[{"start":{"line":37,"column":19},"end":{"line":37,"column":43}},{"start":{"line":37,"column":47},"end":{"line":37,"column":70}}],"line":37},"6":{"loc":{"start":{"line":38,"column":18},"end":{"line":38,"column":134}},"type":"cond-expr","locations":[{"start":{"line":38,"column":34},"end":{"line":38,"column":93}},{"start":{"line":38,"column":96},"end":{"line":38,"column":134}}],"line":38}},"s":{"0":0,"1":0,"2":0,"3":0,"4":0,"5":0,"6":0,"7":0,"8":0,"9":0,"10":0,"11":0,"12":0,"13":0,"14":0,"15":0,"16":0,"17":0,"18":0,"19":0,"20":0,"21":0,"22":0,"23":0,"24":0,"25":0,"26":0,"27":0,"28":0},"f":{"0":0,"1":0},"b":{"0":[0,0],"1":[0,0],"2":[0,0],"3":[0,0],"4":[0,0],"5":[0,0],"6":[0,0]}}
,"D:\\One_Drive_AIEP\\OneDrive - Aiep\\Repo_AIEP\\cv-generator-pro\\cv-generator-backend\\src\\routes\\cv.js": {"path":"D:\\One_Drive_AIEP\\OneDrive - Aiep\\Repo_AIEP\\cv-generator-pro\\cv-generator-backend\\src\\routes\\cv.js","statementMap":{"0":{"start":{"line":1,"column":16},"end":{"line":1,"column":34}},"1":{"start":{"line":2,"column":15},"end":{"line":2,"column":31}},"2":{"start":{"line":3,"column":21},"end":{"line":3,"column":59}},"3":{"start":{"line":4,"column":24},"end":{"line":4,"column":65}},"4":{"start":{"line":5,"column":37},"end":{"line":5,"column":66}},"5":{"start":{"line":6,"column":41},"end":{"line":6,"column":77}},"6":{"start":{"line":7,"column":80},"end":{"line":7,"column":115}},"7":{"start":{"line":9,"column":0},"end":{"line":9,"column":20}},"8":{"start":{"line":11,"column":0},"end":{"line":13,"column":106}},"9":{"start":{"line":15,"column":0},"end":{"line":18,"column":81}},"10":{"start":{"line":20,"column":0},"end":{"line":20,"column":120}},"11":{"start":{"line":21,"column":0},"end":{"line":21,"column":112}},"12":{"start":{"line":22,"column":0},"end":{"line":22,"column":85}},"13":{"start":{"line":24,"column":0},"end":{"line":26,"column":107}},"14":{"start":{"line":28,"column":0},"end":{"line":28,"column":126}},"15":{"start":{"line":30,"column":0},"end":{"line":30,"column":24}}},"fnMap":{},"branchMap":{},"s":{"0":0,"1":0,"2":0,"3":0,"4":0,"5":0,"6":0,"7":0,"8":0,"9":0,"10":0,"11":0,"12":0,"13":0,"14":0,"15":0},"f":{},"b":{}}
,"D:\\One_Drive_AIEP\\OneDrive - Aiep\\Repo_AIEP\\cv-generator-pro\\cv-generator-backend\\src\\routes\\share.js": {"path":"D:\\One_Drive_AIEP\\OneDrive - Aiep\\Repo_AIEP\\cv-generator-pro\\cv-generator-backend\\src\\routes\\share.js","statementMap":{"0":{"start":{"line":1,"column":16},"end":{"line":1,"column":34}},"1":{"start":{"line":2,"column":15},"end":{"line":2,"column":31}},"2":{"start":{"line":3,"column":24},"end":{"line":3,"column":65}},"3":{"start":{"line":4,"column":25},"end":{"line":4,"column":54}},"4":{"start":{"line":5,"column":29},"end":{"line":5,"column":65}},"5":{"start":{"line":7,"column":0},"end":{"line":7,"column":87}},"6":{"start":{"line":8,"column":0},"end":{"line":8,"column":84}},"7":{"start":{"line":9,"column":0},"end":{"line":9,"column":87}},"8":{"start":{"line":11,"column":0},"end":{"line":11,"column":24}}},"fnMap":{},"branchMap":{},"s":{"0":0,"1":0,"2":0,"3":0,"4":0,"5":0,"6":0,"7":0,"8":0},"f":{},"b":{}}
,"D:\\One_Drive_AIEP\\OneDrive - Aiep\\Repo_AIEP\\cv-generator-pro\\cv-generator-backend\\src\\services\\pdfGenerator.js": {"path":"D:\\One_Drive_AIEP\\OneDrive - Aiep\\Repo_AIEP\\cv-generator-pro\\cv-generator-backend\\src\\services\\pdfGenerator.js","statementMap":{"0":{"start":{"line":1,"column":20},"end":{"line":1,"column":37}},"1":{"start":{"line":2,"column":21},"end":{"line":2,"column":38}},"2":{"start":{"line":10,"column":2},"end":{"line":63,"column":5}},"3":{"start":{"line":11,"column":4},"end":{"line":62,"column":5}},"4":{"start":{"line":12,"column":18},"end":{"line":12,"column":35}},"5":{"start":{"line":13,"column":22},"end":{"line":13,"column":24}},"6":{"start":{"line":15,"column":6},"end":{"line":15,"column":49}},"7":{"start":{"line":16,"column":6},"end":{"line":18,"column":9}},"8":{"start":{"line":17,"column":8},"end":{"line":17,"column":40}},"9":{"start":{"line":21,"column":6},"end":{"line":23,"column":9}},"10":{"start":{"line":25,"column":6},"end":{"line":25,"column":21}},"11":{"start":{"line":28,"column":6},"end":{"line":35,"column":7}},"12":{"start":{"line":29,"column":8},"end":{"line":32,"column":40}},"13":{"start":{"line":33,"column":8},"end":{"line":33,"column":84}},"14":{"start":{"line":34,"column":8},"end":{"line":34,"column":23}},"15":{"start":{"line":38,"column":6},"end":{"line":46,"column":7}},"16":{"start":{"line":39,"column":8},"end":{"line":39,"column":68}},"17":{"start":{"line":40,"column":8},"end":{"line":44,"column":11}},"18":{"start":{"line":41,"column":10},"end":{"line":41,"column":75}},"19":{"start":{"line":42,"column":10},"end":{"line":42,"column":69}},"20":{"start":{"line":43,"column":10},"end":{"line":43,"column":28}},"21":{"start":{"line":45,"column":8},"end":{"line":45,"column":23}},"22":{"start":{"line":49,"column":6},"end":{"line":57,"column":7}},"23":{"start":{"line":50,"column":8},"end":{"line":50,"column":66}},"24":{"start":{"line":51,"column":8},"end":{"line":55,"column":11}},"25":{"start":{"line":52,"column":10},"end":{"line":52,"column":73}},"26":{"start":{"line":53,"column":10},"end":{"line":53,"column":73}},"27":{"start":{"line":54,"column":10},"end":{"line":54,"column":28}},"28":{"start":{"line":56,"column":8},"end":{"line":56,"column":23}},"29":{"start":{"line":59,"column":6},"end":{"line":59,"column":16}},"30":{"start":{"line":61,"column":6},"end":{"line":61,"column":20}},"31":{"start":{"line":66,"column":0},"end":{"line":68,"column":2}}},"fnMap":{"0":{"name":"generatePDF","decl":{"start":{"line":9,"column":15},"end":{"line":9,"column":26}},"loc":{"start":{"line":9,"column":35},"end":{"line":64,"column":1}},"line":9},"1":{"name":"(anonymous_1)","decl":{"start":{"line":10,"column":21},"end":{"line":10,"column":22}},"loc":{"start":{"line":10,"column":42},"end":{"line":63,"column":3}},"line":10},"2":{"name":"(anonymous_2)","decl":{"start":{"line":16,"column":20},"end":{"line":16,"column":21}},"loc":{"start":{"line":16,"column":26},"end":{"line":18,"column":7}},"line":16},"3":{"name":"(anonymous_3)","decl":{"start":{"line":40,"column":34},"end":{"line":40,"column":35}},"loc":{"start":{"line":40,"column":43},"end":{"line":44,"column":9}},"line":40},"4":{"name":"(anonymous_4)","decl":{"start":{"line":51,"column":33},"end":{"line":51,"column":34}},"loc":{"start":{"line":51,"column":42},"end":{"line":55,"column":9}},"line":51}},"branchMap":{"0":{"loc":{"start":{"line":21,"column":51},"end":{"line":21,"column":71}},"type":"binary-expr","locations":[{"start":{"line":21,"column":51},"end":{"line":21,"column":63}},{"start":{"line":21,"column":67},"end":{"line":21,"column":71}}],"line":21},"1":{"loc":{"start":{"line":28,"column":6},"end":{"line":35,"column":7}},"type":"if","locations":[{"start":{"line":28,"column":6},"end":{"line":35,"column":7}},{"start":{},"end":{}}],"line":28},"2":{"loc":{"start":{"line":33,"column":48},"end":{"line":33,"column":82}},"type":"binary-expr","locations":[{"start":{"line":33,"column":48},"end":{"line":33,"column":76}},{"start":{"line":33,"column":80},"end":{"line":33,"column":82}}],"line":33},"3":{"loc":{"start":{"line":38,"column":6},"end":{"line":46,"column":7}},"type":"if","locations":[{"start":{"line":38,"column":6},"end":{"line":46,"column":7}},{"start":{},"end":{}}],"line":38},"4":{"loc":{"start":{"line":38,"column":10},"end":{"line":38,"column":59}},"type":"binary-expr","locations":[{"start":{"line":38,"column":10},"end":{"line":38,"column":27}},{"start":{"line":38,"column":31},"end":{"line":38,"column":59}}],"line":38},"5":{"loc":{"start":{"line":41,"column":55},"end":{"line":41,"column":73}},"type":"binary-expr","locations":[{"start":{"line":41,"column":55},"end":{"line":41,"column":67}},{"start":{"line":41,"column":71},"end":{"line":41,"column":73}}],"line":41},"6":{"loc":{"start":{"line":42,"column":50},"end":{"line":42,"column":67}},"type":"binary-expr","locations":[{"start":{"line":42,"column":50},"end":{"line":42,"column":61}},{"start":{"line":42,"column":65},"end":{"line":42,"column":67}}],"line":42},"7":{"loc":{"start":{"line":49,"column":6},"end":{"line":57,"column":7}},"type":"if","locations":[{"start":{"line":49,"column":6},"end":{"line":57,"column":7}},{"start":{},"end":{}}],"line":49},"8":{"loc":{"start":{"line":49,"column":10},"end":{"line":49,"column":57}},"type":"binary-expr","locations":[{"start":{"line":49,"column":10},"end":{"line":49,"column":26}},{"start":{"line":49,"column":30},"end":{"line":49,"column":57}}],"line":49},"9":{"loc":{"start":{"line":52,"column":55},"end":{"line":52,"column":71}},"type":"binary-expr","locations":[{"start":{"line":52,"column":55},"end":{"line":52,"column":65}},{"start":{"line":52,"column":69},"end":{"line":52,"column":71}}],"line":52},"10":{"loc":{"start":{"line":53,"column":50},"end":{"line":53,"column":71}},"type":"binary-expr","locations":[{"start":{"line":53,"column":50},"end":{"line":53,"column":65}},{"start":{"line":53,"column":69},"end":{"line":53,"column":71}}],"line":53}},"s":{"0":0,"1":0,"2":0,"3":0,"4":0,"5":0,"6":0,"7":0,"8":0,"9":0,"10":0,"11":0,"12":0,"13":0,"14":0,"15":0,"16":0,"17":0,"18":0,"19":0,"20":0,"21":0,"22":0,"23":0,"24":0,"25":0,"26":0,"27":0,"28":0,"29":0,"30":0,"31":0},"f":{"0":0,"1":0,"2":0,"3":0,"4":0},"b":{"0":[0,0],"1":[0,0],"2":[0,0],"3":[0,0],"4":[0,0],"5":[0,0],"6":[0,0],"7":[0,0],"8":[0,0],"9":[0,0],"10":[0,0]}}
}
