TN:
SF:src\app.js
FN:43,(anonymous_0)
FN:57,(anonymous_1)
FN:64,(anonymous_2)
FN:68,(anonymous_3)
FNF:4
FNH:0
FNDA:0,(anonymous_0)
FNDA:0,(anonymous_1)
FNDA:0,(anonymous_2)
FNDA:0,(anonymous_3)
DA:1,0
DA:2,0
DA:3,0
DA:4,0
DA:5,0
DA:6,0
DA:8,0
DA:10,0
DA:11,0
DA:13,0
DA:14,0
DA:15,0
DA:16,0
DA:17,0
DA:19,0
DA:21,0
DA:23,0
DA:30,0
DA:31,0
DA:32,0
DA:34,0
DA:35,0
DA:37,0
DA:40,0
DA:41,0
DA:43,0
DA:44,0
DA:51,0
DA:52,0
DA:53,0
DA:54,0
DA:55,0
DA:57,0
DA:58,0
DA:64,0
DA:65,0
DA:67,0
DA:68,0
DA:69,0
DA:71,0
DA:72,0
DA:73,0
DA:75,0
DA:76,0
DA:78,0
DA:79,0
DA:82,0
DA:89,0
LF:48
LH:0
BRDA:24,0,0,0
BRDA:24,0,1,0
BRDA:34,1,0,0
BRDA:34,1,1,0
BRDA:67,2,0,0
BRDA:67,2,1,0
BRDA:71,3,0,0
BRDA:71,3,1,0
BRDA:75,4,0,0
BRDA:75,4,1,0
BRDA:78,5,0,0
BRDA:78,5,1,0
BRDA:82,6,0,0
BRDA:82,6,1,0
BRDA:84,7,0,0
BRDA:84,7,1,0
BRDA:85,8,0,0
BRDA:85,8,1,0
BRF:18
BRH:0
end_of_record
TN:
SF:src\controllers\analyticsController.js
FN:5,(anonymous_0)
FN:9,(anonymous_1)
FN:15,(anonymous_2)
FN:34,(anonymous_3)
FN:35,(anonymous_4)
FN:41,(anonymous_5)
FN:51,(anonymous_6)
FN:70,(anonymous_7)
FN:72,(anonymous_8)
FN:85,(anonymous_9)
FN:112,(anonymous_10)
FN:113,(anonymous_11)
FN:114,(anonymous_12)
FN:115,(anonymous_13)
FN:124,(anonymous_14)
FN:128,(anonymous_15)
FN:138,(anonymous_16)
FN:145,(anonymous_17)
FN:153,(anonymous_18)
FNF:19
FNH:0
FNDA:0,(anonymous_0)
FNDA:0,(anonymous_1)
FNDA:0,(anonymous_2)
FNDA:0,(anonymous_3)
FNDA:0,(anonymous_4)
FNDA:0,(anonymous_5)
FNDA:0,(anonymous_6)
FNDA:0,(anonymous_7)
FNDA:0,(anonymous_8)
FNDA:0,(anonymous_9)
FNDA:0,(anonymous_10)
FNDA:0,(anonymous_11)
FNDA:0,(anonymous_12)
FNDA:0,(anonymous_13)
FNDA:0,(anonymous_14)
FNDA:0,(anonymous_15)
FNDA:0,(anonymous_16)
FNDA:0,(anonymous_17)
FNDA:0,(anonymous_18)
DA:1,1
DA:2,1
DA:3,1
DA:5,1
DA:6,0
DA:7,0
DA:8,0
DA:9,0
DA:10,0
DA:14,0
DA:15,0
DA:16,0
DA:17,0
DA:18,0
DA:20,0
DA:21,0
DA:22,0
DA:33,0
DA:34,0
DA:35,0
DA:37,0
DA:41,0
DA:46,0
DA:47,0
DA:51,1
DA:52,0
DA:53,0
DA:54,0
DA:55,0
DA:57,0
DA:58,0
DA:59,0
DA:70,0
DA:73,0
DA:74,0
DA:80,0
DA:81,0
DA:85,1
DA:86,0
DA:87,0
DA:88,0
DA:89,0
DA:91,0
DA:92,0
DA:98,0
DA:103,0
DA:109,0
DA:112,0
DA:113,0
DA:114,0
DA:115,0
DA:119,0
DA:120,0
DA:124,1
DA:125,0
DA:126,0
DA:127,0
DA:128,0
DA:129,0
DA:130,0
DA:131,0
DA:132,0
DA:136,0
DA:137,0
DA:138,0
DA:145,0
DA:146,0
DA:147,0
DA:148,0
DA:150,0
DA:153,0
DA:163,0
DA:164,0
LF:73
LH:7
BRDA:16,0,0,0
BRDA:16,0,1,0
BRDA:17,1,0,0
BRDA:17,1,1,0
BRDA:18,2,0,0
BRDA:18,2,1,0
BRDA:34,3,0,0
BRDA:34,3,1,0
BRDA:34,4,0,0
BRDA:34,4,1,0
BRDA:54,5,0,0
BRDA:54,5,1,0
BRDA:88,6,0,0
BRDA:88,6,1,0
BRDA:112,7,0,0
BRDA:112,7,1,0
BRDA:113,8,0,0
BRDA:113,8,1,0
BRDA:126,9,0,0
BRDA:130,10,0,0
BRDA:130,10,1,0
BRDA:131,11,0,0
BRDA:131,11,1,0
BRDA:136,12,0,0
BRDA:136,12,1,0
BRDA:140,13,0,0
BRDA:140,13,1,0
BRDA:142,14,0,0
BRDA:142,14,1,0
BRDA:143,15,0,0
BRDA:143,15,1,0
BRF:31
BRH:0
end_of_record
TN:
SF:src\controllers\authController.js
FN:4,(anonymous_0)
FN:27,(anonymous_1)
FN:55,(anonymous_2)
FN:85,(anonymous_3)
FN:89,(anonymous_4)
FN:104,(anonymous_5)
FN:122,(anonymous_6)
FN:142,(anonymous_7)
FN:164,(anonymous_8)
FNF:9
FNH:9
FNDA:3,(anonymous_0)
FNDA:3,(anonymous_1)
FNDA:2,(anonymous_2)
FNDA:2,(anonymous_3)
FNDA:4,(anonymous_4)
FNDA:2,(anonymous_5)
FNDA:2,(anonymous_6)
FNDA:2,(anonymous_7)
FNDA:1,(anonymous_8)
DA:1,2
DA:2,2
DA:4,2
DA:5,3
DA:6,3
DA:7,3
DA:8,2
DA:9,1
DA:11,1
DA:12,1
DA:13,1
DA:22,1
DA:23,1
DA:27,2
DA:28,3
DA:29,3
DA:30,3
DA:31,1
DA:32,1
DA:33,1
DA:34,1
DA:50,2
DA:51,2
DA:55,2
DA:56,2
DA:57,2
DA:62,1
DA:80,1
DA:81,1
DA:85,2
DA:86,2
DA:87,2
DA:88,2
DA:89,2
DA:90,4
DA:92,2
DA:93,2
DA:99,0
DA:100,0
DA:104,2
DA:105,2
DA:106,2
DA:107,2
DA:108,2
DA:109,2
DA:110,1
DA:112,1
DA:113,1
DA:114,1
DA:115,1
DA:117,0
DA:118,0
DA:122,2
DA:123,2
DA:124,2
DA:125,2
DA:126,2
DA:127,1
DA:128,1
DA:129,1
DA:130,1
DA:132,2
DA:137,0
DA:138,0
DA:142,2
DA:143,2
DA:144,2
DA:145,2
DA:146,2
DA:147,2
DA:148,2
DA:149,1
DA:151,1
DA:152,1
DA:153,1
DA:154,1
DA:155,1
DA:156,1
DA:157,1
DA:159,0
DA:160,0
DA:164,2
DA:165,1
DA:166,1
LF:84
LH:76
BRDA:8,0,0,1
BRDA:8,0,1,1
BRDA:51,1,0,2
BRDA:51,1,1,0
BRDA:90,2,0,2
BRDA:90,2,1,2
BRDA:109,3,0,1
BRDA:109,3,1,1
BRDA:126,4,0,1
BRDA:126,4,1,1
BRDA:148,5,0,1
BRDA:148,5,1,1
BRF:12
BRH:11
end_of_record
TN:
SF:src\controllers\cvController.js
FN:5,(anonymous_0)
FN:29,(anonymous_1)
FN:42,(anonymous_2)
FN:61,(anonymous_3)
FN:79,(anonymous_4)
FN:94,(anonymous_5)
FN:117,(anonymous_6)
FN:132,(anonymous_7)
FN:159,mapFrontendToBackend
FN:170,(anonymous_9)
FN:172,(anonymous_10)
FN:199,(anonymous_11)
FN:209,(anonymous_12)
FN:219,(anonymous_13)
FN:226,(anonymous_14)
FNF:15
FNH:9
FNDA:5,(anonymous_0)
FNDA:3,(anonymous_1)
FNDA:4,(anonymous_2)
FNDA:3,(anonymous_3)
FNDA:3,(anonymous_4)
FNDA:4,(anonymous_5)
FNDA:2,(anonymous_6)
FNDA:5,(anonymous_7)
FNDA:3,mapFrontendToBackend
FNDA:0,(anonymous_9)
FNDA:0,(anonymous_10)
FNDA:0,(anonymous_11)
FNDA:0,(anonymous_12)
FNDA:0,(anonymous_13)
FNDA:0,(anonymous_14)
DA:1,3
DA:2,3
DA:3,3
DA:5,3
DA:6,5
DA:7,5
DA:8,5
DA:9,5
DA:10,5
DA:15,4
DA:16,4
DA:24,1
DA:25,1
DA:29,3
DA:30,3
DA:31,3
DA:32,3
DA:33,2
DA:35,1
DA:37,0
DA:38,0
DA:42,3
DA:43,4
DA:44,4
DA:45,1
DA:51,3
DA:52,2
DA:53,2
DA:54,2
DA:56,1
DA:57,1
DA:61,3
DA:62,3
DA:63,3
DA:68,3
DA:69,1
DA:71,2
DA:72,2
DA:74,0
DA:75,0
DA:79,3
DA:80,3
DA:81,3
DA:82,3
DA:83,1
DA:85,2
DA:86,2
DA:87,2
DA:89,0
DA:90,0
DA:94,3
DA:95,4
DA:96,4
DA:97,1
DA:103,3
DA:104,3
DA:105,1
DA:107,2
DA:108,2
DA:109,2
DA:110,2
DA:112,0
DA:113,0
DA:117,3
DA:118,2
DA:119,2
DA:120,2
DA:121,1
DA:123,1
DA:124,1
DA:125,1
DA:127,0
DA:128,0
DA:132,3
DA:133,5
DA:134,5
DA:135,1
DA:141,4
DA:142,4
DA:143,1
DA:145,3
DA:146,3
DA:151,3
DA:152,3
DA:154,0
DA:155,0
DA:160,3
DA:161,1
DA:162,1
DA:163,1
DA:164,1
DA:165,1
DA:166,1
DA:167,1
DA:169,1
DA:170,1
DA:171,0
DA:172,0
DA:173,0
DA:182,1
DA:199,0
DA:209,0
DA:219,0
DA:226,0
LF:104
LH:85
BRDA:7,0,0,4
BRDA:7,1,0,4
BRDA:7,2,0,4
BRDA:9,3,0,1
BRDA:9,3,1,4
BRDA:32,4,0,2
BRDA:32,4,1,1
BRDA:44,5,0,1
BRDA:44,5,1,3
BRDA:68,6,0,1
BRDA:68,6,1,2
BRDA:82,7,0,1
BRDA:82,7,1,2
BRDA:96,8,0,1
BRDA:96,8,1,3
BRDA:104,9,0,1
BRDA:104,9,1,2
BRDA:120,10,0,1
BRDA:120,10,1,1
BRDA:134,11,0,1
BRDA:134,11,1,4
BRDA:142,12,0,1
BRDA:142,12,1,3
BRDA:142,13,0,4
BRDA:142,13,1,2
BRDA:142,13,2,1
BRDA:160,14,0,2
BRDA:160,14,1,1
BRDA:161,15,0,1
BRDA:161,15,1,0
BRDA:162,16,0,1
BRDA:162,16,1,1
BRDA:163,17,0,1
BRDA:163,17,1,1
BRDA:164,18,0,1
BRDA:164,18,1,0
BRDA:165,19,0,1
BRDA:165,19,1,0
BRDA:166,20,0,1
BRDA:166,20,1,1
BRDA:167,21,0,1
BRDA:167,21,1,1
BRDA:171,22,0,0
BRDA:171,22,1,0
BRDA:174,23,0,0
BRDA:174,23,1,0
BRDA:175,24,0,0
BRDA:175,24,1,0
BRDA:175,25,0,0
BRDA:175,25,1,0
BRDA:183,26,0,1
BRDA:183,26,1,0
BRDA:183,27,0,0
BRDA:183,27,1,0
BRDA:185,28,0,1
BRDA:185,28,1,0
BRDA:185,29,0,1
BRDA:185,29,1,0
BRDA:186,30,0,1
BRDA:186,30,1,0
BRDA:186,31,0,1
BRDA:186,31,1,0
BRDA:188,32,0,1
BRDA:188,32,1,1
BRDA:193,33,0,1
BRDA:193,33,1,1
BRDA:194,34,0,1
BRDA:194,34,1,1
BRDA:195,35,0,1
BRDA:195,35,1,1
BRDA:196,36,0,1
BRDA:196,36,1,1
BRDA:207,37,0,0
BRDA:207,37,1,0
BRDA:222,38,0,0
BRDA:222,38,1,0
BRDA:228,39,0,0
BRDA:228,39,1,0
BRDA:231,40,0,1
BRDA:231,40,1,1
BRF:80
BRH:56
end_of_record
TN:
SF:src\controllers\shareController.js
FN:6,(anonymous_0)
FN:32,(anonymous_1)
FN:82,(anonymous_2)
FN:102,(anonymous_3)
FN:148,(anonymous_4)
FN:171,(anonymous_5)
FNF:6
FNH:6
FNDA:3,(anonymous_0)
FNDA:9,(anonymous_1)
FNDA:2,(anonymous_2)
FNDA:6,(anonymous_3)
FNDA:4,(anonymous_4)
FNDA:6,(anonymous_5)
DA:1,3
DA:2,3
DA:3,3
DA:4,3
DA:6,3
DA:7,3
DA:8,3
DA:9,3
DA:10,1
DA:12,2
DA:27,0
DA:28,0
DA:32,3
DA:33,9
DA:34,9
DA:35,9
DA:36,9
DA:37,1
DA:39,8
DA:40,8
DA:41,4
DA:42,4
DA:43,2
DA:46,8
DA:47,1
DA:48,1
DA:49,1
DA:51,0
DA:54,8
DA:55,2
DA:57,8
DA:58,1
DA:60,8
DA:61,8
DA:62,8
DA:77,0
DA:78,0
DA:82,3
DA:83,2
DA:84,2
DA:85,2
DA:86,1
DA:88,1
DA:89,1
DA:90,1
DA:91,1
DA:97,0
DA:98,0
DA:102,3
DA:103,6
DA:104,6
DA:105,6
DA:106,5
DA:107,1
DA:109,4
DA:110,3
DA:111,3
DA:112,1
DA:114,2
DA:115,2
DA:116,1
DA:119,2
DA:120,2
DA:126,2
DA:141,2
DA:143,1
DA:144,1
DA:148,3
DA:149,4
DA:150,4
DA:151,4
DA:152,4
DA:153,4
DA:154,1
DA:156,3
DA:157,1
DA:159,2
DA:160,2
DA:161,1
DA:163,1
DA:164,1
DA:166,0
DA:167,0
DA:171,3
DA:172,6
DA:173,6
DA:174,6
DA:175,6
DA:176,1
DA:178,5
DA:179,1
DA:181,4
DA:182,2
DA:183,2
DA:184,2
DA:185,1
DA:188,3
DA:189,3
DA:196,3
DA:197,3
DA:199,0
DA:200,0
LF:102
LH:91
BRDA:9,0,0,1
BRDA:9,0,1,2
BRDA:17,1,0,2
BRDA:17,1,1,2
BRDA:22,2,0,2
BRDA:22,2,1,0
BRDA:36,3,0,1
BRDA:36,3,1,8
BRDA:39,4,0,1
BRDA:39,4,1,7
BRDA:40,5,0,4
BRDA:40,5,1,4
BRDA:42,6,0,2
BRDA:42,6,1,2
BRDA:42,7,0,4
BRDA:42,7,1,4
BRDA:46,8,0,1
BRDA:46,8,1,7
BRDA:47,9,0,1
BRDA:47,9,1,0
BRDA:54,10,0,2
BRDA:54,10,1,6
BRDA:55,11,0,2
BRDA:55,11,1,0
BRDA:57,12,0,1
BRDA:57,12,1,7
BRDA:85,13,0,1
BRDA:85,13,1,1
BRDA:88,14,0,1
BRDA:88,14,1,0
BRDA:106,15,0,1
BRDA:106,15,1,4
BRDA:109,16,0,3
BRDA:109,16,1,1
BRDA:111,17,0,1
BRDA:111,17,1,2
BRDA:115,18,0,1
BRDA:115,18,1,1
BRDA:153,19,0,1
BRDA:153,19,1,3
BRDA:156,20,0,1
BRDA:156,20,1,2
BRDA:160,21,0,1
BRDA:160,21,1,1
BRDA:175,22,0,1
BRDA:175,22,1,5
BRDA:178,23,0,1
BRDA:178,23,1,4
BRDA:181,24,0,2
BRDA:181,24,1,2
BRDA:184,25,0,1
BRDA:184,25,1,1
BRDA:194,26,0,3
BRDA:194,26,1,2
BRF:54
BRH:50
end_of_record
TN:
SF:src\middleware\auth.js
FN:4,(anonymous_0)
FN:42,(anonymous_1)
FN:64,(anonymous_2)
FN:65,(anonymous_3)
FN:81,(anonymous_4)
FN:82,(anonymous_5)
FN:102,(anonymous_6)
FN:103,(anonymous_7)
FNF:8
FNH:4
FNDA:58,(anonymous_0)
FNDA:6,(anonymous_1)
FNDA:0,(anonymous_2)
FNDA:0,(anonymous_3)
FNDA:0,(anonymous_4)
FNDA:0,(anonymous_5)
FNDA:6,(anonymous_6)
FNDA:13,(anonymous_7)
DA:1,3
DA:2,3
DA:4,3
DA:5,58
DA:7,58
DA:8,55
DA:9,3
DA:10,0
DA:12,58
DA:13,3
DA:15,55
DA:16,55
DA:17,53
DA:18,53
DA:19,1
DA:21,52
DA:22,1
DA:24,51
DA:25,51
DA:27,2
DA:28,1
DA:34,1
DA:37,0
DA:38,0
DA:42,3
DA:43,6
DA:45,6
DA:46,0
DA:47,6
DA:48,0
DA:50,6
DA:51,0
DA:52,0
DA:53,0
DA:55,0
DA:58,6
DA:60,0
DA:64,3
DA:65,0
DA:66,0
DA:67,0
DA:69,0
DA:70,0
DA:77,0
DA:81,3
DA:82,0
DA:83,0
DA:84,0
DA:85,0
DA:86,0
DA:87,0
DA:89,0
DA:90,0
DA:91,0
DA:93,0
DA:94,0
DA:96,0
DA:97,0
DA:102,3
DA:103,6
DA:104,13
DA:105,13
DA:106,13
DA:107,13
DA:109,13
DA:110,0
DA:118,13
DA:120,0
DA:121,0
DA:129,0
DA:131,13
DA:133,0
LF:72
LH:38
BRDA:7,0,0,55
BRDA:7,0,1,3
BRDA:9,1,0,0
BRDA:9,1,1,3
BRDA:12,2,0,3
BRDA:12,2,1,55
BRDA:16,3,0,55
BRDA:16,3,1,55
BRDA:18,4,0,1
BRDA:18,4,1,52
BRDA:21,5,0,1
BRDA:21,5,1,51
BRDA:27,6,0,1
BRDA:27,6,1,1
BRDA:45,7,0,0
BRDA:45,7,1,6
BRDA:47,8,0,0
BRDA:47,8,1,6
BRDA:50,9,0,0
BRDA:50,9,1,6
BRDA:52,10,0,0
BRDA:52,10,1,0
BRDA:66,11,0,0
BRDA:66,11,1,0
BRDA:69,12,0,0
BRDA:69,12,1,0
BRDA:81,13,0,0
BRDA:86,14,0,0
BRDA:86,14,1,0
BRDA:89,15,0,0
BRDA:89,15,1,0
BRDA:90,16,0,0
BRDA:90,16,1,0
BRDA:107,17,0,13
BRDA:107,17,1,0
BRDA:109,18,0,0
BRDA:109,18,1,13
BRDA:120,19,0,0
BRDA:120,19,1,0
BRF:39
BRH:18
end_of_record
TN:
SF:src\middleware\rateLimiter.js
FNF:0
FNH:0
DA:1,3
DA:3,3
DA:11,3
DA:18,3
DA:24,3
DA:30,3
LF:6
LH:6
BRF:0
BRH:0
end_of_record
TN:
SF:src\middleware\validation.js
FN:3,(anonymous_0)
FN:9,(anonymous_1)
FN:43,(anonymous_2)
FNF:3
FNH:3
FNDA:40,(anonymous_0)
FNDA:1,(anonymous_1)
FNDA:16,(anonymous_2)
DA:1,4
DA:3,4
DA:4,40
DA:5,40
DA:6,1
DA:9,1
DA:12,39
DA:15,4
DA:29,4
DA:34,4
DA:43,16
DA:47,4
LF:12
LH:12
BRDA:5,0,0,1
BRDA:5,0,1,39
BRDA:43,1,0,0
BRF:3
BRH:2
end_of_record
TN:
SF:src\models\Analytics.js
FN:35,(anonymous_0)
FN:44,(anonymous_1)
FN:52,(anonymous_2)
FN:56,(anonymous_3)
FN:67,(anonymous_4)
FN:74,(anonymous_5)
FNF:6
FNH:0
FNDA:0,(anonymous_0)
FNDA:0,(anonymous_1)
FNDA:0,(anonymous_2)
FNDA:0,(anonymous_3)
FNDA:0,(anonymous_4)
FNDA:0,(anonymous_5)
DA:1,4
DA:3,4
DA:31,4
DA:32,4
DA:33,4
DA:35,4
DA:36,0
DA:37,0
DA:38,0
DA:39,0
DA:40,0
DA:41,0
DA:44,4
DA:45,0
DA:46,0
DA:47,0
DA:51,0
DA:52,0
DA:53,0
DA:56,4
DA:57,0
DA:58,0
DA:59,0
DA:67,4
DA:68,0
DA:74,4
DA:75,0
DA:82,4
LF:28
LH:11
BRDA:36,0,0,0
BRDA:36,0,1,0
BRDA:44,1,0,0
BRDA:56,2,0,0
BRF:4
BRH:0
end_of_record
TN:
SF:src\models\CV.js
FN:15,(anonymous_0)
FN:27,(anonymous_1)
FN:40,(anonymous_2)
FN:47,(anonymous_3)
FN:59,(anonymous_4)
FN:69,(anonymous_5)
FN:93,(anonymous_6)
FN:97,(anonymous_7)
FN:148,(anonymous_8)
FN:155,(anonymous_9)
FN:176,(anonymous_10)
FN:188,(anonymous_11)
FN:194,(anonymous_12)
FN:200,(anonymous_13)
FN:208,(anonymous_14)
FNF:15
FNH:0
FNDA:0,(anonymous_0)
FNDA:0,(anonymous_1)
FNDA:0,(anonymous_2)
FNDA:0,(anonymous_3)
FNDA:0,(anonymous_4)
FNDA:0,(anonymous_5)
FNDA:0,(anonymous_6)
FNDA:0,(anonymous_7)
FNDA:0,(anonymous_8)
FNDA:0,(anonymous_9)
FNDA:0,(anonymous_10)
FNDA:0,(anonymous_11)
FNDA:0,(anonymous_12)
FNDA:0,(anonymous_13)
FNDA:0,(anonymous_14)
DA:1,4
DA:2,4
DA:4,4
DA:14,4
DA:15,0
DA:26,4
DA:27,0
DA:39,4
DA:40,0
DA:46,4
DA:47,0
DA:58,4
DA:59,0
DA:68,4
DA:69,0
DA:74,4
DA:93,0
DA:97,0
DA:143,4
DA:144,4
DA:145,4
DA:146,4
DA:148,4
DA:149,0
DA:150,0
DA:152,0
DA:155,4
DA:156,0
DA:157,0
DA:161,0
DA:162,0
DA:163,0
DA:164,0
DA:165,0
DA:167,0
DA:169,0
DA:170,0
DA:172,0
DA:173,0
DA:176,4
DA:177,0
DA:178,0
DA:179,0
DA:180,0
DA:181,0
DA:182,0
DA:183,0
DA:184,0
DA:185,0
DA:188,4
DA:189,0
DA:190,0
DA:191,0
DA:194,4
DA:195,0
DA:196,0
DA:197,0
DA:200,4
DA:201,0
DA:202,0
DA:203,0
DA:204,0
DA:205,0
DA:208,4
DA:209,0
DA:216,4
LF:66
LH:22
BRDA:149,0,0,0
BRDA:149,0,1,0
BRDA:150,1,0,0
BRDA:150,1,1,0
BRDA:156,2,0,0
BRDA:156,2,1,0
BRDA:156,3,0,0
BRDA:156,3,1,0
BRDA:157,4,0,0
BRDA:157,4,1,0
BRDA:169,5,0,0
BRDA:169,5,1,0
BRDA:169,6,0,0
BRDA:169,6,1,0
BRDA:172,7,0,0
BRDA:172,7,1,0
BRDA:172,8,0,0
BRDA:172,8,1,0
BRDA:181,9,0,0
BRDA:181,9,1,0
BRF:20
BRH:0
end_of_record
TN:
SF:src\models\Share.js
FNF:0
FNH:0
DA:1,0
DA:3,0
DA:32,0
LF:3
LH:0
BRF:0
BRH:0
end_of_record
TN:
SF:src\models\User.js
FN:67,(anonymous_0)
FN:74,(anonymous_1)
FN:79,(anonymous_2)
FN:87,(anonymous_3)
FN:91,(anonymous_4)
FN:102,(anonymous_5)
FN:111,(anonymous_6)
FN:116,(anonymous_7)
FNF:8
FNH:0
FNDA:0,(anonymous_0)
FNDA:0,(anonymous_1)
FNDA:0,(anonymous_2)
FNDA:0,(anonymous_3)
FNDA:0,(anonymous_4)
FNDA:0,(anonymous_5)
FNDA:0,(anonymous_6)
FNDA:0,(anonymous_7)
DA:1,5
DA:2,5
DA:3,5
DA:5,5
DA:58,5
DA:64,5
DA:65,5
DA:67,5
DA:68,0
DA:69,0
DA:70,0
DA:71,0
DA:74,5
DA:75,0
DA:76,0
DA:79,5
DA:80,0
DA:87,5
DA:88,0
DA:91,5
DA:92,0
DA:93,0
DA:95,0
DA:96,0
DA:97,0
DA:99,0
DA:102,5
DA:103,0
DA:108,0
DA:111,5
DA:112,0
DA:113,0
DA:116,5
DA:117,0
DA:118,0
DA:119,0
DA:120,0
DA:121,0
DA:122,0
DA:123,0
DA:125,0
DA:126,0
DA:128,0
DA:131,5
LF:44
LH:16
BRDA:68,0,0,0
BRDA:68,0,1,0
BRDA:68,1,0,0
BRDA:68,1,1,0
BRDA:75,2,0,0
BRDA:75,2,1,0
BRDA:82,3,0,0
BRDA:82,3,1,0
BRDA:83,4,0,0
BRDA:83,4,1,0
BRDA:88,5,0,0
BRDA:88,5,1,0
BRDA:92,6,0,0
BRDA:92,6,1,0
BRDA:92,7,0,0
BRDA:92,7,1,0
BRDA:96,8,0,0
BRDA:96,8,1,0
BRDA:108,9,0,0
BRDA:108,9,1,0
BRDA:118,10,0,0
BRDA:118,10,1,0
BRDA:119,11,0,0
BRDA:119,11,1,0
BRDA:121,12,0,0
BRDA:121,12,1,0
BRDA:125,13,0,0
BRDA:125,13,1,0
BRF:28
BRH:0
end_of_record
TN:
SF:src\routes\analytics.js
FNF:0
FNH:0
DA:1,0
DA:2,0
DA:3,0
DA:4,0
DA:5,0
DA:7,0
DA:9,0
DA:10,0
DA:11,0
DA:12,0
DA:14,0
LF:11
LH:0
BRF:0
BRH:0
end_of_record
TN:
SF:src\routes\auth.js
FN:23,(anonymous_0)
FN:34,(anonymous_1)
FNF:2
FNH:0
FNDA:0,(anonymous_0)
FNDA:0,(anonymous_1)
DA:1,1
DA:2,1
DA:3,1
DA:4,1
DA:5,1
DA:6,1
DA:7,1
DA:9,1
DA:10,1
DA:11,1
DA:12,1
DA:14,1
DA:15,1
DA:16,1
DA:17,1
DA:19,1
DA:20,0
DA:21,0
DA:24,0
DA:25,0
DA:30,1
DA:31,0
DA:32,0
DA:35,0
DA:36,0
DA:37,0
DA:38,0
DA:39,0
DA:44,1
LF:29
LH:18
BRDA:19,0,0,0
BRDA:19,0,1,1
BRDA:22,1,0,0
BRDA:22,1,1,0
BRDA:25,2,0,0
BRDA:25,2,1,0
BRDA:30,3,0,0
BRDA:30,3,1,1
BRDA:33,4,0,0
BRDA:33,4,1,0
BRDA:37,5,0,0
BRDA:37,5,1,0
BRDA:38,6,0,0
BRDA:38,6,1,0
BRF:14
BRH:2
end_of_record
TN:
SF:src\routes\cv.js
FNF:0
FNH:0
DA:1,2
DA:2,2
DA:3,2
DA:4,2
DA:5,2
DA:6,2
DA:7,2
DA:9,2
DA:11,2
DA:15,2
DA:20,2
DA:21,2
DA:22,2
DA:24,2
DA:28,2
DA:30,2
LF:16
LH:16
BRF:0
BRH:0
end_of_record
TN:
SF:src\routes\share.js
FNF:0
FNH:0
DA:1,1
DA:2,1
DA:3,1
DA:4,1
DA:5,1
DA:7,1
DA:8,1
DA:9,1
DA:11,1
LF:9
LH:9
BRF:0
BRH:0
end_of_record
TN:
SF:src\services\pdfGenerator.js
FN:9,generatePDF
FN:10,(anonymous_1)
FN:16,(anonymous_2)
FN:40,(anonymous_3)
FN:51,(anonymous_4)
FNF:5
FNH:0
FNDA:0,generatePDF
FNDA:0,(anonymous_1)
FNDA:0,(anonymous_2)
FNDA:0,(anonymous_3)
FNDA:0,(anonymous_4)
DA:1,0
DA:2,0
DA:10,0
DA:11,0
DA:12,0
DA:13,0
DA:15,0
DA:16,0
DA:17,0
DA:21,0
DA:25,0
DA:28,0
DA:29,0
DA:33,0
DA:34,0
DA:38,0
DA:39,0
DA:40,0
DA:41,0
DA:42,0
DA:43,0
DA:45,0
DA:49,0
DA:50,0
DA:51,0
DA:52,0
DA:53,0
DA:54,0
DA:56,0
DA:59,0
DA:61,0
DA:66,0
LF:32
LH:0
BRDA:21,0,0,0
BRDA:21,0,1,0
BRDA:28,1,0,0
BRDA:28,1,1,0
BRDA:33,2,0,0
BRDA:33,2,1,0
BRDA:38,3,0,0
BRDA:38,3,1,0
BRDA:38,4,0,0
BRDA:38,4,1,0
BRDA:41,5,0,0
BRDA:41,5,1,0
BRDA:42,6,0,0
BRDA:42,6,1,0
BRDA:49,7,0,0
BRDA:49,7,1,0
BRDA:49,8,0,0
BRDA:49,8,1,0
BRDA:52,9,0,0
BRDA:52,9,1,0
BRDA:53,10,0,0
BRDA:53,10,1,0
BRF:22
BRH:0
end_of_record
