{"D:\\One_Drive_AIEP\\OneDrive - Aiep\\Repo_AIEP\\cv-generator-pro\\metgo3d-cv-generator\\src\\composables\\useAPI.js": {"path":"D:\\One_Drive_AIEP\\OneDrive - Aiep\\Repo_AIEP\\cv-generator-pro\\metgo3d-cv-generator\\src\\composables\\useAPI.js","all":false,"statementMap":{"0":{"start":{"line":1,"column":0},"end":{"line":1,"column":3}},"1":{"start":{"line":2,"column":0},"end":{"line":2,"column":42}},"2":{"start":{"line":3,"column":0},"end":{"line":3,"column":44}},"3":{"start":{"line":4,"column":0},"end":{"line":4,"column":3}},"4":{"start":{"line":5,"column":0},"end":{"line":5,"column":0}},"5":{"start":{"line":6,"column":0},"end":{"line":6,"column":35}},"6":{"start":{"line":7,"column":0},"end":{"line":7,"column":0}},"7":{"start":{"line":8,"column":0},"end":{"line":8,"column":75}},"8":{"start":{"line":9,"column":0},"end":{"line":9,"column":37}},"9":{"start":{"line":10,"column":0},"end":{"line":10,"column":0}},"10":{"start":{"line":11,"column":0},"end":{"line":11,"column":28}},"11":{"start":{"line":12,"column":0},"end":{"line":12,"column":40}},"12":{"start":{"line":13,"column":0},"end":{"line":13,"column":1}},"13":{"start":{"line":14,"column":0},"end":{"line":14,"column":0}},"14":{"start":{"line":15,"column":0},"end":{"line":15,"column":33}},"15":{"start":{"line":16,"column":0},"end":{"line":16,"column":51}},"16":{"start":{"line":17,"column":0},"end":{"line":17,"column":41}},"17":{"start":{"line":18,"column":0},"end":{"line":18,"column":1}},"18":{"start":{"line":19,"column":0},"end":{"line":19,"column":0}},"19":{"start":{"line":20,"column":0},"end":{"line":20,"column":35}},"20":{"start":{"line":21,"column":0},"end":{"line":21,"column":21}},"21":{"start":{"line":22,"column":0},"end":{"line":22,"column":1}},"22":{"start":{"line":23,"column":0},"end":{"line":23,"column":0}},"23":{"start":{"line":24,"column":0},"end":{"line":24,"column":26}},"24":{"start":{"line":25,"column":0},"end":{"line":25,"column":28}},"25":{"start":{"line":26,"column":0},"end":{"line":26,"column":25}},"26":{"start":{"line":27,"column":0},"end":{"line":27,"column":0}},"27":{"start":{"line":28,"column":0},"end":{"line":28,"column":28}},"28":{"start":{"line":29,"column":0},"end":{"line":29,"column":22}},"29":{"start":{"line":30,"column":0},"end":{"line":30,"column":3}},"30":{"start":{"line":31,"column":0},"end":{"line":31,"column":0}},"31":{"start":{"line":32,"column":0},"end":{"line":32,"column":53}},"32":{"start":{"line":33,"column":0},"end":{"line":33,"column":24}},"33":{"start":{"line":34,"column":0},"end":{"line":34,"column":22}},"34":{"start":{"line":35,"column":0},"end":{"line":35,"column":0}},"35":{"start":{"line":36,"column":0},"end":{"line":36,"column":9}},"36":{"start":{"line":37,"column":0},"end":{"line":37,"column":30}},"37":{"start":{"line":38,"column":0},"end":{"line":38,"column":82}},"38":{"start":{"line":39,"column":0},"end":{"line":39,"column":0}},"39":{"start":{"line":40,"column":0},"end":{"line":40,"column":22}},"40":{"start":{"line":41,"column":0},"end":{"line":41,"column":19}},"41":{"start":{"line":42,"column":0},"end":{"line":42,"column":18}},"42":{"start":{"line":43,"column":0},"end":{"line":43,"column":45}},"43":{"start":{"line":44,"column":0},"end":{"line":44,"column":61}},"44":{"start":{"line":45,"column":0},"end":{"line":45,"column":28}},"45":{"start":{"line":46,"column":0},"end":{"line":46,"column":9}},"46":{"start":{"line":47,"column":0},"end":{"line":47,"column":7}},"47":{"start":{"line":48,"column":0},"end":{"line":48,"column":0}},"48":{"start":{"line":49,"column":0},"end":{"line":49,"column":100}},"49":{"start":{"line":50,"column":0},"end":{"line":50,"column":50}},"50":{"start":{"line":51,"column":0},"end":{"line":51,"column":7}},"51":{"start":{"line":52,"column":0},"end":{"line":52,"column":0}},"52":{"start":{"line":53,"column":0},"end":{"line":53,"column":47}},"53":{"start":{"line":54,"column":0},"end":{"line":54,"column":14}},"54":{"start":{"line":55,"column":0},"end":{"line":55,"column":0}},"55":{"start":{"line":56,"column":0},"end":{"line":56,"column":62}},"56":{"start":{"line":57,"column":0},"end":{"line":57,"column":54}},"57":{"start":{"line":58,"column":0},"end":{"line":58,"column":36}},"58":{"start":{"line":59,"column":0},"end":{"line":59,"column":14}},"59":{"start":{"line":60,"column":0},"end":{"line":60,"column":49}},"60":{"start":{"line":61,"column":0},"end":{"line":61,"column":7}},"61":{"start":{"line":62,"column":0},"end":{"line":62,"column":0}},"62":{"start":{"line":63,"column":0},"end":{"line":63,"column":25}},"63":{"start":{"line":64,"column":0},"end":{"line":64,"column":72}},"64":{"start":{"line":65,"column":0},"end":{"line":65,"column":24}},"65":{"start":{"line":66,"column":0},"end":{"line":66,"column":46}},"66":{"start":{"line":67,"column":0},"end":{"line":67,"column":9}},"67":{"start":{"line":68,"column":0},"end":{"line":68,"column":80}},"68":{"start":{"line":69,"column":0},"end":{"line":69,"column":7}},"69":{"start":{"line":70,"column":0},"end":{"line":70,"column":0}},"70":{"start":{"line":71,"column":0},"end":{"line":71,"column":17}},"71":{"start":{"line":72,"column":0},"end":{"line":72,"column":19}},"72":{"start":{"line":73,"column":0},"end":{"line":73,"column":31}},"73":{"start":{"line":74,"column":0},"end":{"line":74,"column":15}},"74":{"start":{"line":75,"column":0},"end":{"line":75,"column":15}},"75":{"start":{"line":76,"column":0},"end":{"line":76,"column":27}},"76":{"start":{"line":77,"column":0},"end":{"line":77,"column":5}},"77":{"start":{"line":78,"column":0},"end":{"line":78,"column":3}},"78":{"start":{"line":79,"column":0},"end":{"line":79,"column":0}},"79":{"start":{"line":80,"column":0},"end":{"line":80,"column":64}},"80":{"start":{"line":81,"column":0},"end":{"line":81,"column":78}},"81":{"start":{"line":82,"column":0},"end":{"line":82,"column":76}},"82":{"start":{"line":83,"column":0},"end":{"line":83,"column":80}},"83":{"start":{"line":84,"column":0},"end":{"line":84,"column":67}},"84":{"start":{"line":85,"column":0},"end":{"line":85,"column":0}},"85":{"start":{"line":86,"column":0},"end":{"line":86,"column":10}},"86":{"start":{"line":87,"column":0},"end":{"line":87,"column":31}},"87":{"start":{"line":88,"column":0},"end":{"line":88,"column":27}},"88":{"start":{"line":89,"column":0},"end":{"line":89,"column":15}},"89":{"start":{"line":90,"column":0},"end":{"line":90,"column":12}},"90":{"start":{"line":91,"column":0},"end":{"line":91,"column":8}},"91":{"start":{"line":92,"column":0},"end":{"line":92,"column":9}},"92":{"start":{"line":93,"column":0},"end":{"line":93,"column":8}},"93":{"start":{"line":94,"column":0},"end":{"line":94,"column":10}},"94":{"start":{"line":95,"column":0},"end":{"line":95,"column":8}},"95":{"start":{"line":96,"column":0},"end":{"line":96,"column":19}},"96":{"start":{"line":97,"column":0},"end":{"line":97,"column":3}},"97":{"start":{"line":98,"column":0},"end":{"line":98,"column":1}}},"s":{"0":1,"1":1,"2":1,"3":1,"4":1,"5":1,"6":1,"7":1,"8":1,"9":1,"10":1,"11":34,"12":34,"13":1,"14":1,"15":21,"16":5,"17":21,"18":1,"19":1,"20":5,"21":5,"22":1,"23":1,"24":17,"25":17,"26":17,"27":17,"28":1,"29":1,"30":17,"31":17,"32":15,"33":15,"34":15,"35":15,"36":15,"37":15,"38":15,"39":15,"40":15,"41":15,"42":15,"43":15,"44":15,"45":15,"46":15,"47":15,"48":15,"49":3,"50":3,"51":15,"52":15,"53":14,"54":14,"55":14,"56":15,"57":13,"58":15,"59":1,"60":1,"61":14,"62":15,"63":2,"64":1,"65":1,"66":1,"67":2,"68":2,"69":12,"70":12,"71":15,"72":3,"73":3,"74":15,"75":15,"76":15,"77":15,"78":17,"79":17,"80":17,"81":17,"82":17,"83":17,"84":17,"85":17,"86":17,"87":17,"88":17,"89":17,"90":17,"91":17,"92":17,"93":17,"94":17,"95":17,"96":17,"97":17},"branchMap":{"0":{"type":"branch","line":11,"loc":{"start":{"line":11,"column":7},"end":{"line":13,"column":1}},"locations":[{"start":{"line":11,"column":7},"end":{"line":13,"column":1}}]},"1":{"type":"branch","line":15,"loc":{"start":{"line":15,"column":7},"end":{"line":18,"column":1}},"locations":[{"start":{"line":15,"column":7},"end":{"line":18,"column":1}}]},"2":{"type":"branch","line":16,"loc":{"start":{"line":16,"column":13},"end":{"line":16,"column":51}},"locations":[{"start":{"line":16,"column":13},"end":{"line":16,"column":51}}]},"3":{"type":"branch","line":17,"loc":{"start":{"line":17,"column":-2},"end":{"line":17,"column":41}},"locations":[{"start":{"line":17,"column":-2},"end":{"line":17,"column":41}}]},"4":{"type":"branch","line":20,"loc":{"start":{"line":20,"column":7},"end":{"line":22,"column":1}},"locations":[{"start":{"line":20,"column":7},"end":{"line":22,"column":1}}]},"5":{"type":"branch","line":24,"loc":{"start":{"line":24,"column":7},"end":{"line":98,"column":1}},"locations":[{"start":{"line":24,"column":7},"end":{"line":98,"column":1}}]},"6":{"type":"branch","line":28,"loc":{"start":{"line":28,"column":21},"end":{"line":30,"column":3}},"locations":[{"start":{"line":28,"column":21},"end":{"line":30,"column":3}}]},"7":{"type":"branch","line":32,"loc":{"start":{"line":32,"column":18},"end":{"line":78,"column":3}},"locations":[{"start":{"line":32,"column":18},"end":{"line":78,"column":3}}]},"8":{"type":"branch","line":38,"loc":{"start":{"line":38,"column":46},"end":{"line":38,"column":56}},"locations":[{"start":{"line":38,"column":46},"end":{"line":38,"column":56}}]},"9":{"type":"branch","line":38,"loc":{"start":{"line":38,"column":57},"end":{"line":38,"column":82}},"locations":[{"start":{"line":38,"column":57},"end":{"line":38,"column":82}}]},"10":{"type":"branch","line":44,"loc":{"start":{"line":44,"column":20},"end":{"line":44,"column":59}},"locations":[{"start":{"line":44,"column":20},"end":{"line":44,"column":59}}]},"11":{"type":"branch","line":49,"loc":{"start":{"line":49,"column":23},"end":{"line":49,"column":58}},"locations":[{"start":{"line":49,"column":23},"end":{"line":49,"column":58}}]},"12":{"type":"branch","line":49,"loc":{"start":{"line":49,"column":59},"end":{"line":49,"column":97}},"locations":[{"start":{"line":49,"column":59},"end":{"line":49,"column":97}}]},"13":{"type":"branch","line":49,"loc":{"start":{"line":49,"column":99},"end":{"line":51,"column":7}},"locations":[{"start":{"line":49,"column":99},"end":{"line":51,"column":7}}]},"14":{"type":"branch","line":54,"loc":{"start":{"line":54,"column":-2},"end":{"line":57,"column":31}},"locations":[{"start":{"line":54,"column":-2},"end":{"line":57,"column":31}}]},"15":{"type":"branch","line":57,"loc":{"start":{"line":57,"column":53},"end":{"line":59,"column":7}},"locations":[{"start":{"line":57,"column":53},"end":{"line":59,"column":7}}]},"16":{"type":"branch","line":59,"loc":{"start":{"line":59,"column":7},"end":{"line":61,"column":7}},"locations":[{"start":{"line":59,"column":7},"end":{"line":61,"column":7}}]},"17":{"type":"branch","line":62,"loc":{"start":{"line":62,"column":-2},"end":{"line":63,"column":24}},"locations":[{"start":{"line":62,"column":-2},"end":{"line":63,"column":24}}]},"18":{"type":"branch","line":63,"loc":{"start":{"line":63,"column":24},"end":{"line":69,"column":7}},"locations":[{"start":{"line":63,"column":24},"end":{"line":69,"column":7}}]},"19":{"type":"branch","line":64,"loc":{"start":{"line":64,"column":36},"end":{"line":64,"column":69}},"locations":[{"start":{"line":64,"column":36},"end":{"line":64,"column":69}}]},"20":{"type":"branch","line":64,"loc":{"start":{"line":64,"column":71},"end":{"line":67,"column":9}},"locations":[{"start":{"line":64,"column":71},"end":{"line":67,"column":9}}]},"21":{"type":"branch","line":68,"loc":{"start":{"line":68,"column":38},"end":{"line":68,"column":52}},"locations":[{"start":{"line":68,"column":38},"end":{"line":68,"column":52}}]},"22":{"type":"branch","line":68,"loc":{"start":{"line":68,"column":53},"end":{"line":68,"column":79}},"locations":[{"start":{"line":68,"column":53},"end":{"line":68,"column":79}}]},"23":{"type":"branch","line":70,"loc":{"start":{"line":70,"column":-2},"end":{"line":72,"column":6}},"locations":[{"start":{"line":70,"column":-2},"end":{"line":72,"column":6}}]},"24":{"type":"branch","line":72,"loc":{"start":{"line":72,"column":6},"end":{"line":75,"column":5}},"locations":[{"start":{"line":72,"column":6},"end":{"line":75,"column":5}}]},"25":{"type":"branch","line":75,"loc":{"start":{"line":75,"column":5},"end":{"line":75,"column":6}},"locations":[{"start":{"line":75,"column":5},"end":{"line":75,"column":6}}]},"26":{"type":"branch","line":80,"loc":{"start":{"line":80,"column":14},"end":{"line":80,"column":64}},"locations":[{"start":{"line":80,"column":14},"end":{"line":80,"column":64}}]},"27":{"type":"branch","line":81,"loc":{"start":{"line":81,"column":15},"end":{"line":81,"column":78}},"locations":[{"start":{"line":81,"column":15},"end":{"line":81,"column":78}}]},"28":{"type":"branch","line":82,"loc":{"start":{"line":82,"column":14},"end":{"line":82,"column":76}},"locations":[{"start":{"line":82,"column":14},"end":{"line":82,"column":76}}]},"29":{"type":"branch","line":83,"loc":{"start":{"line":83,"column":16},"end":{"line":83,"column":80}},"locations":[{"start":{"line":83,"column":16},"end":{"line":83,"column":80}}]},"30":{"type":"branch","line":84,"loc":{"start":{"line":84,"column":14},"end":{"line":84,"column":67}},"locations":[{"start":{"line":84,"column":14},"end":{"line":84,"column":67}}]}},"b":{"0":[34],"1":[21],"2":[16],"3":[5],"4":[5],"5":[17],"6":[1],"7":[15],"8":[1],"9":[14],"10":[2],"11":[4],"12":[4],"13":[3],"14":[14],"15":[13],"16":[1],"17":[14],"18":[2],"19":[1],"20":[1],"21":[0],"22":[0],"23":[12],"24":[3],"25":[0],"26":[10],"27":[2],"28":[1],"29":[1],"30":[1]},"fnMap":{"0":{"name":"getToken","decl":{"start":{"line":11,"column":7},"end":{"line":13,"column":1}},"loc":{"start":{"line":11,"column":7},"end":{"line":13,"column":1}},"line":11},"1":{"name":"setToken","decl":{"start":{"line":15,"column":7},"end":{"line":18,"column":1}},"loc":{"start":{"line":15,"column":7},"end":{"line":18,"column":1}},"line":15},"2":{"name":"isAuthenticated","decl":{"start":{"line":20,"column":7},"end":{"line":22,"column":1}},"loc":{"start":{"line":20,"column":7},"end":{"line":22,"column":1}},"line":20},"3":{"name":"useAPI","decl":{"start":{"line":24,"column":7},"end":{"line":98,"column":1}},"loc":{"start":{"line":24,"column":7},"end":{"line":98,"column":1}},"line":24},"4":{"name":"clearError","decl":{"start":{"line":28,"column":21},"end":{"line":30,"column":3}},"loc":{"start":{"line":28,"column":21},"end":{"line":30,"column":3}},"line":28},"5":{"name":"request","decl":{"start":{"line":32,"column":18},"end":{"line":78,"column":3}},"loc":{"start":{"line":32,"column":18},"end":{"line":78,"column":3}},"line":32},"6":{"name":"get","decl":{"start":{"line":80,"column":14},"end":{"line":80,"column":64}},"loc":{"start":{"line":80,"column":14},"end":{"line":80,"column":64}},"line":80},"7":{"name":"post","decl":{"start":{"line":81,"column":15},"end":{"line":81,"column":78}},"loc":{"start":{"line":81,"column":15},"end":{"line":81,"column":78}},"line":81},"8":{"name":"put","decl":{"start":{"line":82,"column":14},"end":{"line":82,"column":76}},"loc":{"start":{"line":82,"column":14},"end":{"line":82,"column":76}},"line":82},"9":{"name":"patch","decl":{"start":{"line":83,"column":16},"end":{"line":83,"column":80}},"loc":{"start":{"line":83,"column":16},"end":{"line":83,"column":80}},"line":83},"10":{"name":"del","decl":{"start":{"line":84,"column":14},"end":{"line":84,"column":67}},"loc":{"start":{"line":84,"column":14},"end":{"line":84,"column":67}},"line":84}},"f":{"0":34,"1":21,"2":5,"3":17,"4":1,"5":15,"6":10,"7":2,"8":1,"9":1,"10":1}}
,"D:\\One_Drive_AIEP\\OneDrive - Aiep\\Repo_AIEP\\cv-generator-pro\\metgo3d-cv-generator\\src\\composables\\useAuthAPI.js": {"path":"D:\\One_Drive_AIEP\\OneDrive - Aiep\\Repo_AIEP\\cv-generator-pro\\metgo3d-cv-generator\\src\\composables\\useAuthAPI.js","all":false,"statementMap":{"0":{"start":{"line":1,"column":0},"end":{"line":1,"column":3}},"1":{"start":{"line":2,"column":0},"end":{"line":2,"column":46}},"2":{"start":{"line":3,"column":0},"end":{"line":3,"column":23}},"3":{"start":{"line":4,"column":0},"end":{"line":4,"column":3}},"4":{"start":{"line":5,"column":0},"end":{"line":5,"column":0}},"5":{"start":{"line":6,"column":0},"end":{"line":6,"column":59}},"6":{"start":{"line":7,"column":0},"end":{"line":7,"column":88}},"7":{"start":{"line":8,"column":0},"end":{"line":8,"column":0}},"8":{"start":{"line":9,"column":0},"end":{"line":9,"column":30}},"9":{"start":{"line":10,"column":0},"end":{"line":10,"column":22}},"10":{"start":{"line":11,"column":0},"end":{"line":11,"column":24}},"11":{"start":{"line":12,"column":0},"end":{"line":12,"column":0}},"12":{"start":{"line":13,"column":0},"end":{"line":13,"column":54}},"13":{"start":{"line":14,"column":0},"end":{"line":14,"column":51}},"14":{"start":{"line":15,"column":0},"end":{"line":15,"column":47}},"15":{"start":{"line":16,"column":0},"end":{"line":16,"column":0}},"16":{"start":{"line":17,"column":0},"end":{"line":17,"column":36}},"17":{"start":{"line":18,"column":0},"end":{"line":18,"column":54}},"18":{"start":{"line":19,"column":0},"end":{"line":19,"column":50}},"19":{"start":{"line":20,"column":0},"end":{"line":20,"column":51}},"20":{"start":{"line":21,"column":0},"end":{"line":21,"column":14}},"21":{"start":{"line":22,"column":0},"end":{"line":22,"column":3}},"22":{"start":{"line":23,"column":0},"end":{"line":23,"column":0}},"23":{"start":{"line":24,"column":0},"end":{"line":24,"column":40}},"24":{"start":{"line":25,"column":0},"end":{"line":25,"column":58}},"25":{"start":{"line":26,"column":0},"end":{"line":26,"column":50}},"26":{"start":{"line":27,"column":0},"end":{"line":27,"column":51}},"27":{"start":{"line":28,"column":0},"end":{"line":28,"column":14}},"28":{"start":{"line":29,"column":0},"end":{"line":29,"column":3}},"29":{"start":{"line":30,"column":0},"end":{"line":30,"column":0}},"30":{"start":{"line":31,"column":0},"end":{"line":31,"column":30}},"31":{"start":{"line":32,"column":0},"end":{"line":32,"column":9}},"32":{"start":{"line":33,"column":0},"end":{"line":33,"column":36}},"33":{"start":{"line":34,"column":0},"end":{"line":34,"column":15}},"34":{"start":{"line":35,"column":0},"end":{"line":35,"column":20}},"35":{"start":{"line":36,"column":0},"end":{"line":36,"column":23}},"36":{"start":{"line":37,"column":0},"end":{"line":37,"column":5}},"37":{"start":{"line":38,"column":0},"end":{"line":38,"column":3}},"38":{"start":{"line":39,"column":0},"end":{"line":39,"column":0}},"39":{"start":{"line":40,"column":0},"end":{"line":40,"column":29}},"40":{"start":{"line":41,"column":0},"end":{"line":41,"column":41}},"41":{"start":{"line":42,"column":0},"end":{"line":42,"column":51}},"42":{"start":{"line":43,"column":0},"end":{"line":43,"column":14}},"43":{"start":{"line":44,"column":0},"end":{"line":44,"column":3}},"44":{"start":{"line":45,"column":0},"end":{"line":45,"column":0}},"45":{"start":{"line":46,"column":0},"end":{"line":46,"column":41}},"46":{"start":{"line":47,"column":0},"end":{"line":47,"column":52}},"47":{"start":{"line":48,"column":0},"end":{"line":48,"column":51}},"48":{"start":{"line":49,"column":0},"end":{"line":49,"column":14}},"49":{"start":{"line":50,"column":0},"end":{"line":50,"column":3}},"50":{"start":{"line":51,"column":0},"end":{"line":51,"column":0}},"51":{"start":{"line":52,"column":0},"end":{"line":52,"column":42}},"52":{"start":{"line":53,"column":0},"end":{"line":53,"column":53}},"53":{"start":{"line":54,"column":0},"end":{"line":54,"column":50}},"54":{"start":{"line":55,"column":0},"end":{"line":55,"column":14}},"55":{"start":{"line":56,"column":0},"end":{"line":56,"column":3}},"56":{"start":{"line":57,"column":0},"end":{"line":57,"column":0}},"57":{"start":{"line":58,"column":0},"end":{"line":58,"column":43}},"58":{"start":{"line":59,"column":0},"end":{"line":59,"column":55}},"59":{"start":{"line":60,"column":0},"end":{"line":60,"column":3}},"60":{"start":{"line":61,"column":0},"end":{"line":61,"column":0}},"61":{"start":{"line":62,"column":0},"end":{"line":62,"column":52}},"62":{"start":{"line":63,"column":0},"end":{"line":63,"column":66}},"63":{"start":{"line":64,"column":0},"end":{"line":64,"column":3}},"64":{"start":{"line":65,"column":0},"end":{"line":65,"column":0}},"65":{"start":{"line":66,"column":0},"end":{"line":66,"column":31}},"66":{"start":{"line":67,"column":0},"end":{"line":67,"column":36}},"67":{"start":{"line":68,"column":0},"end":{"line":68,"column":41}},"68":{"start":{"line":69,"column":0},"end":{"line":69,"column":5}},"69":{"start":{"line":70,"column":0},"end":{"line":70,"column":3}},"70":{"start":{"line":71,"column":0},"end":{"line":71,"column":0}},"71":{"start":{"line":72,"column":0},"end":{"line":72,"column":10}},"72":{"start":{"line":73,"column":0},"end":{"line":73,"column":9}},"73":{"start":{"line":74,"column":0},"end":{"line":74,"column":15}},"74":{"start":{"line":75,"column":0},"end":{"line":75,"column":12}},"75":{"start":{"line":76,"column":0},"end":{"line":76,"column":10}},"76":{"start":{"line":77,"column":0},"end":{"line":77,"column":13}},"77":{"start":{"line":78,"column":0},"end":{"line":78,"column":10}},"78":{"start":{"line":79,"column":0},"end":{"line":79,"column":11}},"79":{"start":{"line":80,"column":0},"end":{"line":80,"column":10}},"80":{"start":{"line":81,"column":0},"end":{"line":81,"column":18}},"81":{"start":{"line":82,"column":0},"end":{"line":82,"column":19}},"82":{"start":{"line":83,"column":0},"end":{"line":83,"column":19}},"83":{"start":{"line":84,"column":0},"end":{"line":84,"column":18}},"84":{"start":{"line":85,"column":0},"end":{"line":85,"column":18}},"85":{"start":{"line":86,"column":0},"end":{"line":86,"column":13}},"86":{"start":{"line":87,"column":0},"end":{"line":87,"column":12}},"87":{"start":{"line":88,"column":0},"end":{"line":88,"column":3}},"88":{"start":{"line":89,"column":0},"end":{"line":89,"column":1}}},"s":{"0":1,"1":1,"2":1,"3":1,"4":1,"5":1,"6":1,"7":1,"8":1,"9":21,"10":21,"11":21,"12":21,"13":21,"14":21,"15":21,"16":21,"17":2,"18":2,"19":2,"20":1,"21":2,"22":21,"23":21,"24":2,"25":2,"26":2,"27":1,"28":2,"29":21,"30":21,"31":2,"32":2,"33":2,"34":2,"35":2,"36":2,"37":2,"38":21,"39":21,"40":3,"41":3,"42":2,"43":3,"44":21,"45":21,"46":1,"47":1,"48":1,"49":1,"50":21,"51":21,"52":1,"53":1,"54":1,"55":1,"56":21,"57":21,"58":1,"59":1,"60":21,"61":21,"62":1,"63":1,"64":21,"65":21,"66":3,"67":2,"68":2,"69":3,"70":21,"71":21,"72":21,"73":21,"74":21,"75":21,"76":21,"77":21,"78":21,"79":21,"80":21,"81":21,"82":21,"83":21,"84":21,"85":21,"86":21,"87":21,"88":21},"branchMap":{"0":{"type":"branch","line":9,"loc":{"start":{"line":9,"column":7},"end":{"line":89,"column":1}},"locations":[{"start":{"line":9,"column":7},"end":{"line":89,"column":1}}]},"1":{"type":"branch","line":13,"loc":{"start":{"line":13,"column":30},"end":{"line":13,"column":53}},"locations":[{"start":{"line":13,"column":30},"end":{"line":13,"column":53}}]},"2":{"type":"branch","line":14,"loc":{"start":{"line":14,"column":27},"end":{"line":14,"column":50}},"locations":[{"start":{"line":14,"column":27},"end":{"line":14,"column":50}}]},"3":{"type":"branch","line":15,"loc":{"start":{"line":15,"column":25},"end":{"line":15,"column":46}},"locations":[{"start":{"line":15,"column":25},"end":{"line":15,"column":46}}]},"4":{"type":"branch","line":17,"loc":{"start":{"line":17,"column":19},"end":{"line":22,"column":3}},"locations":[{"start":{"line":17,"column":19},"end":{"line":22,"column":3}}]},"5":{"type":"branch","line":19,"loc":{"start":{"line":19,"column":-2},"end":{"line":19,"column":24}},"locations":[{"start":{"line":19,"column":-2},"end":{"line":19,"column":24}}]},"6":{"type":"branch","line":19,"loc":{"start":{"line":19,"column":26},"end":{"line":20,"column":23}},"locations":[{"start":{"line":19,"column":26},"end":{"line":20,"column":23}}]},"7":{"type":"branch","line":20,"loc":{"start":{"line":20,"column":25},"end":{"line":22,"column":2}},"locations":[{"start":{"line":20,"column":25},"end":{"line":22,"column":2}}]},"8":{"type":"branch","line":24,"loc":{"start":{"line":24,"column":16},"end":{"line":29,"column":3}},"locations":[{"start":{"line":24,"column":16},"end":{"line":29,"column":3}}]},"9":{"type":"branch","line":26,"loc":{"start":{"line":26,"column":-2},"end":{"line":26,"column":24}},"locations":[{"start":{"line":26,"column":-2},"end":{"line":26,"column":24}}]},"10":{"type":"branch","line":26,"loc":{"start":{"line":26,"column":26},"end":{"line":27,"column":23}},"locations":[{"start":{"line":26,"column":26},"end":{"line":27,"column":23}}]},"11":{"type":"branch","line":27,"loc":{"start":{"line":27,"column":25},"end":{"line":29,"column":2}},"locations":[{"start":{"line":27,"column":25},"end":{"line":29,"column":2}}]},"12":{"type":"branch","line":31,"loc":{"start":{"line":31,"column":17},"end":{"line":38,"column":3}},"locations":[{"start":{"line":31,"column":17},"end":{"line":38,"column":3}}]},"13":{"type":"branch","line":34,"loc":{"start":{"line":34,"column":-2},"end":{"line":34,"column":6}},"locations":[{"start":{"line":34,"column":-2},"end":{"line":34,"column":6}}]},"14":{"type":"branch","line":40,"loc":{"start":{"line":40,"column":16},"end":{"line":44,"column":3}},"locations":[{"start":{"line":40,"column":16},"end":{"line":44,"column":3}}]},"15":{"type":"branch","line":42,"loc":{"start":{"line":42,"column":-2},"end":{"line":42,"column":23}},"locations":[{"start":{"line":42,"column":-2},"end":{"line":42,"column":23}}]},"16":{"type":"branch","line":42,"loc":{"start":{"line":42,"column":25},"end":{"line":44,"column":2}},"locations":[{"start":{"line":42,"column":25},"end":{"line":44,"column":2}}]},"17":{"type":"branch","line":46,"loc":{"start":{"line":46,"column":24},"end":{"line":50,"column":3}},"locations":[{"start":{"line":46,"column":24},"end":{"line":50,"column":3}}]},"18":{"type":"branch","line":52,"loc":{"start":{"line":52,"column":25},"end":{"line":56,"column":3}},"locations":[{"start":{"line":52,"column":25},"end":{"line":56,"column":3}}]},"19":{"type":"branch","line":58,"loc":{"start":{"line":58,"column":25},"end":{"line":60,"column":3}},"locations":[{"start":{"line":58,"column":25},"end":{"line":60,"column":3}}]},"20":{"type":"branch","line":62,"loc":{"start":{"line":62,"column":24},"end":{"line":64,"column":3}},"locations":[{"start":{"line":62,"column":24},"end":{"line":64,"column":3}}]},"21":{"type":"branch","line":66,"loc":{"start":{"line":66,"column":24},"end":{"line":70,"column":3}},"locations":[{"start":{"line":66,"column":24},"end":{"line":70,"column":3}}]},"22":{"type":"branch","line":67,"loc":{"start":{"line":67,"column":35},"end":{"line":69,"column":5}},"locations":[{"start":{"line":67,"column":35},"end":{"line":69,"column":5}}]},"23":{"type":"branch","line":68,"loc":{"start":{"line":68,"column":20},"end":{"line":68,"column":40}},"locations":[{"start":{"line":68,"column":20},"end":{"line":68,"column":40}}]}},"b":{"0":[21],"1":[3],"2":[1],"3":[1],"4":[2],"5":[1],"6":[1],"7":[1],"8":[2],"9":[1],"10":[1],"11":[1],"12":[2],"13":[1],"14":[3],"15":[2],"16":[2],"17":[1],"18":[1],"19":[1],"20":[1],"21":[3],"22":[2],"23":[1]},"fnMap":{"0":{"name":"useAuthAPI","decl":{"start":{"line":9,"column":7},"end":{"line":89,"column":1}},"loc":{"start":{"line":9,"column":7},"end":{"line":89,"column":1}},"line":9},"1":{"name":"register","decl":{"start":{"line":17,"column":19},"end":{"line":22,"column":3}},"loc":{"start":{"line":17,"column":19},"end":{"line":22,"column":3}},"line":17},"2":{"name":"login","decl":{"start":{"line":24,"column":16},"end":{"line":29,"column":3}},"loc":{"start":{"line":24,"column":16},"end":{"line":29,"column":3}},"line":24},"3":{"name":"logout","decl":{"start":{"line":31,"column":17},"end":{"line":38,"column":3}},"loc":{"start":{"line":31,"column":17},"end":{"line":38,"column":3}},"line":31},"4":{"name":"getMe","decl":{"start":{"line":40,"column":16},"end":{"line":44,"column":3}},"loc":{"start":{"line":40,"column":16},"end":{"line":44,"column":3}},"line":40},"5":{"name":"updateProfile","decl":{"start":{"line":46,"column":24},"end":{"line":50,"column":3}},"loc":{"start":{"line":46,"column":24},"end":{"line":50,"column":3}},"line":46},"6":{"name":"changePassword","decl":{"start":{"line":52,"column":25},"end":{"line":56,"column":3}},"loc":{"start":{"line":52,"column":25},"end":{"line":56,"column":3}},"line":52},"7":{"name":"forgotPassword","decl":{"start":{"line":58,"column":25},"end":{"line":60,"column":3}},"loc":{"start":{"line":58,"column":25},"end":{"line":60,"column":3}},"line":58},"8":{"name":"resetPassword","decl":{"start":{"line":62,"column":24},"end":{"line":64,"column":3}},"loc":{"start":{"line":62,"column":24},"end":{"line":64,"column":3}},"line":62},"9":{"name":"initFromToken","decl":{"start":{"line":66,"column":24},"end":{"line":70,"column":3}},"loc":{"start":{"line":66,"column":24},"end":{"line":70,"column":3}},"line":66}},"f":{"0":21,"1":2,"2":2,"3":2,"4":3,"5":1,"6":1,"7":1,"8":1,"9":3}}
,"D:\\One_Drive_AIEP\\OneDrive - Aiep\\Repo_AIEP\\cv-generator-pro\\metgo3d-cv-generator\\src\\composables\\useCVAPI.js": {"path":"D:\\One_Drive_AIEP\\OneDrive - Aiep\\Repo_AIEP\\cv-generator-pro\\metgo3d-cv-generator\\src\\composables\\useCVAPI.js","all":false,"statementMap":{"0":{"start":{"line":1,"column":0},"end":{"line":1,"column":3}},"1":{"start":{"line":2,"column":0},"end":{"line":2,"column":44}},"2":{"start":{"line":3,"column":0},"end":{"line":3,"column":57}},"3":{"start":{"line":4,"column":0},"end":{"line":4,"column":3}},"4":{"start":{"line":5,"column":0},"end":{"line":5,"column":0}},"5":{"start":{"line":6,"column":0},"end":{"line":6,"column":59}},"6":{"start":{"line":7,"column":0},"end":{"line":7,"column":51}},"7":{"start":{"line":8,"column":0},"end":{"line":8,"column":83}},"8":{"start":{"line":9,"column":0},"end":{"line":9,"column":0}},"9":{"start":{"line":10,"column":0},"end":{"line":10,"column":28}},"10":{"start":{"line":11,"column":0},"end":{"line":11,"column":22}},"11":{"start":{"line":12,"column":0},"end":{"line":12,"column":21}},"12":{"start":{"line":13,"column":0},"end":{"line":13,"column":0}},"13":{"start":{"line":14,"column":0},"end":{"line":14,"column":51}},"14":{"start":{"line":15,"column":0},"end":{"line":15,"column":47}},"15":{"start":{"line":16,"column":0},"end":{"line":16,"column":0}},"16":{"start":{"line":17,"column":0},"end":{"line":17,"column":41}},"17":{"start":{"line":18,"column":0},"end":{"line":18,"column":53}},"18":{"start":{"line":19,"column":0},"end":{"line":19,"column":58}},"19":{"start":{"line":20,"column":0},"end":{"line":20,"column":48}},"20":{"start":{"line":21,"column":0},"end":{"line":21,"column":14}},"21":{"start":{"line":22,"column":0},"end":{"line":22,"column":3}},"22":{"start":{"line":23,"column":0},"end":{"line":23,"column":0}},"23":{"start":{"line":24,"column":0},"end":{"line":24,"column":51}},"24":{"start":{"line":25,"column":0},"end":{"line":25,"column":43}},"25":{"start":{"line":26,"column":0},"end":{"line":26,"column":38}},"26":{"start":{"line":27,"column":0},"end":{"line":27,"column":90}},"27":{"start":{"line":28,"column":0},"end":{"line":28,"column":5}},"28":{"start":{"line":29,"column":0},"end":{"line":29,"column":14}},"29":{"start":{"line":30,"column":0},"end":{"line":30,"column":3}},"30":{"start":{"line":31,"column":0},"end":{"line":31,"column":0}},"31":{"start":{"line":32,"column":0},"end":{"line":32,"column":63}},"32":{"start":{"line":33,"column":0},"end":{"line":33,"column":73}},"33":{"start":{"line":34,"column":0},"end":{"line":34,"column":33}},"34":{"start":{"line":35,"column":0},"end":{"line":35,"column":3}},"35":{"start":{"line":36,"column":0},"end":{"line":36,"column":0}},"36":{"start":{"line":37,"column":0},"end":{"line":37,"column":67}},"37":{"start":{"line":38,"column":0},"end":{"line":38,"column":73}},"38":{"start":{"line":39,"column":0},"end":{"line":39,"column":38}},"39":{"start":{"line":40,"column":0},"end":{"line":40,"column":3}},"40":{"start":{"line":41,"column":0},"end":{"line":41,"column":0}},"41":{"start":{"line":42,"column":0},"end":{"line":42,"column":34}},"42":{"start":{"line":43,"column":0},"end":{"line":43,"column":43}},"43":{"start":{"line":44,"column":0},"end":{"line":44,"column":53}},"44":{"start":{"line":45,"column":0},"end":{"line":45,"column":14}},"45":{"start":{"line":46,"column":0},"end":{"line":46,"column":3}},"46":{"start":{"line":47,"column":0},"end":{"line":47,"column":0}},"47":{"start":{"line":48,"column":0},"end":{"line":48,"column":33}},"48":{"start":{"line":49,"column":0},"end":{"line":49,"column":50}},"49":{"start":{"line":50,"column":0},"end":{"line":50,"column":53}},"50":{"start":{"line":51,"column":0},"end":{"line":51,"column":14}},"51":{"start":{"line":52,"column":0},"end":{"line":52,"column":3}},"52":{"start":{"line":53,"column":0},"end":{"line":53,"column":0}},"53":{"start":{"line":54,"column":0},"end":{"line":54,"column":60}},"54":{"start":{"line":55,"column":0},"end":{"line":55,"column":50}},"55":{"start":{"line":56,"column":0},"end":{"line":56,"column":40}},"56":{"start":{"line":57,"column":0},"end":{"line":57,"column":61}},"57":{"start":{"line":58,"column":0},"end":{"line":58,"column":5}},"58":{"start":{"line":59,"column":0},"end":{"line":59,"column":14}},"59":{"start":{"line":60,"column":0},"end":{"line":60,"column":3}},"60":{"start":{"line":61,"column":0},"end":{"line":61,"column":0}},"61":{"start":{"line":62,"column":0},"end":{"line":62,"column":38}},"62":{"start":{"line":63,"column":0},"end":{"line":63,"column":98}},"63":{"start":{"line":64,"column":0},"end":{"line":64,"column":40}},"64":{"start":{"line":65,"column":0},"end":{"line":65,"column":3}},"65":{"start":{"line":66,"column":0},"end":{"line":66,"column":0}},"66":{"start":{"line":67,"column":0},"end":{"line":67,"column":42}},"67":{"start":{"line":68,"column":0},"end":{"line":68,"column":38}},"68":{"start":{"line":69,"column":0},"end":{"line":69,"column":3}},"69":{"start":{"line":70,"column":0},"end":{"line":70,"column":0}},"70":{"start":{"line":71,"column":0},"end":{"line":71,"column":51}},"71":{"start":{"line":72,"column":0},"end":{"line":72,"column":44}},"72":{"start":{"line":73,"column":0},"end":{"line":73,"column":3}},"73":{"start":{"line":74,"column":0},"end":{"line":74,"column":0}},"74":{"start":{"line":75,"column":0},"end":{"line":75,"column":44}},"75":{"start":{"line":76,"column":0},"end":{"line":76,"column":54}},"76":{"start":{"line":77,"column":0},"end":{"line":77,"column":3}},"77":{"start":{"line":78,"column":0},"end":{"line":78,"column":0}},"78":{"start":{"line":79,"column":0},"end":{"line":79,"column":10}},"79":{"start":{"line":80,"column":0},"end":{"line":80,"column":8}},"80":{"start":{"line":81,"column":0},"end":{"line":81,"column":12}},"81":{"start":{"line":82,"column":0},"end":{"line":82,"column":10}},"82":{"start":{"line":83,"column":0},"end":{"line":83,"column":11}},"83":{"start":{"line":84,"column":0},"end":{"line":84,"column":10}},"84":{"start":{"line":85,"column":0},"end":{"line":85,"column":13}},"85":{"start":{"line":86,"column":0},"end":{"line":86,"column":13}},"86":{"start":{"line":87,"column":0},"end":{"line":87,"column":13}},"87":{"start":{"line":88,"column":0},"end":{"line":88,"column":12}},"88":{"start":{"line":89,"column":0},"end":{"line":89,"column":13}},"89":{"start":{"line":90,"column":0},"end":{"line":90,"column":13}},"90":{"start":{"line":91,"column":0},"end":{"line":91,"column":21}},"91":{"start":{"line":92,"column":0},"end":{"line":92,"column":24}},"92":{"start":{"line":93,"column":0},"end":{"line":93,"column":23}},"93":{"start":{"line":94,"column":0},"end":{"line":94,"column":25}},"94":{"start":{"line":95,"column":0},"end":{"line":95,"column":24}},"95":{"start":{"line":96,"column":0},"end":{"line":96,"column":3}},"96":{"start":{"line":97,"column":0},"end":{"line":97,"column":1}}},"s":{"0":1,"1":1,"2":1,"3":1,"4":1,"5":1,"6":1,"7":1,"8":1,"9":1,"10":25,"11":25,"12":25,"13":25,"14":25,"15":25,"16":25,"17":3,"18":3,"19":3,"20":3,"21":3,"22":25,"23":25,"24":2,"25":2,"26":1,"27":1,"28":1,"29":2,"30":25,"31":25,"32":2,"33":2,"34":2,"35":25,"36":25,"37":2,"38":2,"39":2,"40":25,"41":25,"42":1,"43":1,"44":1,"45":1,"46":25,"47":25,"48":2,"49":2,"50":2,"51":2,"52":25,"53":25,"54":2,"55":2,"56":1,"57":1,"58":1,"59":2,"60":25,"61":25,"62":3,"63":3,"64":3,"65":25,"66":25,"67":1,"68":1,"69":25,"70":25,"71":1,"72":1,"73":25,"74":25,"75":1,"76":1,"77":25,"78":25,"79":25,"80":25,"81":25,"82":25,"83":25,"84":25,"85":25,"86":25,"87":25,"88":25,"89":25,"90":25,"91":25,"92":25,"93":25,"94":25,"95":25,"96":25},"branchMap":{"0":{"type":"branch","line":10,"loc":{"start":{"line":10,"column":7},"end":{"line":97,"column":1}},"locations":[{"start":{"line":10,"column":7},"end":{"line":97,"column":1}}]},"1":{"type":"branch","line":14,"loc":{"start":{"line":14,"column":27},"end":{"line":14,"column":50}},"locations":[{"start":{"line":14,"column":27},"end":{"line":14,"column":50}}]},"2":{"type":"branch","line":15,"loc":{"start":{"line":15,"column":25},"end":{"line":15,"column":46}},"locations":[{"start":{"line":15,"column":25},"end":{"line":15,"column":46}}]},"3":{"type":"branch","line":17,"loc":{"start":{"line":17,"column":17},"end":{"line":22,"column":3}},"locations":[{"start":{"line":17,"column":17},"end":{"line":22,"column":3}}]},"4":{"type":"branch","line":19,"loc":{"start":{"line":19,"column":40},"end":{"line":19,"column":50}},"locations":[{"start":{"line":19,"column":40},"end":{"line":19,"column":50}}]},"5":{"type":"branch","line":19,"loc":{"start":{"line":19,"column":51},"end":{"line":19,"column":55}},"locations":[{"start":{"line":19,"column":51},"end":{"line":19,"column":55}}]},"6":{"type":"branch","line":20,"loc":{"start":{"line":20,"column":24},"end":{"line":20,"column":48}},"locations":[{"start":{"line":20,"column":24},"end":{"line":20,"column":48}}]},"7":{"type":"branch","line":24,"loc":{"start":{"line":24,"column":16},"end":{"line":30,"column":3}},"locations":[{"start":{"line":24,"column":16},"end":{"line":30,"column":3}}]},"8":{"type":"branch","line":26,"loc":{"start":{"line":26,"column":19},"end":{"line":26,"column":35}},"locations":[{"start":{"line":26,"column":19},"end":{"line":26,"column":35}}]},"9":{"type":"branch","line":26,"loc":{"start":{"line":26,"column":37},"end":{"line":30,"column":2}},"locations":[{"start":{"line":26,"column":37},"end":{"line":30,"column":2}}]},"10":{"type":"branch","line":32,"loc":{"start":{"line":32,"column":19},"end":{"line":35,"column":3}},"locations":[{"start":{"line":32,"column":19},"end":{"line":35,"column":3}}]},"11":{"type":"branch","line":33,"loc":{"start":{"line":33,"column":34},"end":{"line":33,"column":64}},"locations":[{"start":{"line":33,"column":34},"end":{"line":33,"column":64}}]},"12":{"type":"branch","line":33,"loc":{"start":{"line":33,"column":65},"end":{"line":33,"column":73}},"locations":[{"start":{"line":33,"column":65},"end":{"line":33,"column":73}}]},"13":{"type":"branch","line":37,"loc":{"start":{"line":37,"column":19},"end":{"line":40,"column":3}},"locations":[{"start":{"line":37,"column":19},"end":{"line":40,"column":3}}]},"14":{"type":"branch","line":38,"loc":{"start":{"line":38,"column":34},"end":{"line":38,"column":64}},"locations":[{"start":{"line":38,"column":34},"end":{"line":38,"column":64}}]},"15":{"type":"branch","line":38,"loc":{"start":{"line":38,"column":65},"end":{"line":38,"column":73}},"locations":[{"start":{"line":38,"column":65},"end":{"line":38,"column":73}}]},"16":{"type":"branch","line":42,"loc":{"start":{"line":42,"column":19},"end":{"line":46,"column":3}},"locations":[{"start":{"line":42,"column":19},"end":{"line":46,"column":3}}]},"17":{"type":"branch","line":44,"loc":{"start":{"line":44,"column":33},"end":{"line":44,"column":52}},"locations":[{"start":{"line":44,"column":33},"end":{"line":44,"column":52}}]},"18":{"type":"branch","line":48,"loc":{"start":{"line":48,"column":18},"end":{"line":52,"column":3}},"locations":[{"start":{"line":48,"column":18},"end":{"line":52,"column":3}}]},"19":{"type":"branch","line":50,"loc":{"start":{"line":50,"column":23},"end":{"line":50,"column":53}},"locations":[{"start":{"line":50,"column":23},"end":{"line":50,"column":53}}]},"20":{"type":"branch","line":54,"loc":{"start":{"line":54,"column":19},"end":{"line":60,"column":3}},"locations":[{"start":{"line":54,"column":19},"end":{"line":60,"column":3}}]},"21":{"type":"branch","line":56,"loc":{"start":{"line":56,"column":25},"end":{"line":56,"column":37}},"locations":[{"start":{"line":56,"column":25},"end":{"line":56,"column":37}}]},"22":{"type":"branch","line":56,"loc":{"start":{"line":56,"column":39},"end":{"line":60,"column":2}},"locations":[{"start":{"line":56,"column":39},"end":{"line":60,"column":2}}]},"23":{"type":"branch","line":62,"loc":{"start":{"line":62,"column":19},"end":{"line":65,"column":3}},"locations":[{"start":{"line":62,"column":19},"end":{"line":65,"column":3}}]},"24":{"type":"branch","line":63,"loc":{"start":{"line":63,"column":33},"end":{"line":63,"column":55}},"locations":[{"start":{"line":63,"column":33},"end":{"line":63,"column":55}}]},"25":{"type":"branch","line":63,"loc":{"start":{"line":63,"column":56},"end":{"line":63,"column":64}},"locations":[{"start":{"line":63,"column":56},"end":{"line":63,"column":64}}]},"26":{"type":"branch","line":63,"loc":{"start":{"line":63,"column":65},"end":{"line":63,"column":98}},"locations":[{"start":{"line":63,"column":65},"end":{"line":63,"column":98}}]},"27":{"type":"branch","line":67,"loc":{"start":{"line":67,"column":27},"end":{"line":69,"column":3}},"locations":[{"start":{"line":67,"column":27},"end":{"line":69,"column":3}}]},"28":{"type":"branch","line":71,"loc":{"start":{"line":71,"column":30},"end":{"line":73,"column":3}},"locations":[{"start":{"line":71,"column":30},"end":{"line":73,"column":3}}]},"29":{"type":"branch","line":75,"loc":{"start":{"line":75,"column":29},"end":{"line":77,"column":3}},"locations":[{"start":{"line":75,"column":29},"end":{"line":77,"column":3}}]}},"b":{"0":[25],"1":[1],"2":[1],"3":[3],"4":[1],"5":[2],"6":[2],"7":[2],"8":[1],"9":[1],"10":[2],"11":[1],"12":[1],"13":[2],"14":[1],"15":[1],"16":[1],"17":[3],"18":[2],"19":[1],"20":[2],"21":[1],"22":[1],"23":[3],"24":[2],"25":[2],"26":[1],"27":[1],"28":[1],"29":[1]},"fnMap":{"0":{"name":"useCVAPI","decl":{"start":{"line":10,"column":7},"end":{"line":97,"column":1}},"loc":{"start":{"line":10,"column":7},"end":{"line":97,"column":1}},"line":10},"1":{"name":"getCVs","decl":{"start":{"line":17,"column":17},"end":{"line":22,"column":3}},"loc":{"start":{"line":17,"column":17},"end":{"line":22,"column":3}},"line":17},"2":{"name":"getCV","decl":{"start":{"line":24,"column":16},"end":{"line":30,"column":3}},"loc":{"start":{"line":24,"column":16},"end":{"line":30,"column":3}},"line":24},"3":{"name":"createCV","decl":{"start":{"line":32,"column":19},"end":{"line":35,"column":3}},"loc":{"start":{"line":32,"column":19},"end":{"line":35,"column":3}},"line":32},"4":{"name":"updateCV","decl":{"start":{"line":37,"column":19},"end":{"line":40,"column":3}},"loc":{"start":{"line":37,"column":19},"end":{"line":40,"column":3}},"line":37},"5":{"name":"deleteCV","decl":{"start":{"line":42,"column":19},"end":{"line":46,"column":3}},"loc":{"start":{"line":42,"column":19},"end":{"line":46,"column":3}},"line":42},"6":{"name":"cloneCV","decl":{"start":{"line":48,"column":18},"end":{"line":52,"column":3}},"loc":{"start":{"line":48,"column":18},"end":{"line":52,"column":3}},"line":48},"7":{"name":"exportCV","decl":{"start":{"line":54,"column":19},"end":{"line":60,"column":3}},"loc":{"start":{"line":54,"column":19},"end":{"line":60,"column":3}},"line":54},"8":{"name":"importCV","decl":{"start":{"line":62,"column":19},"end":{"line":65,"column":3}},"loc":{"start":{"line":62,"column":19},"end":{"line":65,"column":3}},"line":62},"9":{"name":"getShareSettings","decl":{"start":{"line":67,"column":27},"end":{"line":69,"column":3}},"loc":{"start":{"line":67,"column":27},"end":{"line":69,"column":3}},"line":67},"10":{"name":"updateShareSettings","decl":{"start":{"line":71,"column":30},"end":{"line":73,"column":3}},"loc":{"start":{"line":71,"column":30},"end":{"line":73,"column":3}},"line":71},"11":{"name":"regenerateShareUrl","decl":{"start":{"line":75,"column":29},"end":{"line":77,"column":3}},"loc":{"start":{"line":75,"column":29},"end":{"line":77,"column":3}},"line":75}},"f":{"0":25,"1":3,"2":2,"3":2,"4":2,"5":1,"6":2,"7":2,"8":3,"9":1,"10":1,"11":1}}
,"D:\\One_Drive_AIEP\\OneDrive - Aiep\\Repo_AIEP\\cv-generator-pro\\metgo3d-cv-generator\\src\\composables\\useEditor.js": {"path":"D:\\One_Drive_AIEP\\OneDrive - Aiep\\Repo_AIEP\\cv-generator-pro\\metgo3d-cv-generator\\src\\composables\\useEditor.js","all":false,"statementMap":{"0":{"start":{"line":1,"column":0},"end":{"line":1,"column":3}},"1":{"start":{"line":2,"column":0},"end":{"line":2,"column":42}},"2":{"start":{"line":3,"column":0},"end":{"line":3,"column":45}},"3":{"start":{"line":4,"column":0},"end":{"line":4,"column":3}},"4":{"start":{"line":5,"column":0},"end":{"line":5,"column":0}},"5":{"start":{"line":6,"column":0},"end":{"line":6,"column":76}},"6":{"start":{"line":7,"column":0},"end":{"line":7,"column":69}},"7":{"start":{"line":8,"column":0},"end":{"line":8,"column":61}},"8":{"start":{"line":9,"column":0},"end":{"line":9,"column":0}},"9":{"start":{"line":10,"column":0},"end":{"line":10,"column":37}},"10":{"start":{"line":11,"column":0},"end":{"line":11,"column":0}},"11":{"start":{"line":12,"column":0},"end":{"line":12,"column":29}},"12":{"start":{"line":13,"column":0},"end":{"line":13,"column":70}},"13":{"start":{"line":14,"column":0},"end":{"line":14,"column":0}},"14":{"start":{"line":15,"column":0},"end":{"line":15,"column":35}},"15":{"start":{"line":16,"column":0},"end":{"line":16,"column":51}},"16":{"start":{"line":17,"column":0},"end":{"line":17,"column":47}},"17":{"start":{"line":18,"column":0},"end":{"line":18,"column":48}},"18":{"start":{"line":19,"column":0},"end":{"line":19,"column":34}},"19":{"start":{"line":20,"column":0},"end":{"line":20,"column":30}},"20":{"start":{"line":21,"column":0},"end":{"line":21,"column":35}},"21":{"start":{"line":22,"column":0},"end":{"line":22,"column":31}},"22":{"start":{"line":23,"column":0},"end":{"line":23,"column":29}},"23":{"start":{"line":24,"column":0},"end":{"line":24,"column":29}},"24":{"start":{"line":25,"column":0},"end":{"line":25,"column":0}},"25":{"start":{"line":26,"column":0},"end":{"line":26,"column":25}},"26":{"start":{"line":27,"column":0},"end":{"line":27,"column":30}},"27":{"start":{"line":28,"column":0},"end":{"line":28,"column":27}},"28":{"start":{"line":29,"column":0},"end":{"line":29,"column":0}},"29":{"start":{"line":30,"column":0},"end":{"line":30,"column":16}},"30":{"start":{"line":31,"column":0},"end":{"line":31,"column":75}},"31":{"start":{"line":32,"column":0},"end":{"line":32,"column":63}},"32":{"start":{"line":33,"column":0},"end":{"line":33,"column":65}},"33":{"start":{"line":34,"column":0},"end":{"line":34,"column":75}},"34":{"start":{"line":35,"column":0},"end":{"line":35,"column":73}},"35":{"start":{"line":36,"column":0},"end":{"line":36,"column":66}},"36":{"start":{"line":37,"column":0},"end":{"line":37,"column":72}},"37":{"start":{"line":38,"column":0},"end":{"line":38,"column":3}},"38":{"start":{"line":39,"column":0},"end":{"line":39,"column":0}},"39":{"start":{"line":40,"column":0},"end":{"line":40,"column":56}},"40":{"start":{"line":41,"column":0},"end":{"line":41,"column":79}},"41":{"start":{"line":42,"column":0},"end":{"line":42,"column":68}},"42":{"start":{"line":43,"column":0},"end":{"line":43,"column":0}},"43":{"start":{"line":44,"column":0},"end":{"line":44,"column":30}},"44":{"start":{"line":45,"column":0},"end":{"line":45,"column":38}},"45":{"start":{"line":46,"column":0},"end":{"line":46,"column":3}},"46":{"start":{"line":47,"column":0},"end":{"line":47,"column":0}},"47":{"start":{"line":48,"column":0},"end":{"line":48,"column":35}},"48":{"start":{"line":49,"column":0},"end":{"line":49,"column":27}},"49":{"start":{"line":50,"column":0},"end":{"line":50,"column":3}},"50":{"start":{"line":51,"column":0},"end":{"line":51,"column":0}},"51":{"start":{"line":52,"column":0},"end":{"line":52,"column":50}},"52":{"start":{"line":53,"column":0},"end":{"line":53,"column":19}},"53":{"start":{"line":54,"column":0},"end":{"line":54,"column":0}},"54":{"start":{"line":55,"column":0},"end":{"line":55,"column":30}},"55":{"start":{"line":56,"column":0},"end":{"line":56,"column":35}},"56":{"start":{"line":57,"column":0},"end":{"line":57,"column":34}},"57":{"start":{"line":58,"column":0},"end":{"line":58,"column":49}},"58":{"start":{"line":59,"column":0},"end":{"line":59,"column":32}},"59":{"start":{"line":60,"column":0},"end":{"line":60,"column":7}},"60":{"start":{"line":61,"column":0},"end":{"line":61,"column":43}},"61":{"start":{"line":62,"column":0},"end":{"line":62,"column":12}},"62":{"start":{"line":63,"column":0},"end":{"line":63,"column":36}},"63":{"start":{"line":64,"column":0},"end":{"line":64,"column":5}},"64":{"start":{"line":65,"column":0},"end":{"line":65,"column":0}},"65":{"start":{"line":66,"column":0},"end":{"line":66,"column":27}},"66":{"start":{"line":67,"column":0},"end":{"line":67,"column":3}},"67":{"start":{"line":68,"column":0},"end":{"line":68,"column":0}},"68":{"start":{"line":69,"column":0},"end":{"line":69,"column":61}},"69":{"start":{"line":70,"column":0},"end":{"line":70,"column":19}},"70":{"start":{"line":71,"column":0},"end":{"line":71,"column":0}},"71":{"start":{"line":72,"column":0},"end":{"line":72,"column":16}},"72":{"start":{"line":73,"column":0},"end":{"line":73,"column":43}},"73":{"start":{"line":74,"column":0},"end":{"line":74,"column":12}},"74":{"start":{"line":75,"column":0},"end":{"line":75,"column":36}},"75":{"start":{"line":76,"column":0},"end":{"line":76,"column":5}},"76":{"start":{"line":77,"column":0},"end":{"line":77,"column":0}},"77":{"start":{"line":78,"column":0},"end":{"line":78,"column":27}},"78":{"start":{"line":79,"column":0},"end":{"line":79,"column":3}},"79":{"start":{"line":80,"column":0},"end":{"line":80,"column":0}},"80":{"start":{"line":81,"column":0},"end":{"line":81,"column":43}},"81":{"start":{"line":82,"column":0},"end":{"line":82,"column":19}},"82":{"start":{"line":83,"column":0},"end":{"line":83,"column":30}},"83":{"start":{"line":84,"column":0},"end":{"line":84,"column":27}},"84":{"start":{"line":85,"column":0},"end":{"line":85,"column":3}},"85":{"start":{"line":86,"column":0},"end":{"line":86,"column":0}},"86":{"start":{"line":87,"column":0},"end":{"line":87,"column":47}},"87":{"start":{"line":88,"column":0},"end":{"line":88,"column":19}},"88":{"start":{"line":89,"column":0},"end":{"line":89,"column":36}},"89":{"start":{"line":90,"column":0},"end":{"line":90,"column":27}},"90":{"start":{"line":91,"column":0},"end":{"line":91,"column":3}},"91":{"start":{"line":92,"column":0},"end":{"line":92,"column":0}},"92":{"start":{"line":93,"column":0},"end":{"line":93,"column":58}},"93":{"start":{"line":94,"column":0},"end":{"line":94,"column":19}},"94":{"start":{"line":95,"column":0},"end":{"line":95,"column":56}},"95":{"start":{"line":96,"column":0},"end":{"line":96,"column":44}},"96":{"start":{"line":97,"column":0},"end":{"line":97,"column":27}},"97":{"start":{"line":98,"column":0},"end":{"line":98,"column":3}},"98":{"start":{"line":99,"column":0},"end":{"line":99,"column":0}},"99":{"start":{"line":100,"column":0},"end":{"line":100,"column":31}},"100":{"start":{"line":101,"column":0},"end":{"line":101,"column":56}},"101":{"start":{"line":102,"column":0},"end":{"line":102,"column":68}},"102":{"start":{"line":103,"column":0},"end":{"line":103,"column":5}},"103":{"start":{"line":104,"column":0},"end":{"line":104,"column":0}},"104":{"start":{"line":105,"column":0},"end":{"line":105,"column":46}},"105":{"start":{"line":106,"column":0},"end":{"line":106,"column":0}},"106":{"start":{"line":107,"column":0},"end":{"line":107,"column":48}},"107":{"start":{"line":108,"column":0},"end":{"line":108,"column":27}},"108":{"start":{"line":109,"column":0},"end":{"line":109,"column":12}},"109":{"start":{"line":110,"column":0},"end":{"line":110,"column":26}},"110":{"start":{"line":111,"column":0},"end":{"line":111,"column":5}},"111":{"start":{"line":112,"column":0},"end":{"line":112,"column":3}},"112":{"start":{"line":113,"column":0},"end":{"line":113,"column":0}},"113":{"start":{"line":114,"column":0},"end":{"line":114,"column":22}},"114":{"start":{"line":115,"column":0},"end":{"line":115,"column":24}},"115":{"start":{"line":116,"column":0},"end":{"line":116,"column":26}},"116":{"start":{"line":117,"column":0},"end":{"line":117,"column":73}},"117":{"start":{"line":118,"column":0},"end":{"line":118,"column":42}},"118":{"start":{"line":119,"column":0},"end":{"line":119,"column":29}},"119":{"start":{"line":120,"column":0},"end":{"line":120,"column":5}},"120":{"start":{"line":121,"column":0},"end":{"line":121,"column":3}},"121":{"start":{"line":122,"column":0},"end":{"line":122,"column":0}},"122":{"start":{"line":123,"column":0},"end":{"line":123,"column":22}},"123":{"start":{"line":124,"column":0},"end":{"line":124,"column":24}},"124":{"start":{"line":125,"column":0},"end":{"line":125,"column":26}},"125":{"start":{"line":126,"column":0},"end":{"line":126,"column":69}},"126":{"start":{"line":127,"column":0},"end":{"line":127,"column":38}},"127":{"start":{"line":128,"column":0},"end":{"line":128,"column":29}},"128":{"start":{"line":129,"column":0},"end":{"line":129,"column":5}},"129":{"start":{"line":130,"column":0},"end":{"line":130,"column":3}},"130":{"start":{"line":131,"column":0},"end":{"line":131,"column":0}},"131":{"start":{"line":132,"column":0},"end":{"line":132,"column":35}},"132":{"start":{"line":133,"column":0},"end":{"line":133,"column":25}},"133":{"start":{"line":134,"column":0},"end":{"line":134,"column":0}},"134":{"start":{"line":135,"column":0},"end":{"line":135,"column":9}},"135":{"start":{"line":136,"column":0},"end":{"line":136,"column":62}},"136":{"start":{"line":137,"column":0},"end":{"line":137,"column":0}},"137":{"start":{"line":138,"column":0},"end":{"line":138,"column":50}},"138":{"start":{"line":139,"column":0},"end":{"line":139,"column":0}},"139":{"start":{"line":140,"column":0},"end":{"line":140,"column":30}},"140":{"start":{"line":141,"column":0},"end":{"line":141,"column":34}},"141":{"start":{"line":142,"column":0},"end":{"line":142,"column":0}},"142":{"start":{"line":143,"column":0},"end":{"line":143,"column":17}},"143":{"start":{"line":144,"column":0},"end":{"line":144,"column":21}},"144":{"start":{"line":145,"column":0},"end":{"line":145,"column":51}},"145":{"start":{"line":146,"column":0},"end":{"line":146,"column":18}},"146":{"start":{"line":147,"column":0},"end":{"line":147,"column":15}},"147":{"start":{"line":148,"column":0},"end":{"line":148,"column":28}},"148":{"start":{"line":149,"column":0},"end":{"line":149,"column":5}},"149":{"start":{"line":150,"column":0},"end":{"line":150,"column":3}},"150":{"start":{"line":151,"column":0},"end":{"line":151,"column":0}},"151":{"start":{"line":152,"column":0},"end":{"line":152,"column":32}},"152":{"start":{"line":153,"column":0},"end":{"line":153,"column":8}},"153":{"start":{"line":154,"column":0},"end":{"line":154,"column":14}},"154":{"start":{"line":155,"column":0},"end":{"line":155,"column":101}},"155":{"start":{"line":156,"column":0},"end":{"line":156,"column":7}},"156":{"start":{"line":157,"column":0},"end":{"line":157,"column":7}},"157":{"start":{"line":158,"column":0},"end":{"line":158,"column":21}},"158":{"start":{"line":159,"column":0},"end":{"line":159,"column":70}},"159":{"start":{"line":160,"column":0},"end":{"line":160,"column":29}},"160":{"start":{"line":161,"column":0},"end":{"line":161,"column":5}},"161":{"start":{"line":162,"column":0},"end":{"line":162,"column":3}},"162":{"start":{"line":163,"column":0},"end":{"line":163,"column":0}},"163":{"start":{"line":164,"column":0},"end":{"line":164,"column":28}},"164":{"start":{"line":165,"column":0},"end":{"line":165,"column":51}},"165":{"start":{"line":166,"column":0},"end":{"line":166,"column":70}},"166":{"start":{"line":167,"column":0},"end":{"line":167,"column":45}},"167":{"start":{"line":168,"column":0},"end":{"line":168,"column":0}},"168":{"start":{"line":169,"column":0},"end":{"line":169,"column":44}},"169":{"start":{"line":170,"column":0},"end":{"line":170,"column":19}},"170":{"start":{"line":171,"column":0},"end":{"line":171,"column":76}},"171":{"start":{"line":172,"column":0},"end":{"line":172,"column":16}},"172":{"start":{"line":173,"column":0},"end":{"line":173,"column":0}},"173":{"start":{"line":174,"column":0},"end":{"line":174,"column":28}},"174":{"start":{"line":175,"column":0},"end":{"line":175,"column":3}},"175":{"start":{"line":176,"column":0},"end":{"line":176,"column":0}},"176":{"start":{"line":177,"column":0},"end":{"line":177,"column":32}},"177":{"start":{"line":178,"column":0},"end":{"line":178,"column":19}},"178":{"start":{"line":179,"column":0},"end":{"line":179,"column":51}},"179":{"start":{"line":180,"column":0},"end":{"line":180,"column":48}},"180":{"start":{"line":181,"column":0},"end":{"line":181,"column":33}},"181":{"start":{"line":182,"column":0},"end":{"line":182,"column":48}},"182":{"start":{"line":183,"column":0},"end":{"line":183,"column":28}},"183":{"start":{"line":184,"column":0},"end":{"line":184,"column":3}},"184":{"start":{"line":185,"column":0},"end":{"line":185,"column":0}},"185":{"start":{"line":186,"column":0},"end":{"line":186,"column":32}},"186":{"start":{"line":187,"column":0},"end":{"line":187,"column":45}},"187":{"start":{"line":188,"column":0},"end":{"line":188,"column":37}},"188":{"start":{"line":189,"column":0},"end":{"line":189,"column":0}},"189":{"start":{"line":190,"column":0},"end":{"line":190,"column":30}},"190":{"start":{"line":191,"column":0},"end":{"line":191,"column":13}},"191":{"start":{"line":192,"column":0},"end":{"line":192,"column":58}},"192":{"start":{"line":193,"column":0},"end":{"line":193,"column":25}},"193":{"start":{"line":194,"column":0},"end":{"line":194,"column":45}},"194":{"start":{"line":195,"column":0},"end":{"line":195,"column":33}},"195":{"start":{"line":196,"column":0},"end":{"line":196,"column":23}},"196":{"start":{"line":197,"column":0},"end":{"line":197,"column":25}},"197":{"start":{"line":198,"column":0},"end":{"line":198,"column":52}},"198":{"start":{"line":199,"column":0},"end":{"line":199,"column":9}},"199":{"start":{"line":200,"column":0},"end":{"line":200,"column":7}},"200":{"start":{"line":201,"column":0},"end":{"line":201,"column":0}},"201":{"start":{"line":202,"column":0},"end":{"line":202,"column":74}},"202":{"start":{"line":203,"column":0},"end":{"line":203,"column":29}},"203":{"start":{"line":204,"column":0},"end":{"line":204,"column":6}},"204":{"start":{"line":205,"column":0},"end":{"line":205,"column":3}},"205":{"start":{"line":206,"column":0},"end":{"line":206,"column":0}},"206":{"start":{"line":207,"column":0},"end":{"line":207,"column":37}},"207":{"start":{"line":208,"column":0},"end":{"line":208,"column":21}},"208":{"start":{"line":209,"column":0},"end":{"line":209,"column":17}},"209":{"start":{"line":210,"column":0},"end":{"line":210,"column":0}},"210":{"start":{"line":211,"column":0},"end":{"line":211,"column":28}},"211":{"start":{"line":212,"column":0},"end":{"line":212,"column":15}},"212":{"start":{"line":213,"column":0},"end":{"line":213,"column":15}},"213":{"start":{"line":214,"column":0},"end":{"line":214,"column":14}},"214":{"start":{"line":215,"column":0},"end":{"line":215,"column":17}},"215":{"start":{"line":216,"column":0},"end":{"line":216,"column":18}},"216":{"start":{"line":217,"column":0},"end":{"line":217,"column":17}},"217":{"start":{"line":218,"column":0},"end":{"line":218,"column":15}},"218":{"start":{"line":219,"column":0},"end":{"line":219,"column":15}},"219":{"start":{"line":220,"column":0},"end":{"line":220,"column":5}},"220":{"start":{"line":221,"column":0},"end":{"line":221,"column":39}},"221":{"start":{"line":222,"column":0},"end":{"line":222,"column":13}},"222":{"start":{"line":223,"column":0},"end":{"line":223,"column":45}},"223":{"start":{"line":224,"column":0},"end":{"line":224,"column":6}},"224":{"start":{"line":225,"column":0},"end":{"line":225,"column":0}},"225":{"start":{"line":226,"column":0},"end":{"line":226,"column":14}},"226":{"start":{"line":227,"column":0},"end":{"line":227,"column":42}},"227":{"start":{"line":228,"column":0},"end":{"line":228,"column":49}},"228":{"start":{"line":229,"column":0},"end":{"line":229,"column":0}},"229":{"start":{"line":230,"column":0},"end":{"line":230,"column":14}},"230":{"start":{"line":231,"column":0},"end":{"line":231,"column":73}},"231":{"start":{"line":232,"column":0},"end":{"line":232,"column":72}},"232":{"start":{"line":233,"column":0},"end":{"line":233,"column":73}},"233":{"start":{"line":234,"column":0},"end":{"line":234,"column":65}},"234":{"start":{"line":235,"column":0},"end":{"line":235,"column":0}},"235":{"start":{"line":236,"column":0},"end":{"line":236,"column":11}},"236":{"start":{"line":237,"column":0},"end":{"line":237,"column":49}},"237":{"start":{"line":238,"column":0},"end":{"line":238,"column":0}},"238":{"start":{"line":239,"column":0},"end":{"line":239,"column":11}},"239":{"start":{"line":240,"column":0},"end":{"line":240,"column":51}},"240":{"start":{"line":241,"column":0},"end":{"line":241,"column":0}},"241":{"start":{"line":242,"column":0},"end":{"line":242,"column":11}},"242":{"start":{"line":243,"column":0},"end":{"line":243,"column":49}},"243":{"start":{"line":244,"column":0},"end":{"line":244,"column":0}},"244":{"start":{"line":245,"column":0},"end":{"line":245,"column":48}},"245":{"start":{"line":246,"column":0},"end":{"line":246,"column":3}},"246":{"start":{"line":247,"column":0},"end":{"line":247,"column":0}},"247":{"start":{"line":248,"column":0},"end":{"line":248,"column":35}},"248":{"start":{"line":249,"column":0},"end":{"line":249,"column":19}},"249":{"start":{"line":250,"column":0},"end":{"line":250,"column":42}},"250":{"start":{"line":251,"column":0},"end":{"line":251,"column":21}},"251":{"start":{"line":252,"column":0},"end":{"line":252,"column":14}},"252":{"start":{"line":253,"column":0},"end":{"line":253,"column":0}},"253":{"start":{"line":254,"column":0},"end":{"line":254,"column":42}},"254":{"start":{"line":255,"column":0},"end":{"line":255,"column":5}},"255":{"start":{"line":256,"column":0},"end":{"line":256,"column":4}},"256":{"start":{"line":257,"column":0},"end":{"line":257,"column":0}},"257":{"start":{"line":258,"column":0},"end":{"line":258,"column":44}},"258":{"start":{"line":259,"column":0},"end":{"line":259,"column":24}},"259":{"start":{"line":260,"column":0},"end":{"line":260,"column":0}},"260":{"start":{"line":261,"column":0},"end":{"line":261,"column":44}},"261":{"start":{"line":262,"column":0},"end":{"line":262,"column":40}},"262":{"start":{"line":263,"column":0},"end":{"line":263,"column":40}},"263":{"start":{"line":264,"column":0},"end":{"line":264,"column":45}},"264":{"start":{"line":265,"column":0},"end":{"line":265,"column":6}},"265":{"start":{"line":266,"column":0},"end":{"line":266,"column":3}},"266":{"start":{"line":267,"column":0},"end":{"line":267,"column":0}},"267":{"start":{"line":268,"column":0},"end":{"line":268,"column":41}},"268":{"start":{"line":269,"column":0},"end":{"line":269,"column":43}},"269":{"start":{"line":270,"column":0},"end":{"line":270,"column":3}},"270":{"start":{"line":271,"column":0},"end":{"line":271,"column":0}},"271":{"start":{"line":272,"column":0},"end":{"line":272,"column":39}},"272":{"start":{"line":273,"column":0},"end":{"line":273,"column":41}},"273":{"start":{"line":274,"column":0},"end":{"line":274,"column":3}},"274":{"start":{"line":275,"column":0},"end":{"line":275,"column":0}},"275":{"start":{"line":276,"column":0},"end":{"line":276,"column":39}},"276":{"start":{"line":277,"column":0},"end":{"line":277,"column":40}},"277":{"start":{"line":278,"column":0},"end":{"line":278,"column":3}},"278":{"start":{"line":279,"column":0},"end":{"line":279,"column":0}},"279":{"start":{"line":280,"column":0},"end":{"line":280,"column":38}},"280":{"start":{"line":281,"column":0},"end":{"line":281,"column":39}},"281":{"start":{"line":282,"column":0},"end":{"line":282,"column":3}},"282":{"start":{"line":283,"column":0},"end":{"line":283,"column":0}},"283":{"start":{"line":284,"column":0},"end":{"line":284,"column":58}},"284":{"start":{"line":285,"column":0},"end":{"line":285,"column":41}},"285":{"start":{"line":286,"column":0},"end":{"line":286,"column":52}},"286":{"start":{"line":287,"column":0},"end":{"line":287,"column":5}},"287":{"start":{"line":288,"column":0},"end":{"line":288,"column":48}},"288":{"start":{"line":289,"column":0},"end":{"line":289,"column":47}},"289":{"start":{"line":290,"column":0},"end":{"line":290,"column":5}},"290":{"start":{"line":291,"column":0},"end":{"line":291,"column":52}},"291":{"start":{"line":292,"column":0},"end":{"line":292,"column":27}},"292":{"start":{"line":293,"column":0},"end":{"line":293,"column":3}},"293":{"start":{"line":294,"column":0},"end":{"line":294,"column":0}},"294":{"start":{"line":295,"column":0},"end":{"line":295,"column":61}},"295":{"start":{"line":296,"column":0},"end":{"line":296,"column":48}},"296":{"start":{"line":297,"column":0},"end":{"line":297,"column":86}},"297":{"start":{"line":298,"column":0},"end":{"line":298,"column":25}},"298":{"start":{"line":299,"column":0},"end":{"line":299,"column":61}},"299":{"start":{"line":300,"column":0},"end":{"line":300,"column":31}},"300":{"start":{"line":301,"column":0},"end":{"line":301,"column":7}},"301":{"start":{"line":302,"column":0},"end":{"line":302,"column":5}},"302":{"start":{"line":303,"column":0},"end":{"line":303,"column":3}},"303":{"start":{"line":304,"column":0},"end":{"line":304,"column":0}},"304":{"start":{"line":305,"column":0},"end":{"line":305,"column":37}},"305":{"start":{"line":306,"column":0},"end":{"line":306,"column":30}},"306":{"start":{"line":307,"column":0},"end":{"line":307,"column":27}},"307":{"start":{"line":308,"column":0},"end":{"line":308,"column":3}},"308":{"start":{"line":309,"column":0},"end":{"line":309,"column":0}},"309":{"start":{"line":310,"column":0},"end":{"line":310,"column":30}},"310":{"start":{"line":311,"column":0},"end":{"line":311,"column":30}},"311":{"start":{"line":312,"column":0},"end":{"line":312,"column":3}},"312":{"start":{"line":313,"column":0},"end":{"line":313,"column":0}},"313":{"start":{"line":314,"column":0},"end":{"line":314,"column":25}},"314":{"start":{"line":315,"column":0},"end":{"line":315,"column":20}},"315":{"start":{"line":316,"column":0},"end":{"line":316,"column":3}},"316":{"start":{"line":317,"column":0},"end":{"line":317,"column":0}},"317":{"start":{"line":318,"column":0},"end":{"line":318,"column":10}},"318":{"start":{"line":319,"column":0},"end":{"line":319,"column":11}},"319":{"start":{"line":320,"column":0},"end":{"line":320,"column":14}},"320":{"start":{"line":321,"column":0},"end":{"line":321,"column":14}},"321":{"start":{"line":322,"column":0},"end":{"line":322,"column":15}},"322":{"start":{"line":323,"column":0},"end":{"line":323,"column":13}},"323":{"start":{"line":324,"column":0},"end":{"line":324,"column":14}},"324":{"start":{"line":325,"column":0},"end":{"line":325,"column":9}},"325":{"start":{"line":326,"column":0},"end":{"line":326,"column":12}},"326":{"start":{"line":327,"column":0},"end":{"line":327,"column":12}},"327":{"start":{"line":328,"column":0},"end":{"line":328,"column":25}},"328":{"start":{"line":329,"column":0},"end":{"line":329,"column":17}},"329":{"start":{"line":330,"column":0},"end":{"line":330,"column":17}},"330":{"start":{"line":331,"column":0},"end":{"line":331,"column":16}},"331":{"start":{"line":332,"column":0},"end":{"line":332,"column":20}},"332":{"start":{"line":333,"column":0},"end":{"line":333,"column":17}},"333":{"start":{"line":334,"column":0},"end":{"line":334,"column":20}},"334":{"start":{"line":335,"column":0},"end":{"line":335,"column":18}},"335":{"start":{"line":336,"column":0},"end":{"line":336,"column":9}},"336":{"start":{"line":337,"column":0},"end":{"line":337,"column":9}},"337":{"start":{"line":338,"column":0},"end":{"line":338,"column":16}},"338":{"start":{"line":339,"column":0},"end":{"line":339,"column":19}},"339":{"start":{"line":340,"column":0},"end":{"line":340,"column":15}},"340":{"start":{"line":341,"column":0},"end":{"line":341,"column":15}},"341":{"start":{"line":342,"column":0},"end":{"line":342,"column":15}},"342":{"start":{"line":343,"column":0},"end":{"line":343,"column":26}},"343":{"start":{"line":344,"column":0},"end":{"line":344,"column":23}},"344":{"start":{"line":345,"column":0},"end":{"line":345,"column":18}},"345":{"start":{"line":346,"column":0},"end":{"line":346,"column":21}},"346":{"start":{"line":347,"column":0},"end":{"line":347,"column":17}},"347":{"start":{"line":348,"column":0},"end":{"line":348,"column":20}},"348":{"start":{"line":349,"column":0},"end":{"line":349,"column":13}},"349":{"start":{"line":350,"column":0},"end":{"line":350,"column":16}},"350":{"start":{"line":351,"column":0},"end":{"line":351,"column":16}},"351":{"start":{"line":352,"column":0},"end":{"line":352,"column":11}},"352":{"start":{"line":353,"column":0},"end":{"line":353,"column":11}},"353":{"start":{"line":354,"column":0},"end":{"line":354,"column":3}},"354":{"start":{"line":355,"column":0},"end":{"line":355,"column":1}}},"s":{"0":1,"1":1,"2":1,"3":1,"4":1,"5":1,"6":1,"7":1,"8":1,"9":1,"10":1,"11":1,"12":10,"13":10,"14":10,"15":10,"16":10,"17":10,"18":10,"19":10,"20":10,"21":10,"22":10,"23":10,"24":10,"25":10,"26":10,"27":10,"28":10,"29":10,"30":10,"31":10,"32":10,"33":10,"34":10,"35":10,"36":10,"37":10,"38":10,"39":10,"40":10,"41":10,"42":10,"43":10,"44":0,"45":0,"46":10,"47":10,"48":0,"49":0,"50":10,"51":10,"52":5,"53":5,"54":5,"55":0,"56":0,"57":0,"58":0,"59":0,"60":0,"61":5,"62":5,"63":5,"64":5,"65":5,"66":5,"67":10,"68":10,"69":0,"70":0,"71":0,"72":0,"73":0,"74":0,"75":0,"76":0,"77":0,"78":0,"79":10,"80":10,"81":3,"82":3,"83":3,"84":3,"85":10,"86":10,"87":1,"88":1,"89":1,"90":1,"91":10,"92":10,"93":0,"94":0,"95":0,"96":0,"97":0,"98":10,"99":10,"100":9,"101":0,"102":0,"103":9,"104":9,"105":9,"106":9,"107":0,"108":9,"109":9,"110":9,"111":9,"112":10,"113":10,"114":0,"115":0,"116":0,"117":0,"118":0,"119":0,"120":0,"121":10,"122":10,"123":0,"124":0,"125":0,"126":0,"127":0,"128":0,"129":0,"130":10,"131":10,"132":1,"133":1,"134":1,"135":1,"136":0,"137":0,"138":0,"139":0,"140":0,"141":0,"142":0,"143":0,"144":0,"145":0,"146":0,"147":0,"148":0,"149":1,"150":10,"151":10,"152":1,"153":1,"154":1,"155":1,"156":1,"157":0,"158":0,"159":0,"160":0,"161":1,"162":10,"163":10,"164":0,"165":0,"166":0,"167":0,"168":0,"169":0,"170":0,"171":0,"172":0,"173":0,"174":0,"175":10,"176":10,"177":0,"178":0,"179":0,"180":0,"181":0,"182":0,"183":0,"184":10,"185":10,"186":0,"187":0,"188":0,"189":0,"190":0,"191":0,"192":0,"193":0,"194":0,"195":0,"196":0,"197":0,"198":0,"199":0,"200":0,"201":0,"202":0,"203":0,"204":0,"205":10,"206":10,"207":0,"208":0,"209":0,"210":0,"211":0,"212":0,"213":0,"214":0,"215":0,"216":0,"217":0,"218":0,"219":0,"220":0,"221":0,"222":0,"223":0,"224":0,"225":0,"226":0,"227":0,"228":0,"229":0,"230":0,"231":0,"232":0,"233":0,"234":0,"235":0,"236":0,"237":0,"238":0,"239":0,"240":0,"241":0,"242":0,"243":0,"244":0,"245":0,"246":10,"247":10,"248":8,"249":8,"250":0,"251":8,"252":8,"253":8,"254":8,"255":10,"256":10,"257":10,"258":10,"259":10,"260":10,"261":10,"262":2,"263":5,"264":2,"265":2,"266":10,"267":10,"268":2,"269":2,"270":10,"271":10,"272":1,"273":1,"274":10,"275":10,"276":1,"277":1,"278":10,"279":10,"280":0,"281":0,"282":10,"283":10,"284":4,"285":0,"286":0,"287":4,"288":0,"289":0,"290":4,"291":4,"292":4,"293":10,"294":10,"295":1,"296":1,"297":1,"298":1,"299":1,"300":1,"301":1,"302":1,"303":10,"304":10,"305":2,"306":2,"307":2,"308":10,"309":10,"310":1,"311":1,"312":10,"313":10,"314":1,"315":1,"316":10,"317":10,"318":10,"319":10,"320":10,"321":10,"322":10,"323":10,"324":10,"325":10,"326":10,"327":10,"328":10,"329":10,"330":10,"331":10,"332":10,"333":10,"334":10,"335":10,"336":10,"337":10,"338":10,"339":10,"340":10,"341":10,"342":10,"343":10,"344":10,"345":10,"346":10,"347":10,"348":10,"349":10,"350":10,"351":10,"352":10,"353":10,"354":10},"branchMap":{"0":{"type":"branch","line":12,"loc":{"start":{"line":12,"column":7},"end":{"line":355,"column":1}},"locations":[{"start":{"line":12,"column":7},"end":{"line":355,"column":1}}]},"1":{"type":"branch","line":16,"loc":{"start":{"line":16,"column":4},"end":{"line":16,"column":51}},"locations":[{"start":{"line":16,"column":4},"end":{"line":16,"column":51}}]},"2":{"type":"branch","line":18,"loc":{"start":{"line":18,"column":26},"end":{"line":18,"column":48}},"locations":[{"start":{"line":18,"column":26},"end":{"line":18,"column":48}}]},"3":{"type":"branch","line":52,"loc":{"start":{"line":52,"column":22},"end":{"line":67,"column":3}},"locations":[{"start":{"line":52,"column":22},"end":{"line":67,"column":3}}]},"4":{"type":"branch","line":55,"loc":{"start":{"line":55,"column":29},"end":{"line":62,"column":5}},"locations":[{"start":{"line":55,"column":29},"end":{"line":62,"column":5}}]},"5":{"type":"branch","line":81,"loc":{"start":{"line":81,"column":23},"end":{"line":85,"column":3}},"locations":[{"start":{"line":81,"column":23},"end":{"line":85,"column":3}}]},"6":{"type":"branch","line":87,"loc":{"start":{"line":87,"column":26},"end":{"line":91,"column":3}},"locations":[{"start":{"line":87,"column":26},"end":{"line":91,"column":3}}]},"7":{"type":"branch","line":100,"loc":{"start":{"line":100,"column":24},"end":{"line":112,"column":3}},"locations":[{"start":{"line":100,"column":24},"end":{"line":112,"column":3}}]},"8":{"type":"branch","line":101,"loc":{"start":{"line":101,"column":55},"end":{"line":103,"column":5}},"locations":[{"start":{"line":101,"column":55},"end":{"line":103,"column":5}}]},"9":{"type":"branch","line":107,"loc":{"start":{"line":107,"column":47},"end":{"line":109,"column":5}},"locations":[{"start":{"line":107,"column":47},"end":{"line":109,"column":5}}]},"10":{"type":"branch","line":132,"loc":{"start":{"line":132,"column":22},"end":{"line":150,"column":3}},"locations":[{"start":{"line":132,"column":22},"end":{"line":150,"column":3}}]},"11":{"type":"branch","line":137,"loc":{"start":{"line":137,"column":-2},"end":{"line":149,"column":5}},"locations":[{"start":{"line":137,"column":-2},"end":{"line":149,"column":5}}]},"12":{"type":"branch","line":136,"loc":{"start":{"line":136,"column":24},"end":{"line":136,"column":61}},"locations":[{"start":{"line":136,"column":24},"end":{"line":136,"column":61}}]},"13":{"type":"branch","line":152,"loc":{"start":{"line":152,"column":25},"end":{"line":162,"column":3}},"locations":[{"start":{"line":152,"column":25},"end":{"line":162,"column":3}}]},"14":{"type":"branch","line":157,"loc":{"start":{"line":157,"column":6},"end":{"line":161,"column":5}},"locations":[{"start":{"line":157,"column":6},"end":{"line":161,"column":5}}]},"15":{"type":"branch","line":248,"loc":{"start":{"line":248,"column":20},"end":{"line":256,"column":3}},"locations":[{"start":{"line":248,"column":20},"end":{"line":256,"column":3}}]},"16":{"type":"branch","line":262,"loc":{"start":{"line":262,"column":29},"end":{"line":266,"column":3}},"locations":[{"start":{"line":262,"column":29},"end":{"line":266,"column":3}}]},"17":{"type":"branch","line":263,"loc":{"start":{"line":263,"column":30},"end":{"line":265,"column":5}},"locations":[{"start":{"line":263,"column":30},"end":{"line":265,"column":5}}]},"18":{"type":"branch","line":268,"loc":{"start":{"line":268,"column":24},"end":{"line":270,"column":3}},"locations":[{"start":{"line":268,"column":24},"end":{"line":270,"column":3}}]},"19":{"type":"branch","line":272,"loc":{"start":{"line":272,"column":27},"end":{"line":274,"column":3}},"locations":[{"start":{"line":272,"column":27},"end":{"line":274,"column":3}}]},"20":{"type":"branch","line":276,"loc":{"start":{"line":276,"column":23},"end":{"line":278,"column":3}},"locations":[{"start":{"line":276,"column":23},"end":{"line":278,"column":3}}]},"21":{"type":"branch","line":284,"loc":{"start":{"line":284,"column":19},"end":{"line":293,"column":3}},"locations":[{"start":{"line":284,"column":19},"end":{"line":293,"column":3}}]},"22":{"type":"branch","line":285,"loc":{"start":{"line":285,"column":40},"end":{"line":287,"column":5}},"locations":[{"start":{"line":285,"column":40},"end":{"line":287,"column":5}}]},"23":{"type":"branch","line":288,"loc":{"start":{"line":288,"column":47},"end":{"line":290,"column":5}},"locations":[{"start":{"line":288,"column":47},"end":{"line":290,"column":5}}]},"24":{"type":"branch","line":295,"loc":{"start":{"line":295,"column":22},"end":{"line":303,"column":3}},"locations":[{"start":{"line":295,"column":22},"end":{"line":303,"column":3}}]},"25":{"type":"branch","line":297,"loc":{"start":{"line":297,"column":67},"end":{"line":297,"column":85}},"locations":[{"start":{"line":297,"column":67},"end":{"line":297,"column":85}}]},"26":{"type":"branch","line":305,"loc":{"start":{"line":305,"column":22},"end":{"line":308,"column":3}},"locations":[{"start":{"line":305,"column":22},"end":{"line":308,"column":3}}]},"27":{"type":"branch","line":310,"loc":{"start":{"line":310,"column":17},"end":{"line":312,"column":3}},"locations":[{"start":{"line":310,"column":17},"end":{"line":312,"column":3}}]},"28":{"type":"branch","line":314,"loc":{"start":{"line":314,"column":18},"end":{"line":316,"column":3}},"locations":[{"start":{"line":314,"column":18},"end":{"line":316,"column":3}}]}},"b":{"0":[10],"1":[0],"2":[0],"3":[5],"4":[0],"5":[3],"6":[1],"7":[9],"8":[0],"9":[0],"10":[1],"11":[0],"12":[1],"13":[1],"14":[0],"15":[8],"16":[2],"17":[5],"18":[2],"19":[1],"20":[1],"21":[4],"22":[0],"23":[0],"24":[1],"25":[7],"26":[2],"27":[1],"28":[1]},"fnMap":{"0":{"name":"useEditor","decl":{"start":{"line":12,"column":7},"end":{"line":355,"column":1}},"loc":{"start":{"line":12,"column":7},"end":{"line":355,"column":1}},"line":12},"1":{"name":"toggleEditor","decl":{"start":{"line":44,"column":23},"end":{"line":46,"column":3}},"loc":{"start":{"line":44,"column":23},"end":{"line":46,"column":3}},"line":44},"2":{"name":"setActiveTab","decl":{"start":{"line":48,"column":23},"end":{"line":50,"column":3}},"loc":{"start":{"line":48,"column":23},"end":{"line":50,"column":3}},"line":48},"3":{"name":"updateField","decl":{"start":{"line":52,"column":22},"end":{"line":67,"column":3}},"loc":{"start":{"line":52,"column":22},"end":{"line":67,"column":3}},"line":52},"4":{"name":"updateArrayItem","decl":{"start":{"line":69,"column":26},"end":{"line":79,"column":3}},"loc":{"start":{"line":69,"column":26},"end":{"line":79,"column":3}},"line":69},"5":{"name":"addArrayItem","decl":{"start":{"line":81,"column":23},"end":{"line":85,"column":3}},"loc":{"start":{"line":81,"column":23},"end":{"line":85,"column":3}},"line":81},"6":{"name":"removeArrayItem","decl":{"start":{"line":87,"column":26},"end":{"line":91,"column":3}},"loc":{"start":{"line":87,"column":26},"end":{"line":91,"column":3}},"line":87},"7":{"name":"moveArrayItem","decl":{"start":{"line":93,"column":24},"end":{"line":98,"column":3}},"loc":{"start":{"line":93,"column":24},"end":{"line":98,"column":3}},"line":93},"8":{"name":"saveToHistory","decl":{"start":{"line":100,"column":24},"end":{"line":112,"column":3}},"loc":{"start":{"line":100,"column":24},"end":{"line":112,"column":3}},"line":100},"9":{"name":"undo","decl":{"start":{"line":114,"column":15},"end":{"line":121,"column":3}},"loc":{"start":{"line":114,"column":15},"end":{"line":121,"column":3}},"line":114},"10":{"name":"redo","decl":{"start":{"line":123,"column":15},"end":{"line":130,"column":3}},"loc":{"start":{"line":123,"column":15},"end":{"line":130,"column":3}},"line":123},"11":{"name":"saveChanges","decl":{"start":{"line":132,"column":22},"end":{"line":150,"column":3}},"loc":{"start":{"line":132,"column":22},"end":{"line":150,"column":3}},"line":132},"12":{"name":"resetToDefault","decl":{"start":{"line":152,"column":25},"end":{"line":162,"column":3}},"loc":{"start":{"line":152,"column":25},"end":{"line":162,"column":3}},"line":152},"13":{"name":"exportData","decl":{"start":{"line":164
[...]
,"D:\\One_Drive_AIEP\\OneDrive - Aiep\\Repo_AIEP\\cv-generator-pro\\metgo3d-cv-generator\\src\\utils\\cvMapper.js": {"path":"D:\\One_Drive_AIEP\\OneDrive - Aiep\\Repo_AIEP\\cv-generator-pro\\metgo3d-cv-generator\\src\\utils\\cvMapper.js","all":true,"statementMap":{"0":{"start":{"line":1,"column":0},"end":{"line":1,"column":3}},"1":{"start":{"line":2,"column":0},"end":{"line":2,"column":64}},"2":{"start":{"line":3,"column":0},"end":{"line":3,"column":3}},"3":{"start":{"line":4,"column":0},"end":{"line":4,"column":0}},"4":{"start":{"line":5,"column":0},"end":{"line":5,"column":49}},"5":{"start":{"line":6,"column":0},"end":{"line":6,"column":29}},"6":{"start":{"line":7,"column":0},"end":{"line":7,"column":41}},"7":{"start":{"line":8,"column":0},"end":{"line":8,"column":34}},"8":{"start":{"line":9,"column":0},"end":{"line":9,"column":0}},"9":{"start":{"line":10,"column":0},"end":{"line":10,"column":39}},"10":{"start":{"line":11,"column":0},"end":{"line":11,"column":23}},"11":{"start":{"line":12,"column":0},"end":{"line":12,"column":25}},"12":{"start":{"line":13,"column":0},"end":{"line":13,"column":41}},"13":{"start":{"line":14,"column":0},"end":{"line":14,"column":88}},"14":{"start":{"line":15,"column":0},"end":{"line":15,"column":33}},"15":{"start":{"line":16,"column":0},"end":{"line":16,"column":21}},"16":{"start":{"line":17,"column":0},"end":{"line":17,"column":54}},"17":{"start":{"line":18,"column":0},"end":{"line":18,"column":24}},"18":{"start":{"line":19,"column":0},"end":{"line":19,"column":6}},"19":{"start":{"line":20,"column":0},"end":{"line":20,"column":4}},"20":{"start":{"line":21,"column":0},"end":{"line":21,"column":23}},"21":{"start":{"line":22,"column":0},"end":{"line":22,"column":87}},"22":{"start":{"line":23,"column":0},"end":{"line":23,"column":83}},"23":{"start":{"line":24,"column":0},"end":{"line":24,"column":75}},"24":{"start":{"line":25,"column":0},"end":{"line":25,"column":74}},"25":{"start":{"line":26,"column":0},"end":{"line":26,"column":3}},"26":{"start":{"line":27,"column":0},"end":{"line":27,"column":56}},"27":{"start":{"line":28,"column":0},"end":{"line":28,"column":0}},"28":{"start":{"line":29,"column":0},"end":{"line":29,"column":10}},"29":{"start":{"line":30,"column":0},"end":{"line":30,"column":15}},"30":{"start":{"line":31,"column":0},"end":{"line":31,"column":87}},"31":{"start":{"line":32,"column":0},"end":{"line":32,"column":29}},"32":{"start":{"line":33,"column":0},"end":{"line":33,"column":20}},"33":{"start":{"line":34,"column":0},"end":{"line":34,"column":40}},"34":{"start":{"line":35,"column":0},"end":{"line":35,"column":36}},"35":{"start":{"line":36,"column":0},"end":{"line":36,"column":33}},"36":{"start":{"line":37,"column":0},"end":{"line":37,"column":39}},"37":{"start":{"line":38,"column":0},"end":{"line":38,"column":42}},"38":{"start":{"line":39,"column":0},"end":{"line":39,"column":35}},"39":{"start":{"line":40,"column":0},"end":{"line":40,"column":38}},"40":{"start":{"line":41,"column":0},"end":{"line":41,"column":37}},"41":{"start":{"line":42,"column":0},"end":{"line":42,"column":40}},"42":{"start":{"line":43,"column":0},"end":{"line":43,"column":41}},"43":{"start":{"line":44,"column":0},"end":{"line":44,"column":44}},"44":{"start":{"line":45,"column":0},"end":{"line":45,"column":25}},"45":{"start":{"line":46,"column":0},"end":{"line":46,"column":19}},"46":{"start":{"line":47,"column":0},"end":{"line":47,"column":6}},"47":{"start":{"line":48,"column":0},"end":{"line":48,"column":13}},"48":{"start":{"line":49,"column":0},"end":{"line":49,"column":32}},"49":{"start":{"line":50,"column":0},"end":{"line":50,"column":21}},"50":{"start":{"line":51,"column":0},"end":{"line":51,"column":24}},"51":{"start":{"line":52,"column":0},"end":{"line":52,"column":6}},"52":{"start":{"line":53,"column":0},"end":{"line":53,"column":17}},"53":{"start":{"line":54,"column":0},"end":{"line":54,"column":56}},"54":{"start":{"line":55,"column":0},"end":{"line":55,"column":23}},"55":{"start":{"line":56,"column":0},"end":{"line":56,"column":33}},"56":{"start":{"line":57,"column":0},"end":{"line":57,"column":46}},"57":{"start":{"line":58,"column":0},"end":{"line":58,"column":52}},"58":{"start":{"line":59,"column":0},"end":{"line":59,"column":24}},"59":{"start":{"line":60,"column":0},"end":{"line":60,"column":23}},"60":{"start":{"line":61,"column":0},"end":{"line":61,"column":21}},"61":{"start":{"line":62,"column":0},"end":{"line":62,"column":8}},"62":{"start":{"line":63,"column":0},"end":{"line":63,"column":67}},"63":{"start":{"line":64,"column":0},"end":{"line":64,"column":21}},"64":{"start":{"line":65,"column":0},"end":{"line":65,"column":28}},"65":{"start":{"line":66,"column":0},"end":{"line":66,"column":26}},"66":{"start":{"line":67,"column":0},"end":{"line":67,"column":33}},"67":{"start":{"line":68,"column":0},"end":{"line":68,"column":17}},"68":{"start":{"line":69,"column":0},"end":{"line":69,"column":27}},"69":{"start":{"line":70,"column":0},"end":{"line":70,"column":22}},"70":{"start":{"line":71,"column":0},"end":{"line":71,"column":8}},"71":{"start":{"line":72,"column":0},"end":{"line":72,"column":59}},"72":{"start":{"line":73,"column":0},"end":{"line":73,"column":24}},"73":{"start":{"line":74,"column":0},"end":{"line":74,"column":25}},"74":{"start":{"line":75,"column":0},"end":{"line":75,"column":21}},"75":{"start":{"line":76,"column":0},"end":{"line":76,"column":34}},"76":{"start":{"line":77,"column":0},"end":{"line":77,"column":68}},"77":{"start":{"line":78,"column":0},"end":{"line":78,"column":19}},"78":{"start":{"line":79,"column":0},"end":{"line":79,"column":15}},"79":{"start":{"line":80,"column":0},"end":{"line":80,"column":20}},"80":{"start":{"line":81,"column":0},"end":{"line":81,"column":50}},"81":{"start":{"line":82,"column":0},"end":{"line":82,"column":68}},"82":{"start":{"line":83,"column":0},"end":{"line":83,"column":20}},"83":{"start":{"line":84,"column":0},"end":{"line":84,"column":21}},"84":{"start":{"line":85,"column":0},"end":{"line":85,"column":10}},"85":{"start":{"line":86,"column":0},"end":{"line":86,"column":22}},"86":{"start":{"line":87,"column":0},"end":{"line":87,"column":22}},"87":{"start":{"line":88,"column":0},"end":{"line":88,"column":8}},"88":{"start":{"line":89,"column":0},"end":{"line":89,"column":55}},"89":{"start":{"line":90,"column":0},"end":{"line":90,"column":21}},"90":{"start":{"line":91,"column":0},"end":{"line":91,"column":39}},"91":{"start":{"line":92,"column":0},"end":{"line":92,"column":40}},"92":{"start":{"line":93,"column":0},"end":{"line":93,"column":17}},"93":{"start":{"line":94,"column":0},"end":{"line":94,"column":22}},"94":{"start":{"line":95,"column":0},"end":{"line":95,"column":7}},"95":{"start":{"line":96,"column":0},"end":{"line":96,"column":3}},"96":{"start":{"line":97,"column":0},"end":{"line":97,"column":1}},"97":{"start":{"line":98,"column":0},"end":{"line":98,"column":0}},"98":{"start":{"line":99,"column":0},"end":{"line":99,"column":46}},"99":{"start":{"line":100,"column":0},"end":{"line":100,"column":24}},"100":{"start":{"line":101,"column":0},"end":{"line":101,"column":40}},"101":{"start":{"line":102,"column":0},"end":{"line":102,"column":36}},"102":{"start":{"line":103,"column":0},"end":{"line":103,"column":48}},"103":{"start":{"line":104,"column":0},"end":{"line":104,"column":0}},"104":{"start":{"line":105,"column":0},"end":{"line":105,"column":19}},"105":{"start":{"line":106,"column":0},"end":{"line":106,"column":48}},"106":{"start":{"line":107,"column":0},"end":{"line":107,"column":22}},"107":{"start":{"line":108,"column":0},"end":{"line":108,"column":33}},"108":{"start":{"line":109,"column":0},"end":{"line":109,"column":39}},"109":{"start":{"line":110,"column":0},"end":{"line":110,"column":25}},"110":{"start":{"line":111,"column":0},"end":{"line":111,"column":34}},"111":{"start":{"line":112,"column":0},"end":{"line":112,"column":106}},"112":{"start":{"line":113,"column":0},"end":{"line":113,"column":21}},"113":{"start":{"line":114,"column":0},"end":{"line":114,"column":15}},"114":{"start":{"line":115,"column":0},"end":{"line":115,"column":16}},"115":{"start":{"line":116,"column":0},"end":{"line":116,"column":31}},"116":{"start":{"line":117,"column":0},"end":{"line":117,"column":10}},"117":{"start":{"line":118,"column":0},"end":{"line":118,"column":8}},"118":{"start":{"line":119,"column":0},"end":{"line":119,"column":5}},"119":{"start":{"line":120,"column":0},"end":{"line":120,"column":4}},"120":{"start":{"line":121,"column":0},"end":{"line":121,"column":0}},"121":{"start":{"line":122,"column":0},"end":{"line":122,"column":10}},"122":{"start":{"line":123,"column":0},"end":{"line":123,"column":67}},"123":{"start":{"line":124,"column":0},"end":{"line":124,"column":19}},"124":{"start":{"line":125,"column":0},"end":{"line":125,"column":61}},"125":{"start":{"line":126,"column":0},"end":{"line":126,"column":76}},"126":{"start":{"line":127,"column":0},"end":{"line":127,"column":29}},"127":{"start":{"line":128,"column":0},"end":{"line":128,"column":55}},"128":{"start":{"line":129,"column":0},"end":{"line":129,"column":16}},"129":{"start":{"line":130,"column":0},"end":{"line":130,"column":30}},"130":{"start":{"line":131,"column":0},"end":{"line":131,"column":33}},"131":{"start":{"line":132,"column":0},"end":{"line":132,"column":37}},"132":{"start":{"line":133,"column":0},"end":{"line":133,"column":60}},"133":{"start":{"line":134,"column":0},"end":{"line":134,"column":54}},"134":{"start":{"line":135,"column":0},"end":{"line":135,"column":63}},"135":{"start":{"line":136,"column":0},"end":{"line":136,"column":56}},"136":{"start":{"line":137,"column":0},"end":{"line":137,"column":7}},"137":{"start":{"line":138,"column":0},"end":{"line":138,"column":6}},"138":{"start":{"line":139,"column":0},"end":{"line":139,"column":56}},"139":{"start":{"line":140,"column":0},"end":{"line":140,"column":25}},"140":{"start":{"line":141,"column":0},"end":{"line":141,"column":24}},"141":{"start":{"line":142,"column":0},"end":{"line":142,"column":28}},"142":{"start":{"line":143,"column":0},"end":{"line":143,"column":50}},"143":{"start":{"line":144,"column":0},"end":{"line":144,"column":42}},"144":{"start":{"line":145,"column":0},"end":{"line":145,"column":21}},"145":{"start":{"line":146,"column":0},"end":{"line":146,"column":22}},"146":{"start":{"line":147,"column":0},"end":{"line":147,"column":92}},"147":{"start":{"line":148,"column":0},"end":{"line":148,"column":8}},"148":{"start":{"line":149,"column":0},"end":{"line":149,"column":53}},"149":{"start":{"line":150,"column":0},"end":{"line":150,"column":33}},"150":{"start":{"line":151,"column":0},"end":{"line":151,"column":23}},"151":{"start":{"line":152,"column":0},"end":{"line":152,"column":16}},"152":{"start":{"line":153,"column":0},"end":{"line":153,"column":19}},"153":{"start":{"line":154,"column":0},"end":{"line":154,"column":33}},"154":{"start":{"line":155,"column":0},"end":{"line":155,"column":18}},"155":{"start":{"line":156,"column":0},"end":{"line":156,"column":38}},"156":{"start":{"line":157,"column":0},"end":{"line":157,"column":8}},"157":{"start":{"line":158,"column":0},"end":{"line":158,"column":11}},"158":{"start":{"line":159,"column":0},"end":{"line":159,"column":52}},"159":{"start":{"line":160,"column":0},"end":{"line":160,"column":21}},"160":{"start":{"line":161,"column":0},"end":{"line":161,"column":33}},"161":{"start":{"line":162,"column":0},"end":{"line":162,"column":40}},"162":{"start":{"line":163,"column":0},"end":{"line":163,"column":17}},"163":{"start":{"line":164,"column":0},"end":{"line":164,"column":22}},"164":{"start":{"line":165,"column":0},"end":{"line":165,"column":8}},"165":{"start":{"line":166,"column":0},"end":{"line":166,"column":64}},"166":{"start":{"line":167,"column":0},"end":{"line":167,"column":21}},"167":{"start":{"line":168,"column":0},"end":{"line":168,"column":37}},"168":{"start":{"line":169,"column":0},"end":{"line":169,"column":20}},"169":{"start":{"line":170,"column":0},"end":{"line":170,"column":33}},"170":{"start":{"line":171,"column":0},"end":{"line":171,"column":16}},"171":{"start":{"line":172,"column":0},"end":{"line":172,"column":7}},"172":{"start":{"line":173,"column":0},"end":{"line":173,"column":3}},"173":{"start":{"line":174,"column":0},"end":{"line":174,"column":1}}},"s":{"0":0,"1":0,"2":0,"3":0,"4":0,"5":0,"6":0,"7":0,"8":0,"9":0,"10":0,"11":0,"12":0,"13":0,"14":0,"15":0,"16":0,"17":0,"18":0,"19":0,"20":0,"21":0,"22":0,"23":0,"24":0,"25":0,"26":0,"27":0,"28":0,"29":0,"30":0,"31":0,"32":0,"33":0,"34":0,"35":0,"36":0,"37":0,"38":0,"39":0,"40":0,"41":0,"42":0,"43":0,"44":0,"45":0,"46":0,"47":0,"48":0,"49":0,"50":0,"51":0,"52":0,"53":0,"54":0,"55":0,"56":0,"57":0,"58":0,"59":0,"60":0,"61":0,"62":0,"63":0,"64":0,"65":0,"66":0,"67":0,"68":0,"69":0,"70":0,"71":0,"72":0,"73":0,"74":0,"75":0,"76":0,"77":0,"78":0,"79":0,"80":0,"81":0,"82":0,"83":0,"84":0,"85":0,"86":0,"87":0,"88":0,"89":0,"90":0,"91":0,"92":0,"93":0,"94":0,"95":0,"96":0,"97":0,"98":0,"99":0,"100":0,"101":0,"102":0,"103":0,"104":0,"105":0,"106":0,"107":0,"108":0,"109":0,"110":0,"111":0,"112":0,"113":0,"114":0,"115":0,"116":0,"117":0,"118":0,"119":0,"120":0,"121":0,"122":0,"123":0,"124":0,"125":0,"126":0,"127":0,"128":0,"129":0,"130":0,"131":0,"132":0,"133":0,"134":0,"135":0,"136":0,"137":0,"138":0,"139":0,"140":0,"141":0,"142":0,"143":0,"144":0,"145":0,"146":0,"147":0,"148":0,"149":0,"150":0,"151":0,"152":0,"153":0,"154":0,"155":0,"156":0,"157":0,"158":0,"159":0,"160":0,"161":0,"162":0,"163":0,"164":0,"165":0,"166":0,"167":0,"168":0,"169":0,"170":0,"171":0,"172":0,"173":0},"branchMap":{"0":{"type":"branch","line":1,"loc":{"start":{"line":1,"column":0},"end":{"line":174,"column":-131}},"locations":[{"start":{"line":1,"column":0},"end":{"line":174,"column":-131}}]}},"b":{"0":[0]},"fnMap":{"0":{"name":"(empty-report)","decl":{"start":{"line":1,"column":0},"end":{"line":174,"column":-131}},"loc":{"start":{"line":1,"column":0},"end":{"line":174,"column":-131}},"line":1}},"f":{"0":0}}
,"D:\\One_Drive_AIEP\\OneDrive - Aiep\\Repo_AIEP\\cv-generator-pro\\metgo3d-cv-generator\\src\\utils\\presentationSlides.js": {"path":"D:\\One_Drive_AIEP\\OneDrive - Aiep\\Repo_AIEP\\cv-generator-pro\\metgo3d-cv-generator\\src\\utils\\presentationSlides.js","all":true,"statementMap":{"0":{"start":{"line":1,"column":0},"end":{"line":1,"column":3}},"1":{"start":{"line":2,"column":0},"end":{"line":2,"column":40}},"2":{"start":{"line":3,"column":0},"end":{"line":3,"column":3}},"3":{"start":{"line":4,"column":0},"end":{"line":4,"column":43}},"4":{"start":{"line":5,"column":0},"end":{"line":5,"column":33}},"5":{"start":{"line":6,"column":0},"end":{"line":6,"column":32}},"6":{"start":{"line":7,"column":0},"end":{"line":7,"column":40}},"7":{"start":{"line":8,"column":0},"end":{"line":8,"column":36}},"8":{"start":{"line":9,"column":0},"end":{"line":9,"column":38}},"9":{"start":{"line":10,"column":0},"end":{"line":10,"column":37}},"10":{"start":{"line":11,"column":0},"end":{"line":11,"column":0}},"11":{"start":{"line":12,"column":0},"end":{"line":12,"column":19}},"12":{"start":{"line":13,"column":0},"end":{"line":13,"column":0}},"13":{"start":{"line":14,"column":0},"end":{"line":14,"column":15}},"14":{"start":{"line":15,"column":0},"end":{"line":15,"column":18}},"15":{"start":{"line":16,"column":0},"end":{"line":16,"column":28}},"16":{"start":{"line":17,"column":0},"end":{"line":17,"column":29}},"17":{"start":{"line":18,"column":0},"end":{"line":18,"column":30}},"18":{"start":{"line":19,"column":0},"end":{"line":19,"column":4}},"19":{"start":{"line":20,"column":0},"end":{"line":20,"column":0}},"20":{"start":{"line":21,"column":0},"end":{"line":21,"column":19}},"21":{"start":{"line":22,"column":0},"end":{"line":22,"column":17}},"22":{"start":{"line":23,"column":0},"end":{"line":23,"column":22}},"23":{"start":{"line":24,"column":0},"end":{"line":24,"column":34}},"24":{"start":{"line":25,"column":0},"end":{"line":25,"column":25}},"25":{"start":{"line":26,"column":0},"end":{"line":26,"column":6}},"26":{"start":{"line":27,"column":0},"end":{"line":27,"column":3}},"27":{"start":{"line":28,"column":0},"end":{"line":28,"column":0}},"28":{"start":{"line":29,"column":0},"end":{"line":29,"column":22}},"29":{"start":{"line":30,"column":0},"end":{"line":30,"column":100}},"30":{"start":{"line":31,"column":0},"end":{"line":31,"column":98}},"31":{"start":{"line":32,"column":0},"end":{"line":32,"column":100}},"32":{"start":{"line":33,"column":0},"end":{"line":33,"column":25}},"33":{"start":{"line":34,"column":0},"end":{"line":34,"column":76}},"34":{"start":{"line":35,"column":0},"end":{"line":35,"column":3}},"35":{"start":{"line":36,"column":0},"end":{"line":36,"column":0}},"36":{"start":{"line":37,"column":0},"end":{"line":37,"column":19}},"37":{"start":{"line":38,"column":0},"end":{"line":38,"column":17}},"38":{"start":{"line":39,"column":0},"end":{"line":39,"column":19}},"39":{"start":{"line":40,"column":0},"end":{"line":40,"column":25}},"40":{"start":{"line":41,"column":0},"end":{"line":41,"column":86}},"41":{"start":{"line":42,"column":0},"end":{"line":42,"column":6}},"42":{"start":{"line":43,"column":0},"end":{"line":43,"column":3}},"43":{"start":{"line":44,"column":0},"end":{"line":44,"column":0}},"44":{"start":{"line":45,"column":0},"end":{"line":45,"column":19}},"45":{"start":{"line":46,"column":0},"end":{"line":46,"column":17}},"46":{"start":{"line":47,"column":0},"end":{"line":47,"column":19}},"47":{"start":{"line":48,"column":0},"end":{"line":48,"column":27}},"48":{"start":{"line":49,"column":0},"end":{"line":49,"column":81}},"49":{"start":{"line":50,"column":0},"end":{"line":50,"column":6}},"50":{"start":{"line":51,"column":0},"end":{"line":51,"column":3}},"51":{"start":{"line":52,"column":0},"end":{"line":52,"column":0}},"52":{"start":{"line":53,"column":0},"end":{"line":53,"column":20}},"53":{"start":{"line":54,"column":0},"end":{"line":54,"column":17}},"54":{"start":{"line":55,"column":0},"end":{"line":55,"column":19}},"55":{"start":{"line":56,"column":0},"end":{"line":56,"column":25}},"56":{"start":{"line":57,"column":0},"end":{"line":57,"column":53}},"57":{"start":{"line":58,"column":0},"end":{"line":58,"column":6}},"58":{"start":{"line":59,"column":0},"end":{"line":59,"column":3}},"59":{"start":{"line":60,"column":0},"end":{"line":60,"column":0}},"60":{"start":{"line":61,"column":0},"end":{"line":61,"column":15}},"61":{"start":{"line":62,"column":0},"end":{"line":62,"column":20}},"62":{"start":{"line":63,"column":0},"end":{"line":63,"column":22}},"63":{"start":{"line":64,"column":0},"end":{"line":64,"column":19}},"64":{"start":{"line":65,"column":0},"end":{"line":65,"column":22}},"65":{"start":{"line":66,"column":0},"end":{"line":66,"column":25}},"66":{"start":{"line":67,"column":0},"end":{"line":67,"column":4}},"67":{"start":{"line":68,"column":0},"end":{"line":68,"column":0}},"68":{"start":{"line":69,"column":0},"end":{"line":69,"column":15}},"69":{"start":{"line":70,"column":0},"end":{"line":70,"column":1}}},"s":{"0":0,"1":0,"2":0,"3":0,"4":0,"5":0,"6":0,"7":0,"8":0,"9":0,"10":0,"11":0,"12":0,"13":0,"14":0,"15":0,"16":0,"17":0,"18":0,"19":0,"20":0,"21":0,"22":0,"23":0,"24":0,"25":0,"26":0,"27":0,"28":0,"29":0,"30":0,"31":0,"32":0,"33":0,"34":0,"35":0,"36":0,"37":0,"38":0,"39":0,"40":0,"41":0,"42":0,"43":0,"44":0,"45":0,"46":0,"47":0,"48":0,"49":0,"50":0,"51":0,"52":0,"53":0,"54":0,"55":0,"56":0,"57":0,"58":0,"59":0,"60":0,"61":0,"62":0,"63":0,"64":0,"65":0,"66":0,"67":0,"68":0,"69":0},"branchMap":{"0":{"type":"branch","line":1,"loc":{"start":{"line":1,"column":1769},"end":{"line":70,"column":1}},"locations":[{"start":{"line":1,"column":1769},"end":{"line":70,"column":1}}]}},"b":{"0":[0]},"fnMap":{"0":{"name":"(empty-report)","decl":{"start":{"line":1,"column":1769},"end":{"line":70,"column":1}},"loc":{"start":{"line":1,"column":1769},"end":{"line":70,"column":1}},"line":1}},"f":{"0":0}}
}
