TN:
SF:src\composables\useAPI.js
FN:11,getToken
FN:15,setToken
FN:20,isAuthenticated
FN:24,useAPI
FN:28,clearError
FN:32,request
FN:80,get
FN:81,post
FN:82,put
FN:83,patch
FN:84,del
FNF:11
FNH:11
FNDA:34,getToken
FNDA:21,setToken
FNDA:5,isAuthenticated
FNDA:17,useAPI
FNDA:1,clearError
FNDA:15,request
FNDA:10,get
FNDA:2,post
FNDA:1,put
FNDA:1,patch
FNDA:1,del
DA:1,1
DA:2,1
DA:3,1
DA:4,1
DA:5,1
DA:6,1
DA:7,1
DA:8,1
DA:9,1
DA:10,1
DA:11,1
DA:12,34
DA:13,34
DA:14,1
DA:15,1
DA:16,21
DA:17,5
DA:18,21
DA:19,1
DA:20,1
DA:21,5
DA:22,5
DA:23,1
DA:24,1
DA:25,17
DA:26,17
DA:27,17
DA:28,17
DA:29,1
DA:30,1
DA:31,17
DA:32,17
DA:33,15
DA:34,15
DA:35,15
DA:36,15
DA:37,15
DA:38,15
DA:39,15
DA:40,15
DA:41,15
DA:42,15
DA:43,15
DA:44,15
DA:45,15
DA:46,15
DA:47,15
DA:48,15
DA:49,15
DA:50,3
DA:51,3
DA:52,15
DA:53,15
DA:54,14
DA:55,14
DA:56,14
DA:57,15
DA:58,13
DA:59,15
DA:60,1
DA:61,1
DA:62,14
DA:63,15
DA:64,2
DA:65,1
DA:66,1
DA:67,1
DA:68,2
DA:69,2
DA:70,12
DA:71,12
DA:72,15
DA:73,3
DA:74,3
DA:75,15
DA:76,15
DA:77,15
DA:78,15
DA:79,17
DA:80,17
DA:81,17
DA:82,17
DA:83,17
DA:84,17
DA:85,17
DA:86,17
DA:87,17
DA:88,17
DA:89,17
DA:90,17
DA:91,17
DA:92,17
DA:93,17
DA:94,17
DA:95,17
DA:96,17
DA:97,17
DA:98,17
LF:98
LH:98
BRDA:11,0,0,34
BRDA:15,1,0,21
BRDA:16,2,0,16
BRDA:17,3,0,5
BRDA:20,4,0,5
BRDA:24,5,0,17
BRDA:28,6,0,1
BRDA:32,7,0,15
BRDA:38,8,0,1
BRDA:38,9,0,14
BRDA:44,10,0,2
BRDA:49,11,0,4
BRDA:49,12,0,4
BRDA:49,13,0,3
BRDA:54,14,0,14
BRDA:57,15,0,13
BRDA:59,16,0,1
BRDA:62,17,0,14
BRDA:63,18,0,2
BRDA:64,19,0,1
BRDA:64,20,0,1
BRDA:68,21,0,0
BRDA:68,22,0,0
BRDA:70,23,0,12
BRDA:72,24,0,3
BRDA:75,25,0,0
BRDA:80,26,0,10
BRDA:81,27,0,2
BRDA:82,28,0,1
BRDA:83,29,0,1
BRDA:84,30,0,1
BRF:31
BRH:28
end_of_record
TN:
SF:src\composables\useAuthAPI.js
FN:9,useAuthAPI
FN:17,register
FN:24,login
FN:31,logout
FN:40,getMe
FN:46,updateProfile
FN:52,changePassword
FN:58,forgotPassword
FN:62,resetPassword
FN:66,initFromToken
FNF:10
FNH:10
FNDA:21,useAuthAPI
FNDA:2,register
FNDA:2,login
FNDA:2,logout
FNDA:3,getMe
FNDA:1,updateProfile
FNDA:1,changePassword
FNDA:1,forgotPassword
FNDA:1,resetPassword
FNDA:3,initFromToken
DA:1,1
DA:2,1
DA:3,1
DA:4,1
DA:5,1
DA:6,1
DA:7,1
DA:8,1
DA:9,1
DA:10,21
DA:11,21
DA:12,21
DA:13,21
DA:14,21
DA:15,21
DA:16,21
DA:17,21
DA:18,2
DA:19,2
DA:20,2
DA:21,1
DA:22,2
DA:23,21
DA:24,21
DA:25,2
DA:26,2
DA:27,2
DA:28,1
DA:29,2
DA:30,21
DA:31,21
DA:32,2
DA:33,2
DA:34,2
DA:35,2
DA:36,2
DA:37,2
DA:38,2
DA:39,21
DA:40,21
DA:41,3
DA:42,3
DA:43,2
DA:44,3
DA:45,21
DA:46,21
DA:47,1
DA:48,1
DA:49,1
DA:50,1
DA:51,21
DA:52,21
DA:53,1
DA:54,1
DA:55,1
DA:56,1
DA:57,21
DA:58,21
DA:59,1
DA:60,1
DA:61,21
DA:62,21
DA:63,1
DA:64,1
DA:65,21
DA:66,21
DA:67,3
DA:68,2
DA:69,2
DA:70,3
DA:71,21
DA:72,21
DA:73,21
DA:74,21
DA:75,21
DA:76,21
DA:77,21
DA:78,21
DA:79,21
DA:80,21
DA:81,21
DA:82,21
DA:83,21
DA:84,21
DA:85,21
DA:86,21
DA:87,21
DA:88,21
DA:89,21
LF:89
LH:89
BRDA:9,0,0,21
BRDA:13,1,0,3
BRDA:14,2,0,1
BRDA:15,3,0,1
BRDA:17,4,0,2
BRDA:19,5,0,1
BRDA:19,6,0,1
BRDA:20,7,0,1
BRDA:24,8,0,2
BRDA:26,9,0,1
BRDA:26,10,0,1
BRDA:27,11,0,1
BRDA:31,12,0,2
BRDA:34,13,0,1
BRDA:40,14,0,3
BRDA:42,15,0,2
BRDA:42,16,0,2
BRDA:46,17,0,1
BRDA:52,18,0,1
BRDA:58,19,0,1
BRDA:62,20,0,1
BRDA:66,21,0,3
BRDA:67,22,0,2
BRDA:68,23,0,1
BRF:24
BRH:24
end_of_record
TN:
SF:src\composables\useCVAPI.js
FN:10,useCVAPI
FN:17,getCVs
FN:24,getCV
FN:32,createCV
FN:37,updateCV
FN:42,deleteCV
FN:48,cloneCV
FN:54,exportCV
FN:62,importCV
FN:67,getShareSettings
FN:71,updateShareSettings
FN:75,regenerateShareUrl
FNF:12
FNH:12
FNDA:25,useCVAPI
FNDA:3,getCVs
FNDA:2,getCV
FNDA:2,createCV
FNDA:2,updateCV
FNDA:1,deleteCV
FNDA:2,cloneCV
FNDA:2,exportCV
FNDA:3,importCV
FNDA:1,getShareSettings
FNDA:1,updateShareSettings
FNDA:1,regenerateShareUrl
DA:1,1
DA:2,1
DA:3,1
DA:4,1
DA:5,1
DA:6,1
DA:7,1
DA:8,1
DA:9,1
DA:10,1
DA:11,25
DA:12,25
DA:13,25
DA:14,25
DA:15,25
DA:16,25
DA:17,25
DA:18,3
DA:19,3
DA:20,3
DA:21,3
DA:22,3
DA:23,25
DA:24,25
DA:25,2
DA:26,2
DA:27,1
DA:28,1
DA:29,1
DA:30,2
DA:31,25
DA:32,25
DA:33,2
DA:34,2
DA:35,2
DA:36,25
DA:37,25
DA:38,2
DA:39,2
DA:40,2
DA:41,25
DA:42,25
DA:43,1
DA:44,1
DA:45,1
DA:46,1
DA:47,25
DA:48,25
DA:49,2
DA:50,2
DA:51,2
DA:52,2
DA:53,25
DA:54,25
DA:55,2
DA:56,2
DA:57,1
DA:58,1
DA:59,1
DA:60,2
DA:61,25
DA:62,25
DA:63,3
DA:64,3
DA:65,3
DA:66,25
DA:67,25
DA:68,1
DA:69,1
DA:70,25
DA:71,25
DA:72,1
DA:73,1
DA:74,25
DA:75,25
DA:76,1
DA:77,1
DA:78,25
DA:79,25
DA:80,25
DA:81,25
DA:82,25
DA:83,25
DA:84,25
DA:85,25
DA:86,25
DA:87,25
DA:88,25
DA:89,25
DA:90,25
DA:91,25
DA:92,25
DA:93,25
DA:94,25
DA:95,25
DA:96,25
DA:97,25
LF:97
LH:97
BRDA:10,0,0,25
BRDA:14,1,0,1
BRDA:15,2,0,1
BRDA:17,3,0,3
BRDA:19,4,0,1
BRDA:19,5,0,2
BRDA:20,6,0,2
BRDA:24,7,0,2
BRDA:26,8,0,1
BRDA:26,9,0,1
BRDA:32,10,0,2
BRDA:33,11,0,1
BRDA:33,12,0,1
BRDA:37,13,0,2
BRDA:38,14,0,1
BRDA:38,15,0,1
BRDA:42,16,0,1
BRDA:44,17,0,3
BRDA:48,18,0,2
BRDA:50,19,0,1
BRDA:54,20,0,2
BRDA:56,21,0,1
BRDA:56,22,0,1
BRDA:62,23,0,3
BRDA:63,24,0,2
BRDA:63,25,0,2
BRDA:63,26,0,1
BRDA:67,27,0,1
BRDA:71,28,0,1
BRDA:75,29,0,1
BRF:30
BRH:30
end_of_record
TN:
SF:src\composables\useEditor.js
FN:12,useEditor
FN:44,toggleEditor
FN:48,setActiveTab
FN:52,updateField
FN:69,updateArrayItem
FN:81,addArrayItem
FN:87,removeArrayItem
FN:93,moveArrayItem
FN:100,saveToHistory
FN:114,undo
FN:123,redo
FN:132,saveChanges
FN:152,resetToDefault
FN:164,exportData
FN:177,loadCvData
FN:186,importData
FN:207,calculateCompletion
FN:262,updatePersonalInfo
FN:268,addExperience
FN:272,removeExperience
FN:276,addEducation
FN:280,removeEducation
FN:284,addSkill
FN:295,removeSkill
FN:305,setTemplate
FN:310,saveCV
FN:314,resetCV
FNF:27
FNH:16
FNDA:10,useEditor
FNDA:0,toggleEditor
FNDA:0,setActiveTab
FNDA:5,updateField
FNDA:0,updateArrayItem
FNDA:3,addArrayItem
FNDA:1,removeArrayItem
FNDA:0,moveArrayItem
FNDA:9,saveToHistory
FNDA:0,undo
FNDA:0,redo
FNDA:1,saveChanges
FNDA:1,resetToDefault
FNDA:0,exportData
FNDA:0,loadCvData
FNDA:0,importData
FNDA:0,calculateCompletion
FNDA:2,updatePersonalInfo
FNDA:2,addExperience
FNDA:1,removeExperience
FNDA:1,addEducation
FNDA:0,removeEducation
FNDA:4,addSkill
FNDA:1,removeSkill
FNDA:2,setTemplate
FNDA:1,saveCV
FNDA:1,resetCV
DA:1,1
DA:2,1
DA:3,1
DA:4,1
DA:5,1
DA:6,1
DA:7,1
DA:8,1
DA:9,1
DA:10,1
DA:11,1
DA:12,1
DA:13,10
DA:14,10
DA:15,10
DA:16,10
DA:17,10
DA:18,10
DA:19,10
DA:20,10
DA:21,10
DA:22,10
DA:23,10
DA:24,10
DA:25,10
DA:26,10
DA:27,10
DA:28,10
DA:29,10
DA:30,10
DA:31,10
DA:32,10
DA:33,10
DA:34,10
DA:35,10
DA:36,10
DA:37,10
DA:38,10
DA:39,10
DA:40,10
DA:41,10
DA:42,10
DA:43,10
DA:44,10
DA:45,0
DA:46,0
DA:47,10
DA:48,10
DA:49,0
DA:50,0
DA:51,10
DA:52,10
DA:53,5
DA:54,5
DA:55,5
DA:56,0
DA:57,0
DA:58,0
DA:59,0
DA:60,0
DA:61,0
DA:62,5
DA:63,5
DA:64,5
DA:65,5
DA:66,5
DA:67,5
DA:68,10
DA:69,10
DA:70,0
DA:71,0
DA:72,0
DA:73,0
DA:74,0
DA:75,0
DA:76,0
DA:77,0
DA:78,0
DA:79,0
DA:80,10
DA:81,10
DA:82,3
DA:83,3
DA:84,3
DA:85,3
DA:86,10
DA:87,10
DA:88,1
DA:89,1
DA:90,1
DA:91,1
DA:92,10
DA:93,10
DA:94,0
DA:95,0
DA:96,0
DA:97,0
DA:98,0
DA:99,10
DA:100,10
DA:101,9
DA:102,0
DA:103,0
DA:104,9
DA:105,9
DA:106,9
DA:107,9
DA:108,0
DA:109,9
DA:110,9
DA:111,9
DA:112,9
DA:113,10
DA:114,10
DA:115,0
DA:116,0
DA:117,0
DA:118,0
DA:119,0
DA:120,0
DA:121,0
DA:122,10
DA:123,10
DA:124,0
DA:125,0
DA:126,0
DA:127,0
DA:128,0
DA:129,0
DA:130,0
DA:131,10
DA:132,10
DA:133,1
DA:134,1
DA:135,1
DA:136,1
DA:137,0
DA:138,0
DA:139,0
DA:140,0
DA:141,0
DA:142,0
DA:143,0
DA:144,0
DA:145,0
DA:146,0
DA:147,0
DA:148,0
DA:149,0
DA:150,1
DA:151,10
DA:152,10
DA:153,1
DA:154,1
DA:155,1
DA:156,1
DA:157,1
DA:158,0
DA:159,0
DA:160,0
DA:161,0
DA:162,1
DA:163,10
DA:164,10
DA:165,0
DA:166,0
DA:167,0
DA:168,0
DA:169,0
DA:170,0
DA:171,0
DA:172,0
DA:173,0
DA:174,0
DA:175,0
DA:176,10
DA:177,10
DA:178,0
DA:179,0
DA:180,0
DA:181,0
DA:182,0
DA:183,0
DA:184,0
DA:185,10
DA:186,10
DA:187,0
DA:188,0
DA:189,0
DA:190,0
DA:191,0
DA:192,0
DA:193,0
DA:194,0
DA:195,0
DA:196,0
DA:197,0
DA:198,0
DA:199,0
DA:200,0
DA:201,0
DA:202,0
DA:203,0
DA:204,0
DA:205,0
DA:206,10
DA:207,10
DA:208,0
DA:209,0
DA:210,0
DA:211,0
DA:212,0
DA:213,0
DA:214,0
DA:215,0
DA:216,0
DA:217,0
DA:218,0
DA:219,0
DA:220,0
DA:221,0
DA:222,0
DA:223,0
DA:224,0
DA:225,0
DA:226,0
DA:227,0
DA:228,0
DA:229,0
DA:230,0
DA:231,0
DA:232,0
DA:233,0
DA:234,0
DA:235,0
DA:236,0
DA:237,0
DA:238,0
DA:239,0
DA:240,0
DA:241,0
DA:242,0
DA:243,0
DA:244,0
DA:245,0
DA:246,0
DA:247,10
DA:248,10
DA:249,8
DA:250,8
DA:251,0
DA:252,8
DA:253,8
DA:254,8
DA:255,8
DA:256,10
DA:257,10
DA:258,10
DA:259,10
DA:260,10
DA:261,10
DA:262,10
DA:263,2
DA:264,5
DA:265,2
DA:266,2
DA:267,10
DA:268,10
DA:269,2
DA:270,2
DA:271,10
DA:272,10
DA:273,1
DA:274,1
DA:275,10
DA:276,10
DA:277,1
DA:278,1
DA:279,10
DA:280,10
DA:281,0
DA:282,0
DA:283,10
DA:284,10
DA:285,4
DA:286,0
DA:287,0
DA:288,4
DA:289,0
DA:290,0
DA:291,4
DA:292,4
DA:293,4
DA:294,10
DA:295,10
DA:296,1
DA:297,1
DA:298,1
DA:299,1
DA:300,1
DA:301,1
DA:302,1
DA:303,1
DA:304,10
DA:305,10
DA:306,2
DA:307,2
DA:308,2
DA:309,10
DA:310,10
DA:311,1
DA:312,1
DA:313,10
DA:314,10
DA:315,1
DA:316,1
DA:317,10
DA:318,10
DA:319,10
DA:320,10
DA:321,10
DA:322,10
DA:323,10
DA:324,10
DA:325,10
DA:326,10
DA:327,10
DA:328,10
DA:329,10
DA:330,10
DA:331,10
DA:332,10
DA:333,10
DA:334,10
DA:335,10
DA:336,10
DA:337,10
DA:338,10
DA:339,10
DA:340,10
DA:341,10
DA:342,10
DA:343,10
DA:344,10
DA:345,10
DA:346,10
DA:347,10
DA:348,10
DA:349,10
DA:350,10
DA:351,10
DA:352,10
DA:353,10
DA:354,10
DA:355,10
LF:355
LH:213
BRDA:12,0,0,10
BRDA:16,1,0,0
BRDA:18,2,0,0
BRDA:52,3,0,5
BRDA:55,4,0,0
BRDA:81,5,0,3
BRDA:87,6,0,1
BRDA:100,7,0,9
BRDA:101,8,0,0
BRDA:107,9,0,0
BRDA:132,10,0,1
BRDA:137,11,0,0
BRDA:136,12,0,1
BRDA:152,13,0,1
BRDA:157,14,0,0
BRDA:248,15,0,8
BRDA:262,16,0,2
BRDA:263,17,0,5
BRDA:268,18,0,2
BRDA:272,19,0,1
BRDA:276,20,0,1
BRDA:284,21,0,4
BRDA:285,22,0,0
BRDA:288,23,0,0
BRDA:295,24,0,1
BRDA:297,25,0,7
BRDA:305,26,0,2
BRDA:310,27,0,1
BRDA:314,28,0,1
BRF:29
BRH:20
end_of_record
TN:
SF:src\composables\useI18n.js
FN:16,useI18n
FN:20,t
FN:31,setLocale
FN:38,toggleLocale
FN:44,setLanguage
FN:45,getCurrentLanguage
FNF:6
FNH:5
FNDA:6,useI18n
FNDA:6,t
FNDA:4,setLocale
FNDA:0,toggleLocale
FNDA:4,setLanguage
FNDA:4,getCurrentLanguage
DA:1,1
DA:2,1
DA:3,1
DA:4,1
DA:5,1
DA:6,1
DA:7,1
DA:8,1
DA:9,1
DA:10,1
DA:11,1
DA:12,1
DA:13,1
DA:14,1
DA:15,1
DA:16,1
DA:17,6
DA:18,6
DA:19,6
DA:20,6
DA:21,6
DA:22,6
DA:23,6
DA:24,12
DA:25,12
DA:26,12
DA:27,6
DA:28,4
DA:29,6
DA:30,6
DA:31,6
DA:32,4
DA:33,4
DA:34,4
DA:35,4
DA:36,4
DA:37,6
DA:38,6
DA:39,0
DA:40,0
DA:41,0
DA:42,6
DA:43,6
DA:44,6
DA:45,6
DA:46,6
DA:47,6
DA:48,6
DA:49,6
DA:50,6
DA:51,6
DA:52,6
DA:53,6
DA:54,6
DA:55,6
DA:56,6
DA:57,6
LF:57
LH:54
BRDA:16,0,0,6
BRDA:17,1,0,5
BRDA:18,2,0,3
BRDA:18,3,0,0
BRDA:20,4,0,6
BRDA:23,5,0,12
BRDA:25,6,0,2
BRDA:27,7,0,4
BRDA:27,8,0,0
BRDA:28,9,0,4
BRDA:31,10,0,4
BRDA:32,11,0,0
BRDA:44,12,0,4
BRDA:45,13,0,4
BRF:14
BRH:11
end_of_record
TN:
SF:src\composables\useLocalStorage.js
FN:7,useLocalStorage
FN:10,setItem
FN:18,getItem
FN:28,removeItem
FN:36,clear
FN:53,getStoredValue
FN:65,setValue
FN:74,removeValue
FN:85,__vite_ssr_import_0__.watch.deep
FNF:9
FNH:6
FNDA:16,useLocalStorage
FNDA:6,setItem
FNDA:5,getItem
FNDA:1,removeItem
FNDA:1,clear
FNDA:10,getStoredValue
FNDA:0,setValue
FNDA:0,removeValue
FNDA:0,__vite_ssr_import_0__.watch.deep
DA:1,1
DA:2,1
DA:3,1
DA:4,1
DA:5,1
DA:6,1
DA:7,1
DA:8,16
DA:9,16
DA:10,6
DA:11,6
DA:12,6
DA:13,6
DA:14,0
DA:15,0
DA:16,6
DA:17,6
DA:18,6
DA:19,5
DA:20,5
DA:21,5
DA:22,5
DA:23,0
DA:24,0
DA:25,0
DA:26,5
DA:27,6
DA:28,6
DA:29,1
DA:30,1
DA:31,1
DA:32,0
DA:33,0
DA:34,1
DA:35,6
DA:36,6
DA:37,1
DA:38,1
DA:39,1
DA:40,0
DA:41,0
DA:42,1
DA:43,6
DA:44,6
DA:45,6
DA:46,6
DA:47,6
DA:48,6
DA:49,6
DA:50,6
DA:51,10
DA:52,10
DA:53,10
DA:54,10
DA:55,10
DA:56,10
DA:57,10
DA:58,0
DA:59,0
DA:60,0
DA:61,10
DA:62,10
DA:63,10
DA:64,10
DA:65,10
DA:66,0
DA:67,0
DA:68,0
DA:69,0
DA:70,0
DA:71,0
DA:72,0
DA:73,10
DA:74,10
DA:75,0
DA:76,0
DA:77,0
DA:78,0
DA:79,0
DA:80,0
DA:81,0
DA:82,10
DA:83,10
DA:84,10
DA:85,10
DA:86,0
DA:87,10
DA:88,10
DA:89,10
DA:90,10
DA:91,10
DA:92,10
DA:93,0
DA:94,0
DA:95,0
DA:96,10
DA:97,10
DA:98,10
DA:99,10
DA:100,10
DA:101,10
DA:102,10
DA:103,10
DA:104,10
LF:104
LH:74
BRDA:7,0,0,16
BRDA:9,1,0,6
BRDA:51,2,0,10
BRDA:10,3,0,6
BRDA:13,4,0,0
BRDA:18,5,0,5
BRDA:21,6,0,3
BRDA:21,7,0,2
BRDA:22,8,0,0
BRDA:28,9,0,1
BRDA:31,10,0,0
BRDA:36,11,0,1
BRDA:39,12,0,0
BRDA:53,13,0,10
BRDA:56,14,0,0
BRDA:57,15,0,0
BRF:16
BRH:10
end_of_record
TN:
SF:src\composables\usePdfGenerator.js
FN:1,(empty-report)
FNF:1
FNH:0
FNDA:0,(empty-report)
DA:1,0
DA:2,0
DA:3,0
DA:4,0
DA:5,0
DA:6,0
DA:7,0
DA:8,0
DA:9,0
DA:10,0
DA:11,0
DA:12,0
DA:13,0
DA:14,0
DA:15,0
DA:16,0
DA:17,0
DA:18,0
DA:19,0
DA:20,0
DA:21,0
DA:22,0
DA:23,0
DA:24,0
DA:25,0
DA:26,0
DA:27,0
DA:28,0
DA:29,0
DA:30,0
DA:31,0
DA:32,0
DA:33,0
DA:34,0
DA:35,0
DA:36,0
DA:37,0
DA:38,0
DA:39,0
DA:40,0
DA:41,0
DA:42,0
DA:43,0
DA:44,0
DA:45,0
DA:46,0
DA:47,0
DA:48,0
DA:49,0
DA:50,0
DA:51,0
DA:52,0
DA:53,0
DA:54,0
DA:55,0
DA:56,0
DA:57,0
DA:58,0
DA:59,0
DA:60,0
DA:61,0
DA:62,0
DA:63,0
DA:64,0
DA:65,0
DA:66,0
DA:67,0
LF:67
LH:0
BRDA:1,0,0,0
BRF:1
BRH:0
end_of_record
TN:
SF:src\composables\usePresentation.js
FN:1,(empty-report)
FNF:1
FNH:0
FNDA:0,(empty-report)
DA:1,0
DA:2,0
DA:3,0
DA:4,0
DA:5,0
DA:6,0
DA:7,0
DA:8,0
DA:9,0
DA:10,0
DA:11,0
DA:12,0
DA:13,0
DA:14,0
DA:15,0
DA:16,0
DA:17,0
DA:18,0
DA:19,0
DA:20,0
DA:21,0
DA:22,0
DA:23,0
DA:24,0
DA:25,0
DA:26,0
DA:27,0
DA:28,0
DA:29,0
DA:30,0
DA:31,0
DA:32,0
DA:33,0
DA:34,0
DA:35,0
DA:36,0
DA:37,0
DA:38,0
DA:39,0
DA:40,0
DA:41,0
DA:42,0
DA:43,0
DA:44,0
DA:45,0
DA:46,0
DA:47,0
DA:48,0
DA:49,0
DA:50,0
DA:51,0
DA:52,0
DA:53,0
DA:54,0
DA:55,0
DA:56,0
DA:57,0
DA:58,0
DA:59,0
DA:60,0
DA:61,0
DA:62,0
DA:63,0
DA:64,0
DA:65,0
DA:66,0
DA:67,0
DA:68,0
DA:69,0
DA:70,0
DA:71,0
DA:72,0
DA:73,0
DA:74,0
DA:75,0
DA:76,0
DA:77,0
DA:78,0
DA:79,0
DA:80,0
DA:81,0
DA:82,0
DA:83,0
DA:84,0
DA:85,0
DA:86,0
DA:87,0
DA:88,0
DA:89,0
DA:90,0
DA:91,0
DA:92,0
DA:93,0
DA:94,0
DA:95,0
DA:96,0
DA:97,0
DA:98,0
DA:99,0
DA:100,0
DA:101,0
DA:102,0
DA:103,0
DA:104,0
DA:105,0
DA:106,0
DA:107,0
DA:108,0
DA:109,0
DA:110,0
DA:111,0
LF:111
LH:0
BRDA:1,0,0,0
BRF:1
BRH:0
end_of_record
TN:
SF:src\composables\useScrollAnimations.js
FN:1,(empty-report)
FNF:1
FNH:0
FNDA:0,(empty-report)
DA:1,0
DA:2,0
DA:3,0
DA:4,0
DA:5,0
DA:6,0
DA:7,0
DA:8,0
DA:9,0
DA:10,0
DA:11,0
DA:12,0
DA:13,0
DA:14,0
DA:15,0
DA:16,0
DA:17,0
DA:18,0
DA:19,0
DA:20,0
DA:21,0
DA:22,0
DA:23,0
DA:24,0
DA:25,0
DA:26,0
DA:27,0
DA:28,0
DA:29,0
DA:30,0
DA:31,0
DA:32,0
DA:33,0
DA:34,0
DA:35,0
DA:36,0
DA:37,0
DA:38,0
DA:39,0
DA:40,0
DA:41,0
DA:42,0
DA:43,0
DA:44,0
DA:45,0
DA:46,0
DA:47,0
DA:48,0
DA:49,0
DA:50,0
DA:51,0
DA:52,0
DA:53,0
DA:54,0
DA:55,0
DA:56,0
DA:57,0
DA:58,0
DA:59,0
DA:60,0
DA:61,0
DA:62,0
LF:62
LH:0
BRDA:1,0,0,0
BRF:1
BRH:0
end_of_record
TN:
SF:src\composables\useShareAPI.js
FN:10,useShareAPI
FN:17,getPublicCV
FN:27,verifyPassword
FN:32,downloadPublicCV
FN:38,clearCV
FNF:5
FNH:5
FNDA:17,useShareAPI
FNDA:4,getPublicCV
FNDA:4,verifyPassword
FNDA:4,downloadPublicCV
FNDA:3,clearCV
DA:1,1
DA:2,1
DA:3,1
DA:4,1
DA:5,1
DA:6,1
DA:7,1
DA:8,1
DA:9,1
DA:10,1
DA:11,17
DA:12,17
DA:13,17
DA:14,17
DA:15,17
DA:16,17
DA:17,17
DA:18,4
DA:19,4
DA:20,4
DA:21,2
DA:22,2
DA:23,2
DA:24,1
DA:25,4
DA:26,17
DA:27,17
DA:28,4
DA:29,4
DA:30,4
DA:31,17
DA:32,17
DA:33,4
DA:34,4
DA:35,3
DA:36,4
DA:37,17
DA:38,17
DA:39,3
DA:40,3
DA:41,17
DA:42,17
DA:43,17
DA:44,17
DA:45,17
DA:46,17
DA:47,17
DA:48,17
DA:49,17
DA:50,17
DA:51,17
LF:51
LH:51
BRDA:10,0,0,17
BRDA:14,1,0,1
BRDA:15,2,0,1
BRDA:17,3,0,4
BRDA:18,4,0,1
BRDA:18,5,0,3
BRDA:20,6,0,3
BRDA:20,7,0,2
BRDA:24,8,0,1
BRDA:27,9,0,4
BRDA:29,10,0,3
BRDA:29,11,0,2
BRDA:29,12,0,2
BRDA:32,13,0,4
BRDA:33,14,0,1
BRDA:33,15,0,3
BRDA:35,16,0,3
BRDA:38,17,0,3
BRF:18
BRH:18
end_of_record
TN:
SF:src\data\cvData.js
FNF:0
FNH:0
DA:1,1
DA:2,1
DA:3,1
DA:4,1
DA:5,1
DA:6,1
DA:7,1
DA:8,1
DA:9,1
DA:10,1
DA:11,1
DA:12,1
DA:13,1
DA:14,1
DA:15,1
DA:16,1
DA:17,1
DA:18,1
DA:19,1
DA:20,1
DA:21,1
DA:22,1
DA:23,1
DA:24,1
DA:25,1
DA:26,1
DA:27,1
DA:28,1
DA:29,1
DA:30,1
DA:31,1
DA:32,1
DA:33,1
DA:34,1
DA:35,1
DA:36,1
DA:37,1
DA:38,1
DA:39,1
DA:40,1
DA:41,1
DA:42,1
DA:43,1
DA:44,1
DA:45,1
DA:46,1
DA:47,1
DA:48,1
DA:49,1
DA:50,1
DA:51,1
DA:52,1
DA:53,1
DA:54,1
DA:55,1
DA:56,1
DA:57,1
DA:58,1
DA:59,1
DA:60,1
DA:61,1
DA:62,1
DA:63,1
DA:64,1
DA:65,1
DA:66,1
DA:67,1
DA:68,1
DA:69,1
DA:70,1
DA:71,1
DA:72,1
DA:73,1
DA:74,1
DA:75,1
DA:76,1
DA:77,1
DA:78,1
DA:79,1
DA:80,1
DA:81,1
DA:82,1
DA:83,1
DA:84,1
DA:85,1
DA:86,1
DA:87,1
DA:88,1
DA:89,1
DA:90,1
DA:91,1
DA:92,1
DA:93,1
DA:94,1
DA:95,1
DA:96,1
DA:97,1
DA:98,1
DA:99,1
DA:100,1
DA:101,1
DA:102,1
DA:103,1
DA:104,1
DA:105,1
DA:106,1
DA:107,1
DA:108,1
DA:109,1
DA:110,1
DA:111,1
DA:112,1
DA:113,1
DA:114,1
DA:115,1
DA:116,1
DA:117,1
DA:118,1
DA:119,1
DA:120,1
DA:121,1
DA:122,1
DA:123,1
DA:124,1
DA:125,1
DA:126,1
DA:127,1
DA:128,1
DA:129,1
DA:130,1
DA:131,1
DA:132,1
DA:133,1
DA:134,1
DA:135,1
DA:136,1
DA:137,1
DA:138,1
DA:139,1
DA:140,1
DA:141,1
DA:142,1
DA:143,1
DA:144,1
DA:145,1
DA:146,1
DA:147,1
DA:148,1
DA:149,1
DA:150,1
DA:151,1
DA:152,1
DA:153,1
DA:154,1
DA:155,1
DA:156,1
DA:157,1
DA:158,1
DA:159,1
DA:160,1
DA:161,1
DA:162,1
DA:163,1
DA:164,1
DA:165,1
DA:166,1
DA:167,1
DA:168,1
DA:169,1
DA:170,1
DA:171,1
DA:172,1
DA:173,1
DA:174,1
DA:175,1
DA:176,1
DA:177,1
DA:178,1
DA:179,1
DA:180,1
DA:181,1
DA:182,1
DA:183,1
DA:184,1
DA:185,1
DA:186,1
DA:187,1
DA:188,1
DA:189,1
DA:190,1
DA:191,1
DA:192,1
DA:193,1
DA:194,1
DA:195,1
DA:196,1
DA:197,1
DA:198,1
DA:199,1
DA:200,1
DA:201,1
DA:202,1
DA:203,1
DA:204,1
DA:205,1
DA:206,1
DA:207,1
DA:208,1
DA:209,1
DA:210,1
DA:211,1
DA:212,1
DA:213,1
DA:214,1
DA:215,1
DA:216,1
DA:217,1
DA:218,1
DA:219,1
DA:220,1
DA:221,1
DA:222,1
DA:223,1
DA:224,1
DA:225,1
DA:226,1
DA:227,1
DA:228,1
DA:229,1
DA:230,1
DA:231,1
DA:232,1
DA:233,1
DA:234,1
DA:235,1
DA:236,1
DA:237,1
DA:238,1
DA:239,1
DA:240,1
DA:241,1
DA:242,1
DA:243,1
DA:244,1
DA:245,1
DA:246,1
DA:247,1
DA:248,1
DA:249,1
DA:250,1
DA:251,1
DA:252,1
DA:253,1
DA:254,1
DA:255,1
DA:256,1
DA:257,1
DA:258,1
DA:259,1
DA:260,1
DA:261,1
DA:262,1
DA:263,1
DA:264,1
LF:264
LH:264
BRF:0
BRH:0
end_of_record
TN:
SF:src\i18n\en.js
FNF:0
FNH:0
DA:1,1
DA:2,1
DA:3,1
DA:4,1
DA:5,1
DA:6,1
DA:7,1
DA:8,1
DA:9,1
LF:9
LH:9
BRF:0
BRH:0
end_of_record
TN:
SF:src\i18n\es.js
FNF:0
FNH:0
DA:1,1
DA:2,1
DA:3,1
DA:4,1
DA:5,1
DA:6,1
DA:7,1
DA:8,1
DA:9,1
LF:9
LH:9
BRF:0
BRH:0
end_of_record
TN:
SF:src\router\index.js
FN:1,(empty-report)
FNF:1
FNH:0
FNDA:0,(empty-report)
DA:1,0
DA:2,0
DA:3,0
DA:4,0
DA:5,0
DA:6,0
DA:7,0
DA:8,0
DA:9,0
DA:10,0
DA:11,0
DA:12,0
DA:13,0
DA:14,0
DA:15,0
DA:16,0
DA:17,0
DA:18,0
DA:19,0
DA:20,0
DA:21,0
DA:22,0
DA:23,0
DA:24,0
DA:25,0
DA:26,0
DA:27,0
DA:28,0
DA:29,0
DA:30,0
DA:31,0
DA:32,0
DA:33,0
DA:34,0
DA:35,0
DA:36,0
DA:37,0
DA:38,0
DA:39,0
DA:40,0
DA:41,0
DA:42,0
DA:43,0
DA:44,0
DA:45,0
DA:46,0
DA:47,0
DA:48,0
DA:49,0
DA:50,0
DA:51,0
DA:52,0
DA:53,0
DA:54,0
DA:55,0
DA:56,0
DA:57,0
DA:58,0
DA:59,0
DA:60,0
DA:61,0
DA:62,0
LF:62
LH:0
BRDA:1,0,0,0
BRF:1
BRH:0
end_of_record
TN:
SF:src\utils\cvMapper.js
FN:1,(empty-report)
FNF:1
FNH:0
FNDA:0,(empty-report)
DA:1,0
DA:2,0
DA:3,0
DA:4,0
DA:5,0
DA:6,0
DA:7,0
DA:8,0
DA:9,0
DA:10,0
DA:11,0
DA:12,0
DA:13,0
DA:14,0
DA:15,0
DA:16,0
DA:17,0
DA:18,0
DA:19,0
DA:20,0
DA:21,0
DA:22,0
DA:23,0
DA:24,0
DA:25,0
DA:26,0
DA:27,0
DA:28,0
DA:29,0
DA:30,0
DA:31,0
DA:32,0
DA:33,0
DA:34,0
DA:35,0
DA:36,0
DA:37,0
DA:38,0
DA:39,0
DA:40,0
DA:41,0
DA:42,0
DA:43,0
DA:44,0
DA:45,0
DA:46,0
DA:47,0
DA:48,0
DA:49,0
DA:50,0
DA:51,0
DA:52,0
DA:53,0
DA:54,0
DA:55,0
DA:56,0
DA:57,0
DA:58,0
DA:59,0
DA:60,0
DA:61,0
DA:62,0
DA:63,0
DA:64,0
DA:65,0
DA:66,0
DA:67,0
DA:68,0
DA:69,0
DA:70,0
DA:71,0
DA:72,0
DA:73,0
DA:74,0
DA:75,0
DA:76,0
DA:77,0
DA:78,0
DA:79,0
DA:80,0
DA:81,0
DA:82,0
DA:83,0
DA:84,0
DA:85,0
DA:86,0
DA:87,0
DA:88,0
DA:89,0
DA:90,0
DA:91,0
DA:92,0
DA:93,0
DA:94,0
DA:95,0
DA:96,0
DA:97,0
DA:98,0
DA:99,0
DA:100,0
DA:101,0
DA:102,0
DA:103,0
DA:104,0
DA:105,0
DA:106,0
DA:107,0
DA:108,0
DA:109,0
DA:110,0
DA:111,0
DA:112,0
DA:113,0
DA:114,0
DA:115,0
DA:116,0
DA:117,0
DA:118,0
DA:119,0
DA:120,0
DA:121,0
DA:122,0
DA:123,0
DA:124,0
DA:125,0
DA:126,0
DA:127,0
DA:128,0
DA:129,0
DA:130,0
DA:131,0
DA:132,0
DA:133,0
DA:134,0
DA:135,0
DA:136,0
DA:137,0
DA:138,0
DA:139,0
DA:140,0
DA:141,0
DA:142,0
DA:143,0
DA:144,0
DA:145,0
DA:146,0
DA:147,0
DA:148,0
DA:149,0
DA:150,0
DA:151,0
DA:152,0
DA:153,0
DA:154,0
DA:155,0
DA:156,0
DA:157,0
DA:158,0
DA:159,0
DA:160,0
DA:161,0
DA:162,0
DA:163,0
DA:164,0
DA:165,0
DA:166,0
DA:167,0
DA:168,0
DA:169,0
DA:170,0
DA:171,0
DA:172,0
DA:173,0
DA:174,0
LF:174
LH:0
BRDA:1,0,0,0
BRF:1
BRH:0
end_of_record
TN:
SF:src\utils\presentationSlides.js
FN:1,(empty-report)
FNF:1
FNH:0
FNDA:0,(empty-report)
DA:1,0
DA:2,0
DA:3,0
DA:4,0
DA:5,0
DA:6,0
DA:7,0
DA:8,0
DA:9,0
DA:10,0
DA:11,0
DA:12,0
DA:13,0
DA:14,0
DA:15,0
DA:16,0
DA:17,0
DA:18,0
DA:19,0
DA:20,0
DA:21,0
DA:22,0
DA:23,0
DA:24,0
DA:25,0
DA:26,0
DA:27,0
DA:28,0
DA:29,0
DA:30,0
DA:31,0
DA:32,0
DA:33,0
DA:34,0
DA:35,0
DA:36,0
DA:37,0
DA:38,0
DA:39,0
DA:40,0
DA:41,0
DA:42,0
DA:43,0
DA:44,0
DA:45,0
DA:46,0
DA:47,0
DA:48,0
DA:49,0
DA:50,0
DA:51,0
DA:52,0
DA:53,0
DA:54,0
DA:55,0
DA:56,0
DA:57,0
DA:58,0
DA:59,0
DA:60,0
DA:61,0
DA:62,0
DA:63,0
DA:64,0
DA:65,0
DA:66,0
DA:67,0
DA:68,0
DA:69,0
DA:70,0
LF:70
LH:0
BRDA:1,0,0,0
BRF:1
BRH:0
end_of_record
