TN:
SF:src\composables\useI18n.js
FN:19,useI18n
FN:22,t
FN:33,setLocale
FN:40,toggleLocale
FN:46,setLanguage
FN:47,getCurrentLanguage
FNF:6
FNH:5
FNDA:6,useI18n
FNDA:6,t
FNDA:6,setLocale
FNDA:0,toggleLocale
FNDA:6,setLanguage
FNDA:4,getCurrentLanguage
DA:1,1
DA:2,1
DA:3,1
DA:4,1
DA:5,1
DA:6,1
DA:7,1
DA:8,1
DA:9,1
DA:10,1
DA:11,1
DA:12,1
DA:13,1
DA:14,1
DA:15,1
DA:16,1
DA:17,1
DA:18,1
DA:19,1
DA:20,6
DA:21,6
DA:22,6
DA:23,6
DA:24,6
DA:25,6
DA:26,12
DA:27,12
DA:28,12
DA:29,6
DA:30,4
DA:31,6
DA:32,6
DA:33,6
DA:34,6
DA:35,6
DA:36,6
DA:37,6
DA:38,6
DA:39,6
DA:40,6
DA:41,0
DA:42,0
DA:43,0
DA:44,6
DA:45,6
DA:46,6
DA:47,6
DA:48,6
DA:49,6
DA:50,6
DA:51,6
DA:52,6
DA:53,6
DA:54,6
DA:55,6
DA:56,6
DA:57,6
DA:58,6
DA:59,6
LF:59
LH:56
BRDA:19,0,0,6
BRDA:20,1,0,3
BRDA:20,2,0,0
BRDA:22,3,0,6
BRDA:25,4,0,12
BRDA:27,5,0,2
BRDA:29,6,0,4
BRDA:29,7,0,0
BRDA:30,8,0,4
BRDA:33,9,0,6
BRDA:34,10,0,0
BRDA:46,11,0,6
BRDA:47,12,0,4
BRF:13
BRH:10
end_of_record
TN:
SF:src\i18n\en.js
FNF:0
FNH:0
DA:1,1
DA:2,1
DA:3,1
DA:4,1
DA:5,1
DA:6,1
DA:7,1
DA:8,1
DA:9,1
DA:10,1
DA:11,1
DA:12,1
DA:13,1
DA:14,1
DA:15,1
DA:16,1
DA:17,1
DA:18,1
DA:19,1
DA:20,1
DA:21,1
DA:22,1
DA:23,1
DA:24,1
DA:25,1
DA:26,1
DA:27,1
DA:28,1
DA:29,1
DA:30,1
DA:31,1
DA:32,1
DA:33,1
DA:34,1
DA:35,1
DA:36,1
DA:37,1
DA:38,1
DA:39,1
DA:40,1
DA:41,1
DA:42,1
DA:43,1
DA:44,1
DA:45,1
DA:46,1
DA:47,1
DA:48,1
DA:49,1
LF:49
LH:49
BRF:0
BRH:0
end_of_record
TN:
SF:src\i18n\es.js
FNF:0
FNH:0
DA:1,1
DA:2,1
DA:3,1
DA:4,1
DA:5,1
DA:6,1
DA:7,1
DA:8,1
DA:9,1
DA:10,1
DA:11,1
DA:12,1
DA:13,1
DA:14,1
DA:15,1
DA:16,1
DA:17,1
DA:18,1
DA:19,1
DA:20,1
DA:21,1
DA:22,1
DA:23,1
DA:24,1
DA:25,1
DA:26,1
DA:27,1
DA:28,1
DA:29,1
DA:30,1
DA:31,1
DA:32,1
DA:33,1
DA:34,1
DA:35,1
DA:36,1
DA:37,1
DA:38,1
DA:39,1
DA:40,1
DA:41,1
DA:42,1
DA:43,1
DA:44,1
DA:45,1
DA:46,1
DA:47,1
DA:48,1
DA:49,1
LF:49
LH:49
BRF:0
BRH:0
end_of_record
